   1               		.file	"usart_driver.c"
   2               	__SP_H__ = 0x3e
   3               	__SP_L__ = 0x3d
   4               	__SREG__ = 0x3f
   5               	__RAMPZ__ = 0x3b
   6               	__CCP__ = 0x34
   7               	__tmp_reg__ = 0
   8               	__zero_reg__ = 1
   9               		.text
  10               	.Ltext0:
  11               		.cfi_sections	.debug_frame
  12               		.file 1 ".././hal//xmega/usart_driver.c"
  13               	.global	USART_InterruptDriver_Initialize
  15               	USART_InterruptDriver_Initialize:
  16               	.LVL0:
  17               	.LFB72:
   1:.././hal//xmega/usart_driver.c **** /* This file has been prepared for Doxygen automatic documentation generation.*/
   2:.././hal//xmega/usart_driver.c **** /*! \file *********************************************************************
   3:.././hal//xmega/usart_driver.c ****  *
   4:.././hal//xmega/usart_driver.c ****  * \brief
   5:.././hal//xmega/usart_driver.c ****  *      XMEGA USART driver source file.
   6:.././hal//xmega/usart_driver.c ****  *
   7:.././hal//xmega/usart_driver.c ****  *      This file contains the function implementations the XMEGA interrupt
   8:.././hal//xmega/usart_driver.c ****  *      and polled USART driver.
   9:.././hal//xmega/usart_driver.c ****  *
  10:.././hal//xmega/usart_driver.c ****  *      The driver is not intended for size and/or speed critical code, since
  11:.././hal//xmega/usart_driver.c ****  *      most functions are just a few lines of code, and the function call
  12:.././hal//xmega/usart_driver.c ****  *      overhead would decrease code performance. The driver is intended for
  13:.././hal//xmega/usart_driver.c ****  *      rapid prototyping and documentation purposes for getting started with
  14:.././hal//xmega/usart_driver.c ****  *      the XMEGA ADC module.
  15:.././hal//xmega/usart_driver.c ****  *
  16:.././hal//xmega/usart_driver.c ****  *      For size and/or speed critical code, it is recommended to copy the
  17:.././hal//xmega/usart_driver.c ****  *      function contents directly into your application instead of making
  18:.././hal//xmega/usart_driver.c ****  *      a function call.
  19:.././hal//xmega/usart_driver.c ****  *
  20:.././hal//xmega/usart_driver.c ****  *      Some functions use the following construct:
  21:.././hal//xmega/usart_driver.c ****  *          "some_register = ... | (some_parameter ? SOME_BIT_bm : 0) | ..."
  22:.././hal//xmega/usart_driver.c ****  *      Although the use of the ternary operator ( if ? then : else ) is discouraged,
  23:.././hal//xmega/usart_driver.c ****  *      in some occasions the operator makes it possible to write pretty clean and
  24:.././hal//xmega/usart_driver.c ****  *      neat code. In this driver, the construct is used to set or not set a
  25:.././hal//xmega/usart_driver.c ****  *      configuration bit based on a boolean input parameter, such as
  26:.././hal//xmega/usart_driver.c ****  *      the "some_parameter" in the example above.
  27:.././hal//xmega/usart_driver.c ****  *
  28:.././hal//xmega/usart_driver.c ****  * \par Application note:
  29:.././hal//xmega/usart_driver.c ****  *      AVR1307: Using the XMEGA USART
  30:.././hal//xmega/usart_driver.c ****  *
  31:.././hal//xmega/usart_driver.c ****  * \par Documentation
  32:.././hal//xmega/usart_driver.c ****  *      For comprehensive code documentation, supported compilers, compiler
  33:.././hal//xmega/usart_driver.c ****  *      settings and supported devices see readme.html
  34:.././hal//xmega/usart_driver.c ****  *
  35:.././hal//xmega/usart_driver.c ****  * \author
  36:.././hal//xmega/usart_driver.c ****  *      Atmel Corporation: http://www.atmel.com \n
  37:.././hal//xmega/usart_driver.c ****  *      Support email: avr@atmel.com
  38:.././hal//xmega/usart_driver.c ****  *
  39:.././hal//xmega/usart_driver.c ****  * $Revision: 1694 $
  40:.././hal//xmega/usart_driver.c ****  * $Date: 2008-07-29 14:21:58 +0200 (ti, 29 jul 2008) $  \n
  41:.././hal//xmega/usart_driver.c ****  *
  42:.././hal//xmega/usart_driver.c ****  * Copyright (c) 2008, Atmel Corporation All rights reserved.
  43:.././hal//xmega/usart_driver.c ****  *
  44:.././hal//xmega/usart_driver.c ****  * Redistribution and use in source and binary forms, with or without
  45:.././hal//xmega/usart_driver.c ****  * modification, are permitted provided that the following conditions are met:
  46:.././hal//xmega/usart_driver.c ****  *
  47:.././hal//xmega/usart_driver.c ****  * 1. Redistributions of source code must retain the above copyright notice,
  48:.././hal//xmega/usart_driver.c ****  * this list of conditions and the following disclaimer.
  49:.././hal//xmega/usart_driver.c ****  *
  50:.././hal//xmega/usart_driver.c ****  * 2. Redistributions in binary form must reproduce the above copyright notice,
  51:.././hal//xmega/usart_driver.c ****  * this list of conditions and the following disclaimer in the documentation
  52:.././hal//xmega/usart_driver.c ****  * and/or other materials provided with the distribution.
  53:.././hal//xmega/usart_driver.c ****  *
  54:.././hal//xmega/usart_driver.c ****  * 3. The name of ATMEL may not be used to endorse or promote products derived
  55:.././hal//xmega/usart_driver.c ****  * from this software without specific prior written permission.
  56:.././hal//xmega/usart_driver.c ****  *
  57:.././hal//xmega/usart_driver.c ****  * THIS SOFTWARE IS PROVIDED BY ATMEL "AS IS" AND ANY EXPRESS OR IMPLIED
  58:.././hal//xmega/usart_driver.c ****  * WARRANTIES, INCLUDING, BUT NOT LIMITED TO, THE IMPLIED WARRANTIES OF
  59:.././hal//xmega/usart_driver.c ****  * MERCHANTABILITY AND FITNESS FOR A PARTICULAR PURPOSE ARE EXPRESSLY AND
  60:.././hal//xmega/usart_driver.c ****  * SPECIFICALLY DISCLAIMED. IN NO EVENT SHALL ATMEL BE LIABLE FOR ANY DIRECT,
  61:.././hal//xmega/usart_driver.c ****  * INDIRECT, INCIDENTAL, SPECIAL, EXEMPLARY, OR CONSEQUENTIAL DAMAGES
  62:.././hal//xmega/usart_driver.c ****  * (INCLUDING, BUT NOT LIMITED TO, PROCUREMENT OF SUBSTITUTE GOODS OR SERVICES;
  63:.././hal//xmega/usart_driver.c ****  * LOSS OF USE, DATA, OR PROFITS; OR BUSINESS INTERRUPTION) HOWEVER CAUSED AND
  64:.././hal//xmega/usart_driver.c ****  * ON ANY THEORY OF LIABILITY, WHETHER IN CONTRACT, STRICT LIABILITY, OR TORT
  65:.././hal//xmega/usart_driver.c ****  * (INCLUDING NEGLIGENCE OR OTHERWISE) ARISING IN ANY WAY OUT OF THE USE OF
  66:.././hal//xmega/usart_driver.c ****  * THIS SOFTWARE, EVEN IF ADVISED OF THE POSSIBILITY OF SUCH DAMAGE.
  67:.././hal//xmega/usart_driver.c ****  *****************************************************************************/
  68:.././hal//xmega/usart_driver.c **** #include "usart_driver.h"
  69:.././hal//xmega/usart_driver.c **** 
  70:.././hal//xmega/usart_driver.c **** 
  71:.././hal//xmega/usart_driver.c **** 
  72:.././hal//xmega/usart_driver.c **** /*! \brief Initializes buffer and selects what USART module to use.
  73:.././hal//xmega/usart_driver.c ****  *
  74:.././hal//xmega/usart_driver.c ****  *  Initializes receive and transmit buffer and selects what USART module to use,
  75:.././hal//xmega/usart_driver.c ****  *  and stores the data register empty interrupt level.
  76:.././hal//xmega/usart_driver.c ****  *
  77:.././hal//xmega/usart_driver.c ****  *  \param usart_data           The USART_data_t struct instance.
  78:.././hal//xmega/usart_driver.c ****  *  \param usart                The USART module.
  79:.././hal//xmega/usart_driver.c ****  *  \param dreIntLevel          Data register empty interrupt level.
  80:.././hal//xmega/usart_driver.c ****  */
  81:.././hal//xmega/usart_driver.c **** void USART_InterruptDriver_Initialize(USART_data_t * usart_data,
  82:.././hal//xmega/usart_driver.c ****                                       USART_t * usart,
  83:.././hal//xmega/usart_driver.c ****                                       USART_DREINTLVL_t dreIntLevel)
  84:.././hal//xmega/usart_driver.c **** {
  18               		.loc 1 84 1 view -0
  19               		.cfi_startproc
  20               	/* prologue: function */
  21               	/* frame size = 0 */
  22               	/* stack size = 0 */
  23               	.L__stack_usage = 0
  24               		.loc 1 84 1 is_stmt 0 view .LVU1
  25 0000 FC01      		movw r30,r24
  85:.././hal//xmega/usart_driver.c **** 	usart_data->usart = usart;
  26               		.loc 1 85 2 is_stmt 1 view .LVU2
  27               		.loc 1 85 20 is_stmt 0 view .LVU3
  28 0002 6083      		st Z,r22
  29 0004 7183      		std Z+1,r23
  86:.././hal//xmega/usart_driver.c **** 	usart_data->dreIntLevel = dreIntLevel;
  30               		.loc 1 86 2 is_stmt 1 view .LVU4
  31               		.loc 1 86 26 is_stmt 0 view .LVU5
  32 0006 4283      		std Z+2,r20
  87:.././hal//xmega/usart_driver.c **** 
  88:.././hal//xmega/usart_driver.c **** 	usart_data->buffer.RX_Tail = 0;
  33               		.loc 1 88 2 is_stmt 1 view .LVU6
  34               		.loc 1 88 29 is_stmt 0 view .LVU7
  35 0008 1486      		std Z+12,__zero_reg__
  89:.././hal//xmega/usart_driver.c **** 	usart_data->buffer.RX_Head = 0;
  36               		.loc 1 89 2 is_stmt 1 view .LVU8
  37               		.loc 1 89 29 is_stmt 0 view .LVU9
  38 000a 1386      		std Z+11,__zero_reg__
  90:.././hal//xmega/usart_driver.c **** 	usart_data->buffer.TX_Tail = 0;
  39               		.loc 1 90 2 is_stmt 1 view .LVU10
  40               		.loc 1 90 29 is_stmt 0 view .LVU11
  41 000c 1686      		std Z+14,__zero_reg__
  91:.././hal//xmega/usart_driver.c **** 	usart_data->buffer.TX_Head = 0;
  42               		.loc 1 91 2 is_stmt 1 view .LVU12
  43               		.loc 1 91 29 is_stmt 0 view .LVU13
  44 000e 1586      		std Z+13,__zero_reg__
  45               	/* epilogue start */
  92:.././hal//xmega/usart_driver.c **** }
  46               		.loc 1 92 1 view .LVU14
  47 0010 0895      		ret
  48               		.cfi_endproc
  49               	.LFE72:
  51               	.global	USART_InterruptDriver_DreInterruptLevel_Set
  53               	USART_InterruptDriver_DreInterruptLevel_Set:
  54               	.LVL1:
  55               	.LFB73:
  93:.././hal//xmega/usart_driver.c **** 
  94:.././hal//xmega/usart_driver.c **** 
  95:.././hal//xmega/usart_driver.c **** /*! \brief Set USART DRE interrupt level.
  96:.././hal//xmega/usart_driver.c ****  *
  97:.././hal//xmega/usart_driver.c ****  *  Set the interrupt level on Data Register interrupt.
  98:.././hal//xmega/usart_driver.c ****  *
  99:.././hal//xmega/usart_driver.c ****  *  \note Changing the DRE interrupt level in the interrupt driver while it is
 100:.././hal//xmega/usart_driver.c ****  *        running will not change the DRE interrupt level in the USART before the
 101:.././hal//xmega/usart_driver.c ****  *        DRE interrupt have been disabled and enabled again.
 102:.././hal//xmega/usart_driver.c ****  *
 103:.././hal//xmega/usart_driver.c ****  *  \param usart_data         The USART_data_t struct instance
 104:.././hal//xmega/usart_driver.c ****  *  \param dreIntLevel        Interrupt level of the DRE interrupt.
 105:.././hal//xmega/usart_driver.c ****  */
 106:.././hal//xmega/usart_driver.c **** void USART_InterruptDriver_DreInterruptLevel_Set(USART_data_t * usart_data,
 107:.././hal//xmega/usart_driver.c ****                                                  USART_DREINTLVL_t dreIntLevel)
 108:.././hal//xmega/usart_driver.c **** {
  56               		.loc 1 108 1 is_stmt 1 view -0
  57               		.cfi_startproc
  58               	/* prologue: function */
  59               	/* frame size = 0 */
  60               	/* stack size = 0 */
  61               	.L__stack_usage = 0
 109:.././hal//xmega/usart_driver.c **** 	usart_data->dreIntLevel = dreIntLevel;
  62               		.loc 1 109 2 view .LVU16
  63               		.loc 1 109 26 is_stmt 0 view .LVU17
  64 0012 FC01      		movw r30,r24
  65 0014 6283      		std Z+2,r22
  66               	/* epilogue start */
 110:.././hal//xmega/usart_driver.c **** }
  67               		.loc 1 110 1 view .LVU18
  68 0016 0895      		ret
  69               		.cfi_endproc
  70               	.LFE73:
  72               	.global	USART_TXBuffer_FreeSpace
  74               	USART_TXBuffer_FreeSpace:
  75               	.LVL2:
  76               	.LFB74:
 111:.././hal//xmega/usart_driver.c **** 
 112:.././hal//xmega/usart_driver.c **** 
 113:.././hal//xmega/usart_driver.c **** /*! \brief Test if there is data in the transmitter software buffer.
 114:.././hal//xmega/usart_driver.c ****  *
 115:.././hal//xmega/usart_driver.c ****  *  This function can be used to test if there is free space in the transmitter
 116:.././hal//xmega/usart_driver.c ****  *  software buffer.
 117:.././hal//xmega/usart_driver.c ****  *
 118:.././hal//xmega/usart_driver.c ****  *  \param usart_data The USART_data_t struct instance.
 119:.././hal//xmega/usart_driver.c ****  *
 120:.././hal//xmega/usart_driver.c ****  *  \retval true      There is data in the receive buffer.
 121:.././hal//xmega/usart_driver.c ****  *  \retval false     The receive buffer is empty.
 122:.././hal//xmega/usart_driver.c ****  */
 123:.././hal//xmega/usart_driver.c **** bool USART_TXBuffer_FreeSpace(USART_data_t * usart_data)
 124:.././hal//xmega/usart_driver.c **** {
  77               		.loc 1 124 1 is_stmt 1 view -0
  78               		.cfi_startproc
  79               	/* prologue: function */
  80               	/* frame size = 0 */
  81               	/* stack size = 0 */
  82               	.L__stack_usage = 0
  83               		.loc 1 124 1 is_stmt 0 view .LVU20
  84 0018 FC01      		movw r30,r24
 125:.././hal//xmega/usart_driver.c **** 	/* Make copies to make sure that volatile access is specified. */
 126:.././hal//xmega/usart_driver.c **** 	uint8_t tempHead = (usart_data->buffer.TX_Head + 1) & USART_TX_BUFFER_MASK;
  85               		.loc 1 126 2 is_stmt 1 view .LVU21
  86               		.loc 1 126 40 is_stmt 0 view .LVU22
  87 001a 9585      		ldd r25,Z+13
  88               	.LVL3:
 127:.././hal//xmega/usart_driver.c **** 	uint8_t tempTail = usart_data->buffer.TX_Tail;
  89               		.loc 1 127 2 is_stmt 1 view .LVU23
  90               		.loc 1 127 10 is_stmt 0 view .LVU24
  91 001c 2685      		ldd r18,Z+14
  92               	.LVL4:
 128:.././hal//xmega/usart_driver.c **** 
 129:.././hal//xmega/usart_driver.c **** 	/* There are data left in the buffer unless Head and Tail are equal. */
 130:.././hal//xmega/usart_driver.c **** 	return (tempHead != tempTail);
  93               		.loc 1 130 2 is_stmt 1 view .LVU25
 126:.././hal//xmega/usart_driver.c **** 	uint8_t tempTail = usart_data->buffer.TX_Tail;
  94               		.loc 1 126 49 is_stmt 0 view .LVU26
  95 001e 9F5F      		subi r25,lo8(-(1))
  96               	.LVL5:
 126:.././hal//xmega/usart_driver.c **** 	uint8_t tempTail = usart_data->buffer.TX_Tail;
  97               		.loc 1 126 10 view .LVU27
  98 0020 9370      		andi r25,lo8(3)
  99               	.LVL6:
 100               		.loc 1 130 19 view .LVU28
 101 0022 81E0      		ldi r24,lo8(1)
 102               	.LVL7:
 103               		.loc 1 130 19 view .LVU29
 104 0024 9213      		cpse r25,r18
 105 0026 00C0      		rjmp .L4
 106 0028 80E0      		ldi r24,0
 107               	.L4:
 108               	/* epilogue start */
 131:.././hal//xmega/usart_driver.c **** }
 109               		.loc 1 131 1 view .LVU30
 110 002a 0895      		ret
 111               		.cfi_endproc
 112               	.LFE74:
 114               	.global	USART_TXBuffer_PutByte
 116               	USART_TXBuffer_PutByte:
 117               	.LVL8:
 118               	.LFB75:
 132:.././hal//xmega/usart_driver.c **** 
 133:.././hal//xmega/usart_driver.c **** 
 134:.././hal//xmega/usart_driver.c **** 
 135:.././hal//xmega/usart_driver.c **** /*! \brief Put data (5-8 bit character).
 136:.././hal//xmega/usart_driver.c ****  *
 137:.././hal//xmega/usart_driver.c ****  *  Stores data byte in TX software buffer and enables DRE interrupt if there
 138:.././hal//xmega/usart_driver.c ****  *  is free space in the TX software buffer.
 139:.././hal//xmega/usart_driver.c ****  *
 140:.././hal//xmega/usart_driver.c ****  *  \param usart_data The USART_data_t struct instance.
 141:.././hal//xmega/usart_driver.c ****  *  \param data       The data to send.
 142:.././hal//xmega/usart_driver.c ****  */
 143:.././hal//xmega/usart_driver.c **** bool USART_TXBuffer_PutByte(USART_data_t * usart_data, uint8_t data)
 144:.././hal//xmega/usart_driver.c **** {
 119               		.loc 1 144 1 is_stmt 1 view -0
 120               		.cfi_startproc
 121               		.loc 1 144 1 is_stmt 0 view .LVU32
 122 002c 1F93      		push r17
 123               	.LCFI0:
 124               		.cfi_def_cfa_offset 4
 125               		.cfi_offset 17, -3
 126 002e CF93      		push r28
 127               	.LCFI1:
 128               		.cfi_def_cfa_offset 5
 129               		.cfi_offset 28, -4
 130 0030 DF93      		push r29
 131               	.LCFI2:
 132               		.cfi_def_cfa_offset 6
 133               		.cfi_offset 29, -5
 134               	/* prologue: function */
 135               	/* frame size = 0 */
 136               	/* stack size = 3 */
 137               	.L__stack_usage = 3
 138 0032 EC01      		movw r28,r24
 139 0034 162F      		mov r17,r22
 145:.././hal//xmega/usart_driver.c **** 	uint8_t tempCTRLA;
 140               		.loc 1 145 2 is_stmt 1 view .LVU33
 146:.././hal//xmega/usart_driver.c **** 	uint8_t tempTX_Head;
 141               		.loc 1 146 2 view .LVU34
 147:.././hal//xmega/usart_driver.c **** 	bool TXBuffer_FreeSpace;
 142               		.loc 1 147 2 view .LVU35
 148:.././hal//xmega/usart_driver.c **** 	USART_Buffer_t * TXbufPtr;
 143               		.loc 1 148 2 view .LVU36
 149:.././hal//xmega/usart_driver.c **** 
 150:.././hal//xmega/usart_driver.c **** 	TXbufPtr = &usart_data->buffer;
 144               		.loc 1 150 2 view .LVU37
 145               	.LVL9:
 151:.././hal//xmega/usart_driver.c **** 	TXBuffer_FreeSpace = USART_TXBuffer_FreeSpace(usart_data);
 146               		.loc 1 151 2 view .LVU38
 147               		.loc 1 151 23 is_stmt 0 view .LVU39
 148 0036 0E94 0000 		call USART_TXBuffer_FreeSpace
 149               	.LVL10:
 152:.././hal//xmega/usart_driver.c **** 
 153:.././hal//xmega/usart_driver.c **** 
 154:.././hal//xmega/usart_driver.c **** 	if(TXBuffer_FreeSpace)
 150               		.loc 1 154 2 is_stmt 1 view .LVU40
 151               		.loc 1 154 4 is_stmt 0 view .LVU41
 152 003a 8115      		cp r24, __zero_reg__
 153 003c 01F0      		breq .L5
 155:.././hal//xmega/usart_driver.c **** 	{
 156:.././hal//xmega/usart_driver.c **** 	  	tempTX_Head = TXbufPtr->TX_Head;
 154               		.loc 1 156 5 is_stmt 1 view .LVU42
 155               		.loc 1 156 17 is_stmt 0 view .LVU43
 156 003e 9D85      		ldd r25,Y+13
 157               	.LVL11:
 157:.././hal//xmega/usart_driver.c **** 	  	TXbufPtr->TX[tempTX_Head]= data;
 158               		.loc 1 157 5 is_stmt 1 view .LVU44
 159               		.loc 1 157 30 is_stmt 0 view .LVU45
 160 0040 FE01      		movw r30,r28
 161 0042 E90F      		add r30,r25
 162 0044 F11D      		adc r31,__zero_reg__
 163 0046 1783      		std Z+7,r17
 158:.././hal//xmega/usart_driver.c **** 		/* Advance buffer head. */
 159:.././hal//xmega/usart_driver.c **** 		TXbufPtr->TX_Head = (tempTX_Head + 1) & USART_TX_BUFFER_MASK;
 164               		.loc 1 159 3 is_stmt 1 view .LVU46
 165               		.loc 1 159 36 is_stmt 0 view .LVU47
 166 0048 9F5F      		subi r25,lo8(-(1))
 167               	.LVL12:
 168               		.loc 1 159 41 view .LVU48
 169 004a 9370      		andi r25,lo8(3)
 170               	.LVL13:
 171               		.loc 1 159 21 view .LVU49
 172 004c 9D87      		std Y+13,r25
 160:.././hal//xmega/usart_driver.c **** 
 161:.././hal//xmega/usart_driver.c **** 		/* Enable DRE interrupt. */
 162:.././hal//xmega/usart_driver.c **** 		tempCTRLA = usart_data->usart->CTRLA;
 173               		.loc 1 162 3 is_stmt 1 view .LVU50
 174               		.loc 1 162 25 is_stmt 0 view .LVU51
 175 004e E881      		ld r30,Y
 176 0050 F981      		ldd r31,Y+1
 177               		.loc 1 162 13 view .LVU52
 178 0052 2381      		ldd r18,Z+3
 179               	.LVL14:
 163:.././hal//xmega/usart_driver.c **** 		tempCTRLA = (tempCTRLA & ~USART_DREINTLVL_gm) | usart_data->dreIntLevel;
 180               		.loc 1 163 3 is_stmt 1 view .LVU53
 181 0054 2C7F      		andi r18,lo8(-4)
 182               	.LVL15:
 183               		.loc 1 163 3 is_stmt 0 view .LVU54
 184 0056 9A81      		ldd r25,Y+2
 185 0058 922B      		or r25,r18
 186               	.LVL16:
 164:.././hal//xmega/usart_driver.c **** 		usart_data->usart->CTRLA = tempCTRLA;
 187               		.loc 1 164 3 is_stmt 1 view .LVU55
 188               		.loc 1 164 28 is_stmt 0 view .LVU56
 189 005a 9383      		std Z+3,r25
 165:.././hal//xmega/usart_driver.c **** 	}
 166:.././hal//xmega/usart_driver.c **** 	return TXBuffer_FreeSpace;
 190               		.loc 1 166 2 is_stmt 1 view .LVU57
 191               	.LVL17:
 192               	.L5:
 193               	/* epilogue start */
 167:.././hal//xmega/usart_driver.c **** }
 194               		.loc 1 167 1 is_stmt 0 view .LVU58
 195 005c DF91      		pop r29
 196 005e CF91      		pop r28
 197               	.LVL18:
 198               		.loc 1 167 1 view .LVU59
 199 0060 1F91      		pop r17
 200               	.LVL19:
 201               		.loc 1 167 1 view .LVU60
 202 0062 0895      		ret
 203               		.cfi_endproc
 204               	.LFE75:
 206               	.global	USART_RXBufferData_Available
 208               	USART_RXBufferData_Available:
 209               	.LVL20:
 210               	.LFB76:
 168:.././hal//xmega/usart_driver.c **** 
 169:.././hal//xmega/usart_driver.c **** 
 170:.././hal//xmega/usart_driver.c **** 
 171:.././hal//xmega/usart_driver.c **** /*! \brief Test if there is data in the receive software buffer.
 172:.././hal//xmega/usart_driver.c ****  *
 173:.././hal//xmega/usart_driver.c ****  *  This function can be used to test if there is data in the receive software
 174:.././hal//xmega/usart_driver.c ****  *  buffer.
 175:.././hal//xmega/usart_driver.c ****  *
 176:.././hal//xmega/usart_driver.c ****  *  \param usart_data         The USART_data_t struct instance
 177:.././hal//xmega/usart_driver.c ****  *
 178:.././hal//xmega/usart_driver.c ****  *  \retval true      There is data in the receive buffer.
 179:.././hal//xmega/usart_driver.c ****  *  \retval false     The receive buffer is empty.
 180:.././hal//xmega/usart_driver.c ****  */
 181:.././hal//xmega/usart_driver.c **** bool USART_RXBufferData_Available(USART_data_t * usart_data)
 182:.././hal//xmega/usart_driver.c **** {
 211               		.loc 1 182 1 is_stmt 1 view -0
 212               		.cfi_startproc
 213               	/* prologue: function */
 214               	/* frame size = 0 */
 215               	/* stack size = 0 */
 216               	.L__stack_usage = 0
 217               		.loc 1 182 1 is_stmt 0 view .LVU62
 218 0064 FC01      		movw r30,r24
 183:.././hal//xmega/usart_driver.c **** 	/* Make copies to make sure that volatile access is specified. */
 184:.././hal//xmega/usart_driver.c **** 	uint8_t tempHead = usart_data->buffer.RX_Head;
 219               		.loc 1 184 2 is_stmt 1 view .LVU63
 220               		.loc 1 184 10 is_stmt 0 view .LVU64
 221 0066 2385      		ldd r18,Z+11
 222               	.LVL21:
 185:.././hal//xmega/usart_driver.c **** 	uint8_t tempTail = usart_data->buffer.RX_Tail;
 223               		.loc 1 185 2 is_stmt 1 view .LVU65
 224               		.loc 1 185 10 is_stmt 0 view .LVU66
 225 0068 9485      		ldd r25,Z+12
 226               	.LVL22:
 186:.././hal//xmega/usart_driver.c **** 
 187:.././hal//xmega/usart_driver.c **** 	/* There are data left in the buffer unless Head and Tail are equal. */
 188:.././hal//xmega/usart_driver.c **** 	return (tempHead != tempTail);
 227               		.loc 1 188 2 is_stmt 1 view .LVU67
 228               		.loc 1 188 19 is_stmt 0 view .LVU68
 229 006a 81E0      		ldi r24,lo8(1)
 230               	.LVL23:
 231               		.loc 1 188 19 view .LVU69
 232 006c 2913      		cpse r18,r25
 233 006e 00C0      		rjmp .L11
 234 0070 80E0      		ldi r24,0
 235               	.L11:
 236               	/* epilogue start */
 189:.././hal//xmega/usart_driver.c **** }
 237               		.loc 1 189 1 view .LVU70
 238 0072 0895      		ret
 239               		.cfi_endproc
 240               	.LFE76:
 242               	.global	USART_RXBuffer_GetByte
 244               	USART_RXBuffer_GetByte:
 245               	.LVL24:
 246               	.LFB77:
 190:.././hal//xmega/usart_driver.c **** 
 191:.././hal//xmega/usart_driver.c **** 
 192:.././hal//xmega/usart_driver.c **** 
 193:.././hal//xmega/usart_driver.c **** /*! \brief Get received data (5-8 bit character).
 194:.././hal//xmega/usart_driver.c ****  *
 195:.././hal//xmega/usart_driver.c ****  *  The function USART_RXBufferData_Available should be used before this
 196:.././hal//xmega/usart_driver.c ****  *  function is used to ensure that data is available.
 197:.././hal//xmega/usart_driver.c ****  *
 198:.././hal//xmega/usart_driver.c ****  *  Returns data from RX software buffer.
 199:.././hal//xmega/usart_driver.c ****  *
 200:.././hal//xmega/usart_driver.c ****  *  \param usart_data       The USART_data_t struct instance.
 201:.././hal//xmega/usart_driver.c ****  *
 202:.././hal//xmega/usart_driver.c ****  *  \return         Received data.
 203:.././hal//xmega/usart_driver.c ****  */
 204:.././hal//xmega/usart_driver.c **** uint8_t USART_RXBuffer_GetByte(USART_data_t * usart_data)
 205:.././hal//xmega/usart_driver.c **** {
 247               		.loc 1 205 1 is_stmt 1 view -0
 248               		.cfi_startproc
 249               	/* prologue: function */
 250               	/* frame size = 0 */
 251               	/* stack size = 0 */
 252               	.L__stack_usage = 0
 253               		.loc 1 205 1 is_stmt 0 view .LVU72
 254 0074 FC01      		movw r30,r24
 206:.././hal//xmega/usart_driver.c **** 	USART_Buffer_t * bufPtr;
 255               		.loc 1 206 2 is_stmt 1 view .LVU73
 207:.././hal//xmega/usart_driver.c **** 	uint8_t ans;
 256               		.loc 1 207 2 view .LVU74
 208:.././hal//xmega/usart_driver.c **** 
 209:.././hal//xmega/usart_driver.c **** 	bufPtr = &usart_data->buffer;
 257               		.loc 1 209 2 view .LVU75
 258               	.LVL25:
 210:.././hal//xmega/usart_driver.c **** 	ans = (bufPtr->RX[bufPtr->RX_Tail]);
 259               		.loc 1 210 2 view .LVU76
 260               		.loc 1 210 26 is_stmt 0 view .LVU77
 261 0076 A485      		ldd r26,Z+12
 262               		.loc 1 210 6 view .LVU78
 263 0078 A80F      		add r26,r24
 264 007a B92F      		mov r27,r25
 265 007c B11D      		adc r27,__zero_reg__
 266 007e 1396      		adiw r26,3
 267 0080 8C91      		ld r24,X
 268               	.LVL26:
 211:.././hal//xmega/usart_driver.c **** 
 212:.././hal//xmega/usart_driver.c **** 	/* Advance buffer tail. */
 213:.././hal//xmega/usart_driver.c **** 	bufPtr->RX_Tail = (bufPtr->RX_Tail + 1) & USART_RX_BUFFER_MASK;
 269               		.loc 1 213 2 is_stmt 1 view .LVU79
 270               		.loc 1 213 27 is_stmt 0 view .LVU80
 271 0082 9485      		ldd r25,Z+12
 272               		.loc 1 213 37 view .LVU81
 273 0084 9F5F      		subi r25,lo8(-(1))
 274               		.loc 1 213 42 view .LVU82
 275 0086 9370      		andi r25,lo8(3)
 276               		.loc 1 213 18 view .LVU83
 277 0088 9487      		std Z+12,r25
 214:.././hal//xmega/usart_driver.c **** 
 215:.././hal//xmega/usart_driver.c **** 	return ans;
 278               		.loc 1 215 2 is_stmt 1 view .LVU84
 279               	/* epilogue start */
 216:.././hal//xmega/usart_driver.c **** }
 280               		.loc 1 216 1 is_stmt 0 view .LVU85
 281 008a 0895      		ret
 282               		.cfi_endproc
 283               	.LFE77:
 285               	.global	USART_RXComplete
 287               	USART_RXComplete:
 288               	.LVL27:
 289               	.LFB78:
 217:.././hal//xmega/usart_driver.c **** 
 218:.././hal//xmega/usart_driver.c **** 
 219:.././hal//xmega/usart_driver.c **** 
 220:.././hal//xmega/usart_driver.c **** /*! \brief RX Complete Interrupt Service Routine.
 221:.././hal//xmega/usart_driver.c ****  *
 222:.././hal//xmega/usart_driver.c ****  *  RX Complete Interrupt Service Routine.
 223:.././hal//xmega/usart_driver.c ****  *  Stores received data in RX software buffer.
 224:.././hal//xmega/usart_driver.c ****  *
 225:.././hal//xmega/usart_driver.c ****  *  \param usart_data      The USART_data_t struct instance.
 226:.././hal//xmega/usart_driver.c ****  */
 227:.././hal//xmega/usart_driver.c **** bool USART_RXComplete(USART_data_t * usart_data)
 228:.././hal//xmega/usart_driver.c **** {
 290               		.loc 1 228 1 is_stmt 1 view -0
 291               		.cfi_startproc
 292               	/* prologue: function */
 293               	/* frame size = 0 */
 294               	/* stack size = 0 */
 295               	.L__stack_usage = 0
 296               		.loc 1 228 1 is_stmt 0 view .LVU87
 297 008c FC01      		movw r30,r24
 229:.././hal//xmega/usart_driver.c **** 	USART_Buffer_t * bufPtr;
 298               		.loc 1 229 2 is_stmt 1 view .LVU88
 230:.././hal//xmega/usart_driver.c **** 	bool ans;
 299               		.loc 1 230 2 view .LVU89
 231:.././hal//xmega/usart_driver.c **** 
 232:.././hal//xmega/usart_driver.c **** 	bufPtr = &usart_data->buffer;
 300               		.loc 1 232 2 view .LVU90
 301               	.LVL28:
 233:.././hal//xmega/usart_driver.c **** 	/* Advance buffer head. */
 234:.././hal//xmega/usart_driver.c **** 	uint8_t tempRX_Head = (bufPtr->RX_Head + 1) & USART_RX_BUFFER_MASK;
 302               		.loc 1 234 2 view .LVU91
 303               		.loc 1 234 31 is_stmt 0 view .LVU92
 304 008e 8385      		ldd r24,Z+11
 305               	.LVL29:
 306               		.loc 1 234 41 view .LVU93
 307 0090 8F5F      		subi r24,lo8(-(1))
 308               		.loc 1 234 10 view .LVU94
 309 0092 8370      		andi r24,lo8(3)
 310               	.LVL30:
 235:.././hal//xmega/usart_driver.c **** 
 236:.././hal//xmega/usart_driver.c **** 	/* Check for overflow. */
 237:.././hal//xmega/usart_driver.c **** 	uint8_t tempRX_Tail = bufPtr->RX_Tail;
 311               		.loc 1 237 2 is_stmt 1 view .LVU95
 312               		.loc 1 237 10 is_stmt 0 view .LVU96
 313 0094 2485      		ldd r18,Z+12
 314               	.LVL31:
 238:.././hal//xmega/usart_driver.c **** 	uint8_t data = usart_data->usart->DATA;
 315               		.loc 1 238 2 is_stmt 1 view .LVU97
 316               		.loc 1 238 27 is_stmt 0 view .LVU98
 317 0096 A081      		ld r26,Z
 318 0098 B181      		ldd r27,Z+1
 319               		.loc 1 238 10 view .LVU99
 320 009a 9C91      		ld r25,X
 321               	.LVL32:
 239:.././hal//xmega/usart_driver.c **** 
 240:.././hal//xmega/usart_driver.c **** 	if (tempRX_Head == tempRX_Tail) {
 322               		.loc 1 240 2 is_stmt 1 view .LVU100
 323               		.loc 1 240 5 is_stmt 0 view .LVU101
 324 009c 8217      		cp r24,r18
 325 009e 01F0      		breq .L15
 241:.././hal//xmega/usart_driver.c **** 	  	ans = false;
 242:.././hal//xmega/usart_driver.c **** 	}else{
 243:.././hal//xmega/usart_driver.c **** 		ans = true;
 326               		.loc 1 243 3 is_stmt 1 view .LVU102
 327               	.LVL33:
 244:.././hal//xmega/usart_driver.c **** 		usart_data->buffer.RX[usart_data->buffer.RX_Head] = data;
 328               		.loc 1 244 3 view .LVU103
 329               		.loc 1 244 43 is_stmt 0 view .LVU104
 330 00a0 A385      		ldd r26,Z+11
 331               		.loc 1 244 53 view .LVU105
 332 00a2 AE0F      		add r26,r30
 333 00a4 BF2F      		mov r27,r31
 334 00a6 B11D      		adc r27,__zero_reg__
 335 00a8 1396      		adiw r26,3
 336 00aa 9C93      		st X,r25
 245:.././hal//xmega/usart_driver.c **** 		usart_data->buffer.RX_Head = tempRX_Head;
 337               		.loc 1 245 3 is_stmt 1 view .LVU106
 338               		.loc 1 245 30 is_stmt 0 view .LVU107
 339 00ac 8387      		std Z+11,r24
 243:.././hal//xmega/usart_driver.c **** 		usart_data->buffer.RX[usart_data->buffer.RX_Head] = data;
 340               		.loc 1 243 7 view .LVU108
 341 00ae 81E0      		ldi r24,lo8(1)
 342               	.LVL34:
 243:.././hal//xmega/usart_driver.c **** 		usart_data->buffer.RX[usart_data->buffer.RX_Head] = data;
 343               		.loc 1 243 7 view .LVU109
 344 00b0 0895      		ret
 345               	.LVL35:
 346               	.L15:
 241:.././hal//xmega/usart_driver.c **** 	}else{
 347               		.loc 1 241 9 view .LVU110
 348 00b2 80E0      		ldi r24,0
 349               	.LVL36:
 246:.././hal//xmega/usart_driver.c **** 	}
 247:.././hal//xmega/usart_driver.c **** 	return ans;
 350               		.loc 1 247 2 is_stmt 1 view .LVU111
 351               	/* epilogue start */
 248:.././hal//xmega/usart_driver.c **** }
 352               		.loc 1 248 1 is_stmt 0 view .LVU112
 353 00b4 0895      		ret
 354               		.cfi_endproc
 355               	.LFE78:
 357               	.global	USART_DataRegEmpty
 359               	USART_DataRegEmpty:
 360               	.LVL37:
 361               	.LFB79:
 249:.././hal//xmega/usart_driver.c **** 
 250:.././hal//xmega/usart_driver.c **** 
 251:.././hal//xmega/usart_driver.c **** 
 252:.././hal//xmega/usart_driver.c **** /*! \brief Data Register Empty Interrupt Service Routine.
 253:.././hal//xmega/usart_driver.c ****  *
 254:.././hal//xmega/usart_driver.c ****  *  Data Register Empty Interrupt Service Routine.
 255:.././hal//xmega/usart_driver.c ****  *  Transmits one byte from TX software buffer. Disables DRE interrupt if buffer
 256:.././hal//xmega/usart_driver.c ****  *  is empty. Argument is pointer to USART (USART_data_t).
 257:.././hal//xmega/usart_driver.c ****  *
 258:.././hal//xmega/usart_driver.c ****  *  \param usart_data      The USART_data_t struct instance.
 259:.././hal//xmega/usart_driver.c ****  */
 260:.././hal//xmega/usart_driver.c **** void USART_DataRegEmpty(USART_data_t * usart_data)
 261:.././hal//xmega/usart_driver.c **** {
 362               		.loc 1 261 1 is_stmt 1 view -0
 363               		.cfi_startproc
 364               		.loc 1 261 1 is_stmt 0 view .LVU114
 365 00b6 CF93      		push r28
 366               	.LCFI3:
 367               		.cfi_def_cfa_offset 4
 368               		.cfi_offset 28, -3
 369 00b8 DF93      		push r29
 370               	.LCFI4:
 371               		.cfi_def_cfa_offset 5
 372               		.cfi_offset 29, -4
 373               	/* prologue: function */
 374               	/* frame size = 0 */
 375               	/* stack size = 2 */
 376               	.L__stack_usage = 2
 377 00ba FC01      		movw r30,r24
 262:.././hal//xmega/usart_driver.c **** 	USART_Buffer_t * bufPtr;
 378               		.loc 1 262 2 is_stmt 1 view .LVU115
 263:.././hal//xmega/usart_driver.c **** 	bufPtr = &usart_data->buffer;
 379               		.loc 1 263 2 view .LVU116
 380               	.LVL38:
 264:.././hal//xmega/usart_driver.c **** 
 265:.././hal//xmega/usart_driver.c **** 	/* Check if all data is transmitted. */
 266:.././hal//xmega/usart_driver.c **** 	uint8_t tempTX_Tail = usart_data->buffer.TX_Tail;
 381               		.loc 1 266 2 view .LVU117
 382               		.loc 1 266 10 is_stmt 0 view .LVU118
 383 00bc 8685      		ldd r24,Z+14
 384               	.LVL39:
 267:.././hal//xmega/usart_driver.c **** 	if (bufPtr->TX_Head == tempTX_Tail){
 385               		.loc 1 267 2 is_stmt 1 view .LVU119
 386               		.loc 1 267 12 is_stmt 0 view .LVU120
 387 00be 9585      		ldd r25,Z+13
 388               	.LBB2:
 268:.././hal//xmega/usart_driver.c **** 	    /* Disable DRE interrupts. */
 269:.././hal//xmega/usart_driver.c **** 		uint8_t tempCTRLA = usart_data->usart->CTRLA;
 389               		.loc 1 269 33 view .LVU121
 390 00c0 A081      		ld r26,Z
 391 00c2 B181      		ldd r27,Z+1
 392               	.LBE2:
 267:.././hal//xmega/usart_driver.c **** 	if (bufPtr->TX_Head == tempTX_Tail){
 393               		.loc 1 267 5 view .LVU122
 394 00c4 9813      		cpse r25,r24
 395 00c6 00C0      		rjmp .L17
 396               	.LBB3:
 397               		.loc 1 269 3 is_stmt 1 view .LVU123
 398               		.loc 1 269 11 is_stmt 0 view .LVU124
 399 00c8 1396      		adiw r26,3
 400 00ca 8C91      		ld r24,X
 401               	.LVL40:
 270:.././hal//xmega/usart_driver.c **** 		tempCTRLA = (tempCTRLA & ~USART_DREINTLVL_gm) | USART_DREINTLVL_OFF_gc;
 402               		.loc 1 270 3 is_stmt 1 view .LVU125
 403               		.loc 1 270 13 is_stmt 0 view .LVU126
 404 00cc 8C7F      		andi r24,lo8(-4)
 405               	.LVL41:
 271:.././hal//xmega/usart_driver.c **** 		usart_data->usart->CTRLA = tempCTRLA;
 406               		.loc 1 271 3 is_stmt 1 view .LVU127
 407               		.loc 1 271 28 is_stmt 0 view .LVU128
 408 00ce 8C93      		st X,r24
 409               	.LVL42:
 410               	.L16:
 411               	/* epilogue start */
 412               		.loc 1 271 28 view .LVU129
 413               	.LBE3:
 272:.././hal//xmega/usart_driver.c **** 
 273:.././hal//xmega/usart_driver.c **** 	}else{
 274:.././hal//xmega/usart_driver.c **** 		/* Start transmitting. */
 275:.././hal//xmega/usart_driver.c **** 		uint8_t data = bufPtr->TX[usart_data->buffer.TX_Tail];
 276:.././hal//xmega/usart_driver.c **** 		usart_data->usart->DATA = data;
 277:.././hal//xmega/usart_driver.c **** 
 278:.././hal//xmega/usart_driver.c **** 		/* Advance buffer tail. */
 279:.././hal//xmega/usart_driver.c **** 		bufPtr->TX_Tail = (bufPtr->TX_Tail + 1) & USART_TX_BUFFER_MASK;
 280:.././hal//xmega/usart_driver.c **** 	}
 281:.././hal//xmega/usart_driver.c **** }
 414               		.loc 1 281 1 view .LVU130
 415 00d0 DF91      		pop r29
 416 00d2 CF91      		pop r28
 417 00d4 0895      		ret
 418               	.LVL43:
 419               	.L17:
 420               	.LBB4:
 275:.././hal//xmega/usart_driver.c **** 		usart_data->usart->DATA = data;
 421               		.loc 1 275 3 is_stmt 1 view .LVU131
 275:.././hal//xmega/usart_driver.c **** 		usart_data->usart->DATA = data;
 422               		.loc 1 275 47 is_stmt 0 view .LVU132
 423 00d6 8685      		ldd r24,Z+14
 424               	.LVL44:
 275:.././hal//xmega/usart_driver.c **** 		usart_data->usart->DATA = data;
 425               		.loc 1 275 11 view .LVU133
 426 00d8 8E0F      		add r24,r30
 427 00da 9F2F      		mov r25,r31
 428 00dc 911D      		adc r25,__zero_reg__
 429 00de EC01      		movw r28,r24
 430 00e0 8F81      		ldd r24,Y+7
 431               	.LVL45:
 276:.././hal//xmega/usart_driver.c **** 
 432               		.loc 1 276 3 is_stmt 1 view .LVU134
 276:.././hal//xmega/usart_driver.c **** 
 433               		.loc 1 276 27 is_stmt 0 view .LVU135
 434 00e2 8C93      		st X,r24
 279:.././hal//xmega/usart_driver.c **** 	}
 435               		.loc 1 279 3 is_stmt 1 view .LVU136
 279:.././hal//xmega/usart_driver.c **** 	}
 436               		.loc 1 279 28 is_stmt 0 view .LVU137
 437 00e4 8685      		ldd r24,Z+14
 438               	.LVL46:
 279:.././hal//xmega/usart_driver.c **** 	}
 439               		.loc 1 279 38 view .LVU138
 440 00e6 8F5F      		subi r24,lo8(-(1))
 279:.././hal//xmega/usart_driver.c **** 	}
 441               		.loc 1 279 43 view .LVU139
 442 00e8 8370      		andi r24,lo8(3)
 279:.././hal//xmega/usart_driver.c **** 	}
 443               		.loc 1 279 19 view .LVU140
 444 00ea 8687      		std Z+14,r24
 445               	.LVL47:
 279:.././hal//xmega/usart_driver.c **** 	}
 446               		.loc 1 279 19 view .LVU141
 447               	.LBE4:
 448               		.loc 1 281 1 view .LVU142
 449 00ec 00C0      		rjmp .L16
 450               		.cfi_endproc
 451               	.LFE79:
 453               	.global	USART_NineBits_PutChar
 455               	USART_NineBits_PutChar:
 456               	.LVL48:
 457               	.LFB80:
 282:.././hal//xmega/usart_driver.c **** 
 283:.././hal//xmega/usart_driver.c **** 
 284:.././hal//xmega/usart_driver.c **** /*! \brief Put data (9 bit character).
 285:.././hal//xmega/usart_driver.c ****  *
 286:.././hal//xmega/usart_driver.c ****  *  Use the function USART_IsTXDataRegisterEmpty before using this function to
 287:.././hal//xmega/usart_driver.c ****  *  put 9 bit character to the TX register.
 288:.././hal//xmega/usart_driver.c ****  *
 289:.././hal//xmega/usart_driver.c ****  *  \param usart      The USART module.
 290:.././hal//xmega/usart_driver.c ****  *  \param data       The data to send.
 291:.././hal//xmega/usart_driver.c ****  */
 292:.././hal//xmega/usart_driver.c **** void USART_NineBits_PutChar(USART_t * usart, uint16_t data)
 293:.././hal//xmega/usart_driver.c **** {
 458               		.loc 1 293 1 is_stmt 1 view -0
 459               		.cfi_startproc
 460               	/* prologue: function */
 461               	/* frame size = 0 */
 462               	/* stack size = 0 */
 463               	.L__stack_usage = 0
 464               		.loc 1 293 1 is_stmt 0 view .LVU144
 465 00ee FC01      		movw r30,r24
 466 00f0 CB01      		movw r24,r22
 467               	.LVL49:
 294:.././hal//xmega/usart_driver.c **** 	if(data & 0x0100) {
 468               		.loc 1 294 2 is_stmt 1 view .LVU145
 295:.././hal//xmega/usart_driver.c **** 		usart->CTRLB |= USART_TXB8_bm;
 469               		.loc 1 295 8 is_stmt 0 view .LVU146
 470 00f2 2481      		ldd r18,Z+4
 294:.././hal//xmega/usart_driver.c **** 	if(data & 0x0100) {
 471               		.loc 1 294 4 view .LVU147
 472 00f4 70FF      		sbrs r23,0
 473 00f6 00C0      		rjmp .L20
 474               		.loc 1 295 3 is_stmt 1 view .LVU148
 475               		.loc 1 295 16 is_stmt 0 view .LVU149
 476 00f8 2160      		ori r18,lo8(1)
 477               	.L22:
 296:.././hal//xmega/usart_driver.c **** 	}else {
 297:.././hal//xmega/usart_driver.c **** 		usart->CTRLB &= ~USART_TXB8_bm;
 478               		.loc 1 297 16 view .LVU150
 479 00fa 2483      		std Z+4,r18
 298:.././hal//xmega/usart_driver.c **** 	}
 299:.././hal//xmega/usart_driver.c **** 
 300:.././hal//xmega/usart_driver.c **** 	usart->DATA = (data & 0x00FF);
 480               		.loc 1 300 2 is_stmt 1 view .LVU151
 481               		.loc 1 300 14 is_stmt 0 view .LVU152
 482 00fc 8083      		st Z,r24
 483               	/* epilogue start */
 301:.././hal//xmega/usart_driver.c **** }
 484               		.loc 1 301 1 view .LVU153
 485 00fe 0895      		ret
 486               	.L20:
 297:.././hal//xmega/usart_driver.c **** 	}
 487               		.loc 1 297 3 is_stmt 1 view .LVU154
 297:.././hal//xmega/usart_driver.c **** 	}
 488               		.loc 1 297 16 is_stmt 0 view .LVU155
 489 0100 2E7F      		andi r18,lo8(-2)
 490 0102 00C0      		rjmp .L22
 491               		.cfi_endproc
 492               	.LFE80:
 494               	.global	USART_NineBits_GetChar
 496               	USART_NineBits_GetChar:
 497               	.LVL50:
 498               	.LFB81:
 302:.././hal//xmega/usart_driver.c **** 
 303:.././hal//xmega/usart_driver.c **** 
 304:.././hal//xmega/usart_driver.c **** /*! \brief Get received data (9 bit character).
 305:.././hal//xmega/usart_driver.c ****  *
 306:.././hal//xmega/usart_driver.c ****  *  This function reads out the received 9 bit character (uint16_t).
 307:.././hal//xmega/usart_driver.c ****  *  Use the function USART_IsRXComplete to check if anything is received.
 308:.././hal//xmega/usart_driver.c ****  *
 309:.././hal//xmega/usart_driver.c ****  *  \param usart      The USART module.
 310:.././hal//xmega/usart_driver.c ****  *
 311:.././hal//xmega/usart_driver.c ****  *  \retval           Received data.
 312:.././hal//xmega/usart_driver.c ****  */
 313:.././hal//xmega/usart_driver.c **** uint16_t USART_NineBits_GetChar(USART_t * usart)
 314:.././hal//xmega/usart_driver.c **** {
 499               		.loc 1 314 1 is_stmt 1 view -0
 500               		.cfi_startproc
 501               	/* prologue: function */
 502               	/* frame size = 0 */
 503               	/* stack size = 0 */
 504               	.L__stack_usage = 0
 505               		.loc 1 314 1 is_stmt 0 view .LVU157
 506 0104 FC01      		movw r30,r24
 315:.././hal//xmega/usart_driver.c **** 	if(usart->CTRLB & USART_RXB8_bm) {
 507               		.loc 1 315 2 is_stmt 1 view .LVU158
 508               		.loc 1 315 10 is_stmt 0 view .LVU159
 509 0106 8481      		ldd r24,Z+4
 510               	.LVL51:
 511               		.loc 1 315 4 view .LVU160
 512 0108 80FF      		sbrs r24,0
 513 010a 00C0      		rjmp .L24
 316:.././hal//xmega/usart_driver.c **** 		return(0x0100 | usart->DATA);
 514               		.loc 1 316 3 is_stmt 1 view .LVU161
 515               		.loc 1 316 24 is_stmt 0 view .LVU162
 516 010c 8081      		ld r24,Z
 517               		.loc 1 316 17 view .LVU163
 518 010e 91E0      		ldi r25,lo8(1)
 519 0110 0895      		ret
 520               	.L24:
 317:.././hal//xmega/usart_driver.c **** 	}else {
 318:.././hal//xmega/usart_driver.c **** 		return(usart->DATA);
 521               		.loc 1 318 3 is_stmt 1 view .LVU164
 522               		.loc 1 318 15 is_stmt 0 view .LVU165
 523 0112 8081      		ld r24,Z
 524 0114 90E0      		ldi r25,0
 525               	/* epilogue start */
 319:.././hal//xmega/usart_driver.c **** 	}
 320:.././hal//xmega/usart_driver.c **** }
 526               		.loc 1 320 1 view .LVU166
 527 0116 0895      		ret
 528               		.cfi_endproc
 529               	.LFE81:
 531               	.Letext0:
 532               		.file 2 "/usr/avr/include/stdint.h"
 533               		.file 3 "/usr/avr/include/avr/iox128d3.h"
 534               		.file 4 ".././hal//xmega/usart_driver.h"
DEFINED SYMBOLS
                            *ABS*:00000000 usart_driver.c
     /tmp/ccz4h8RL.s:2      *ABS*:0000003e __SP_H__
     /tmp/ccz4h8RL.s:3      *ABS*:0000003d __SP_L__
     /tmp/ccz4h8RL.s:4      *ABS*:0000003f __SREG__
     /tmp/ccz4h8RL.s:5      *ABS*:0000003b __RAMPZ__
     /tmp/ccz4h8RL.s:6      *ABS*:00000034 __CCP__
     /tmp/ccz4h8RL.s:7      *ABS*:00000000 __tmp_reg__
     /tmp/ccz4h8RL.s:8      *ABS*:00000001 __zero_reg__
     /tmp/ccz4h8RL.s:15     .text:00000000 USART_InterruptDriver_Initialize
     /tmp/ccz4h8RL.s:18     .text:00000000 .Loc.0
     /tmp/ccz4h8RL.s:19     .text:00000000 L0
     /tmp/ccz4h8RL.s:24     .text:00000000 .Loc.1
     /tmp/ccz4h8RL.s:26     .text:00000002 .Loc.2
     /tmp/ccz4h8RL.s:27     .text:00000002 .Loc.3
     /tmp/ccz4h8RL.s:30     .text:00000006 .Loc.4
     /tmp/ccz4h8RL.s:31     .text:00000006 .Loc.5
     /tmp/ccz4h8RL.s:33     .text:00000008 .Loc.6
     /tmp/ccz4h8RL.s:34     .text:00000008 .Loc.7
     /tmp/ccz4h8RL.s:36     .text:0000000a .Loc.8
     /tmp/ccz4h8RL.s:37     .text:0000000a .Loc.9
     /tmp/ccz4h8RL.s:39     .text:0000000c .Loc.10
     /tmp/ccz4h8RL.s:40     .text:0000000c .Loc.11
     /tmp/ccz4h8RL.s:42     .text:0000000e .Loc.12
     /tmp/ccz4h8RL.s:43     .text:0000000e .Loc.13
     /tmp/ccz4h8RL.s:46     .text:00000010 .Loc.14
     /tmp/ccz4h8RL.s:48     .text:00000012 L0
     /tmp/ccz4h8RL.s:53     .text:00000012 USART_InterruptDriver_DreInterruptLevel_Set
     /tmp/ccz4h8RL.s:56     .text:00000012 .Loc.15
     /tmp/ccz4h8RL.s:57     .text:00000012 L0
     /tmp/ccz4h8RL.s:62     .text:00000012 .Loc.16
     /tmp/ccz4h8RL.s:63     .text:00000012 .Loc.17
     /tmp/ccz4h8RL.s:67     .text:00000016 .Loc.18
     /tmp/ccz4h8RL.s:69     .text:00000018 L0
     /tmp/ccz4h8RL.s:74     .text:00000018 USART_TXBuffer_FreeSpace
     /tmp/ccz4h8RL.s:77     .text:00000018 .Loc.19
     /tmp/ccz4h8RL.s:78     .text:00000018 L0
     /tmp/ccz4h8RL.s:83     .text:00000018 .Loc.20
     /tmp/ccz4h8RL.s:85     .text:0000001a .Loc.21
     /tmp/ccz4h8RL.s:86     .text:0000001a .Loc.22
     /tmp/ccz4h8RL.s:89     .text:0000001c .Loc.23
     /tmp/ccz4h8RL.s:90     .text:0000001c .Loc.24
     /tmp/ccz4h8RL.s:93     .text:0000001e .Loc.25
     /tmp/ccz4h8RL.s:94     .text:0000001e .Loc.26
     /tmp/ccz4h8RL.s:97     .text:00000020 .Loc.27
     /tmp/ccz4h8RL.s:100    .text:00000022 .Loc.28
     /tmp/ccz4h8RL.s:103    .text:00000024 .Loc.29
     /tmp/ccz4h8RL.s:109    .text:0000002a .Loc.30
     /tmp/ccz4h8RL.s:111    .text:0000002c L0
     /tmp/ccz4h8RL.s:116    .text:0000002c USART_TXBuffer_PutByte
     /tmp/ccz4h8RL.s:119    .text:0000002c .Loc.31
     /tmp/ccz4h8RL.s:120    .text:0000002c L0
     /tmp/ccz4h8RL.s:121    .text:0000002c .Loc.32
     /tmp/ccz4h8RL.s:140    .text:00000036 .Loc.33
     /tmp/ccz4h8RL.s:141    .text:00000036 .Loc.34
     /tmp/ccz4h8RL.s:142    .text:00000036 .Loc.35
     /tmp/ccz4h8RL.s:143    .text:00000036 .Loc.36
     /tmp/ccz4h8RL.s:144    .text:00000036 .Loc.37
     /tmp/ccz4h8RL.s:146    .text:00000036 .Loc.38
     /tmp/ccz4h8RL.s:147    .text:00000036 .Loc.39
     /tmp/ccz4h8RL.s:150    .text:0000003a .Loc.40
     /tmp/ccz4h8RL.s:151    .text:0000003a .Loc.41
     /tmp/ccz4h8RL.s:154    .text:0000003e .Loc.42
     /tmp/ccz4h8RL.s:155    .text:0000003e .Loc.43
     /tmp/ccz4h8RL.s:158    .text:00000040 .Loc.44
     /tmp/ccz4h8RL.s:159    .text:00000040 .Loc.45
     /tmp/ccz4h8RL.s:164    .text:00000048 .Loc.46
     /tmp/ccz4h8RL.s:165    .text:00000048 .Loc.47
     /tmp/ccz4h8RL.s:168    .text:0000004a .Loc.48
     /tmp/ccz4h8RL.s:171    .text:0000004c .Loc.49
     /tmp/ccz4h8RL.s:173    .text:0000004e .Loc.50
     /tmp/ccz4h8RL.s:174    .text:0000004e .Loc.51
     /tmp/ccz4h8RL.s:177    .text:00000052 .Loc.52
     /tmp/ccz4h8RL.s:180    .text:00000054 .Loc.53
     /tmp/ccz4h8RL.s:183    .text:00000056 .Loc.54
     /tmp/ccz4h8RL.s:187    .text:0000005a .Loc.55
     /tmp/ccz4h8RL.s:188    .text:0000005a .Loc.56
     /tmp/ccz4h8RL.s:190    .text:0000005c .Loc.57
     /tmp/ccz4h8RL.s:194    .text:0000005c .Loc.58
     /tmp/ccz4h8RL.s:198    .text:00000060 .Loc.59
     /tmp/ccz4h8RL.s:201    .text:00000062 .Loc.60
     /tmp/ccz4h8RL.s:203    .text:00000064 L0
     /tmp/ccz4h8RL.s:208    .text:00000064 USART_RXBufferData_Available
     /tmp/ccz4h8RL.s:211    .text:00000064 .Loc.61
     /tmp/ccz4h8RL.s:212    .text:00000064 L0
     /tmp/ccz4h8RL.s:217    .text:00000064 .Loc.62
     /tmp/ccz4h8RL.s:219    .text:00000066 .Loc.63
     /tmp/ccz4h8RL.s:220    .text:00000066 .Loc.64
     /tmp/ccz4h8RL.s:223    .text:00000068 .Loc.65
     /tmp/ccz4h8RL.s:224    .text:00000068 .Loc.66
     /tmp/ccz4h8RL.s:227    .text:0000006a .Loc.67
     /tmp/ccz4h8RL.s:228    .text:0000006a .Loc.68
     /tmp/ccz4h8RL.s:231    .text:0000006c .Loc.69
     /tmp/ccz4h8RL.s:237    .text:00000072 .Loc.70
     /tmp/ccz4h8RL.s:239    .text:00000074 L0
     /tmp/ccz4h8RL.s:244    .text:00000074 USART_RXBuffer_GetByte
     /tmp/ccz4h8RL.s:247    .text:00000074 .Loc.71
     /tmp/ccz4h8RL.s:248    .text:00000074 L0
     /tmp/ccz4h8RL.s:253    .text:00000074 .Loc.72
     /tmp/ccz4h8RL.s:255    .text:00000076 .Loc.73
     /tmp/ccz4h8RL.s:256    .text:00000076 .Loc.74
     /tmp/ccz4h8RL.s:257    .text:00000076 .Loc.75
     /tmp/ccz4h8RL.s:259    .text:00000076 .Loc.76
     /tmp/ccz4h8RL.s:260    .text:00000076 .Loc.77
     /tmp/ccz4h8RL.s:262    .text:00000078 .Loc.78
     /tmp/ccz4h8RL.s:269    .text:00000082 .Loc.79
     /tmp/ccz4h8RL.s:270    .text:00000082 .Loc.80
     /tmp/ccz4h8RL.s:272    .text:00000084 .Loc.81
     /tmp/ccz4h8RL.s:274    .text:00000086 .Loc.82
     /tmp/ccz4h8RL.s:276    .text:00000088 .Loc.83
     /tmp/ccz4h8RL.s:278    .text:0000008a .Loc.84
     /tmp/ccz4h8RL.s:280    .text:0000008a .Loc.85
     /tmp/ccz4h8RL.s:282    .text:0000008c L0
     /tmp/ccz4h8RL.s:287    .text:0000008c USART_RXComplete
     /tmp/ccz4h8RL.s:290    .text:0000008c .Loc.86
     /tmp/ccz4h8RL.s:291    .text:0000008c L0
     /tmp/ccz4h8RL.s:296    .text:0000008c .Loc.87
     /tmp/ccz4h8RL.s:298    .text:0000008e .Loc.88
     /tmp/ccz4h8RL.s:299    .text:0000008e .Loc.89
     /tmp/ccz4h8RL.s:300    .text:0000008e .Loc.90
     /tmp/ccz4h8RL.s:302    .text:0000008e .Loc.91
     /tmp/ccz4h8RL.s:303    .text:0000008e .Loc.92
     /tmp/ccz4h8RL.s:306    .text:00000090 .Loc.93
     /tmp/ccz4h8RL.s:308    .text:00000092 .Loc.94
     /tmp/ccz4h8RL.s:311    .text:00000094 .Loc.95
     /tmp/ccz4h8RL.s:312    .text:00000094 .Loc.96
     /tmp/ccz4h8RL.s:315    .text:00000096 .Loc.97
     /tmp/ccz4h8RL.s:316    .text:00000096 .Loc.98
     /tmp/ccz4h8RL.s:319    .text:0000009a .Loc.99
     /tmp/ccz4h8RL.s:322    .text:0000009c .Loc.100
     /tmp/ccz4h8RL.s:323    .text:0000009c .Loc.101
     /tmp/ccz4h8RL.s:326    .text:000000a0 .Loc.102
     /tmp/ccz4h8RL.s:328    .text:000000a0 .Loc.103
     /tmp/ccz4h8RL.s:329    .text:000000a0 .Loc.104
     /tmp/ccz4h8RL.s:331    .text:000000a2 .Loc.105
     /tmp/ccz4h8RL.s:337    .text:000000ac .Loc.106
     /tmp/ccz4h8RL.s:338    .text:000000ac .Loc.107
     /tmp/ccz4h8RL.s:340    .text:000000ae .Loc.108
     /tmp/ccz4h8RL.s:343    .text:000000b0 .Loc.109
     /tmp/ccz4h8RL.s:347    .text:000000b2 .Loc.110
     /tmp/ccz4h8RL.s:350    .text:000000b4 .Loc.111
     /tmp/ccz4h8RL.s:352    .text:000000b4 .Loc.112
     /tmp/ccz4h8RL.s:354    .text:000000b6 L0
     /tmp/ccz4h8RL.s:359    .text:000000b6 USART_DataRegEmpty
     /tmp/ccz4h8RL.s:362    .text:000000b6 .Loc.113
     /tmp/ccz4h8RL.s:363    .text:000000b6 L0
     /tmp/ccz4h8RL.s:364    .text:000000b6 .Loc.114
     /tmp/ccz4h8RL.s:378    .text:000000bc .Loc.115
     /tmp/ccz4h8RL.s:379    .text:000000bc .Loc.116
     /tmp/ccz4h8RL.s:381    .text:000000bc .Loc.117
     /tmp/ccz4h8RL.s:382    .text:000000bc .Loc.118
     /tmp/ccz4h8RL.s:385    .text:000000be .Loc.119
     /tmp/ccz4h8RL.s:386    .text:000000be .Loc.120
     /tmp/ccz4h8RL.s:389    .text:000000c0 .Loc.121
     /tmp/ccz4h8RL.s:393    .text:000000c4 .Loc.122
     /tmp/ccz4h8RL.s:397    .text:000000c8 .Loc.123
     /tmp/ccz4h8RL.s:398    .text:000000c8 .Loc.124
     /tmp/ccz4h8RL.s:402    .text:000000cc .Loc.125
     /tmp/ccz4h8RL.s:403    .text:000000cc .Loc.126
     /tmp/ccz4h8RL.s:406    .text:000000ce .Loc.127
     /tmp/ccz4h8RL.s:407    .text:000000ce .Loc.128
     /tmp/ccz4h8RL.s:412    .text:000000d0 .Loc.129
     /tmp/ccz4h8RL.s:414    .text:000000d0 .Loc.130
     /tmp/ccz4h8RL.s:421    .text:000000d6 .Loc.131
     /tmp/ccz4h8RL.s:422    .text:000000d6 .Loc.132
     /tmp/ccz4h8RL.s:425    .text:000000d8 .Loc.133
     /tmp/ccz4h8RL.s:432    .text:000000e2 .Loc.134
     /tmp/ccz4h8RL.s:433    .text:000000e2 .Loc.135
     /tmp/ccz4h8RL.s:435    .text:000000e4 .Loc.136
     /tmp/ccz4h8RL.s:436    .text:000000e4 .Loc.137
     /tmp/ccz4h8RL.s:439    .text:000000e6 .Loc.138
     /tmp/ccz4h8RL.s:441    .text:000000e8 .Loc.139
     /tmp/ccz4h8RL.s:443    .text:000000ea .Loc.140
     /tmp/ccz4h8RL.s:446    .text:000000ec .Loc.141
     /tmp/ccz4h8RL.s:448    .text:000000ec .Loc.142
     /tmp/ccz4h8RL.s:450    .text:000000ee L0
     /tmp/ccz4h8RL.s:455    .text:000000ee USART_NineBits_PutChar
     /tmp/ccz4h8RL.s:458    .text:000000ee .Loc.143
     /tmp/ccz4h8RL.s:459    .text:000000ee L0
     /tmp/ccz4h8RL.s:464    .text:000000ee .Loc.144
     /tmp/ccz4h8RL.s:468    .text:000000f2 .Loc.145
     /tmp/ccz4h8RL.s:469    .text:000000f2 .Loc.146
     /tmp/ccz4h8RL.s:471    .text:000000f4 .Loc.147
     /tmp/ccz4h8RL.s:474    .text:000000f8 .Loc.148
     /tmp/ccz4h8RL.s:475    .text:000000f8 .Loc.149
     /tmp/ccz4h8RL.s:478    .text:000000fa .Loc.150
     /tmp/ccz4h8RL.s:480    .text:000000fc .Loc.151
     /tmp/ccz4h8RL.s:481    .text:000000fc .Loc.152
     /tmp/ccz4h8RL.s:484    .text:000000fe .Loc.153
     /tmp/ccz4h8RL.s:487    .text:00000100 .Loc.154
     /tmp/ccz4h8RL.s:488    .text:00000100 .Loc.155
     /tmp/ccz4h8RL.s:491    .text:00000104 L0
     /tmp/ccz4h8RL.s:496    .text:00000104 USART_NineBits_GetChar
     /tmp/ccz4h8RL.s:499    .text:00000104 .Loc.156
     /tmp/ccz4h8RL.s:500    .text:00000104 L0
     /tmp/ccz4h8RL.s:505    .text:00000104 .Loc.157
     /tmp/ccz4h8RL.s:507    .text:00000106 .Loc.158
     /tmp/ccz4h8RL.s:508    .text:00000106 .Loc.159
     /tmp/ccz4h8RL.s:511    .text:00000108 .Loc.160
     /tmp/ccz4h8RL.s:514    .text:0000010c .Loc.161
     /tmp/ccz4h8RL.s:515    .text:0000010c .Loc.162
     /tmp/ccz4h8RL.s:517    .text:0000010e .Loc.163
     /tmp/ccz4h8RL.s:521    .text:00000112 .Loc.164
     /tmp/ccz4h8RL.s:522    .text:00000112 .Loc.165
     /tmp/ccz4h8RL.s:526    .text:00000116 .Loc.166
     /tmp/ccz4h8RL.s:528    .text:00000118 L0
     /tmp/ccz4h8RL.s:535    .text:00000118 L0
                     .debug_frame:00000000 L0
     /tmp/ccz4h8RL.s:107    .text:0000002a .L4
     /tmp/ccz4h8RL.s:192    .text:0000005c .L5
     /tmp/ccz4h8RL.s:235    .text:00000072 .L11
     /tmp/ccz4h8RL.s:346    .text:000000b2 .L15
     /tmp/ccz4h8RL.s:419    .text:000000d6 .L17
     /tmp/ccz4h8RL.s:410    .text:000000d0 .L16
     /tmp/ccz4h8RL.s:486    .text:00000100 .L20
     /tmp/ccz4h8RL.s:477    .text:000000fa .L22
     /tmp/ccz4h8RL.s:520    .text:00000112 .L24
     /tmp/ccz4h8RL.s:1334   .debug_abbrev:00000000 .Ldebug_abbrev0
     /tmp/ccz4h8RL.s:10     .text:00000000 .Ltext0
     /tmp/ccz4h8RL.s:531    .text:00000118 .Letext0
     /tmp/ccz4h8RL.s:2554   .debug_line:00000000 .Ldebug_line0
     /tmp/ccz4h8RL.s:498    .text:00000104 .LFB81
     /tmp/ccz4h8RL.s:529    .text:00000118 .LFE81
     /tmp/ccz4h8RL.s:1921   .debug_loc:00000004 .LLST29
     /tmp/ccz4h8RL.s:1916   .debug_loc:00000000 .LVUS29
     /tmp/ccz4h8RL.s:457    .text:000000ee .LFB80
     /tmp/ccz4h8RL.s:492    .text:00000104 .LFE80
     /tmp/ccz4h8RL.s:1947   .debug_loc:00000030 .LLST28
     /tmp/ccz4h8RL.s:1942   .debug_loc:0000002c .LVUS28
     /tmp/ccz4h8RL.s:361    .text:000000b6 .LFB79
     /tmp/ccz4h8RL.s:451    .text:000000ee .LFE79
     /tmp/ccz4h8RL.s:1968   .debug_loc:00000058 .LLST22
     /tmp/ccz4h8RL.s:1994   .debug_loc:0000008b .LLST23
     /tmp/ccz4h8RL.s:1989   .debug_loc:00000087 .LVUS23
     /tmp/ccz4h8RL.s:2020   .debug_loc:000000b7 .LLST24
     /tmp/ccz4h8RL.s:2015   .debug_loc:000000b3 .LVUS24
     /tmp/ccz4h8RL.s:2040   .debug_loc:000000dd .LLST25
     /tmp/ccz4h8RL.s:2035   .debug_loc:000000d9 .LVUS25
     /tmp/ccz4h8RL.s:2546   .debug_ranges:00000000 .Ldebug_ranges0
     /tmp/ccz4h8RL.s:2054   .debug_loc:000000fd .LLST26
     /tmp/ccz4h8RL.s:2051   .debug_loc:000000fb .LVUS26
     /tmp/ccz4h8RL.s:420    .text:000000d6 .LBB4
     /tmp/ccz4h8RL.s:447    .text:000000ec .LBE4
     /tmp/ccz4h8RL.s:2066   .debug_loc:00000114 .LLST27
     /tmp/ccz4h8RL.s:2061   .debug_loc:00000110 .LVUS27
     /tmp/ccz4h8RL.s:289    .text:0000008c .LFB78
     /tmp/ccz4h8RL.s:355    .text:000000b6 .LFE78
     /tmp/ccz4h8RL.s:2083   .debug_loc:00000137 .LLST16
     /tmp/ccz4h8RL.s:2078   .debug_loc:00000133 .LVUS16
     /tmp/ccz4h8RL.s:2109   .debug_loc:00000163 .LLST17
     /tmp/ccz4h8RL.s:2104   .debug_loc:0000015f .LVUS17
     /tmp/ccz4h8RL.s:2129   .debug_loc:00000189 .LLST18
     /tmp/ccz4h8RL.s:2124   .debug_loc:00000185 .LVUS18
     /tmp/ccz4h8RL.s:2149   .debug_loc:000001af .LLST19
     /tmp/ccz4h8RL.s:2142   .debug_loc:000001a9 .LVUS19
     /tmp/ccz4h8RL.s:2168   .debug_loc:000001db .LLST20
     /tmp/ccz4h8RL.s:2165   .debug_loc:000001d9 .LVUS20
     /tmp/ccz4h8RL.s:2178   .debug_loc:000001f0 .LLST21
     /tmp/ccz4h8RL.s:2175   .debug_loc:000001ee .LVUS21
     /tmp/ccz4h8RL.s:246    .text:00000074 .LFB77
     /tmp/ccz4h8RL.s:283    .text:0000008c .LFE77
     /tmp/ccz4h8RL.s:2190   .debug_loc:00000207 .LLST13
     /tmp/ccz4h8RL.s:2185   .debug_loc:00000203 .LVUS13
     /tmp/ccz4h8RL.s:2216   .debug_loc:00000233 .LLST14
     /tmp/ccz4h8RL.s:2211   .debug_loc:0000022f .LVUS14
     /tmp/ccz4h8RL.s:2234   .debug_loc:00000257 .LLST15
     /tmp/ccz4h8RL.s:2231   .debug_loc:00000255 .LVUS15
     /tmp/ccz4h8RL.s:210    .text:00000064 .LFB76
     /tmp/ccz4h8RL.s:240    .text:00000074 .LFE76
     /tmp/ccz4h8RL.s:2246   .debug_loc:0000026e .LLST10
     /tmp/ccz4h8RL.s:2241   .debug_loc:0000026a .LVUS10
     /tmp/ccz4h8RL.s:2270   .debug_loc:00000298 .LLST11
     /tmp/ccz4h8RL.s:2267   .debug_loc:00000296 .LVUS11
     /tmp/ccz4h8RL.s:2280   .debug_loc:000002ad .LLST12
     /tmp/ccz4h8RL.s:2277   .debug_loc:000002ab .LVUS12
     /tmp/ccz4h8RL.s:118    .text:0000002c .LFB75
     /tmp/ccz4h8RL.s:204    .text:00000064 .LFE75
     /tmp/ccz4h8RL.s:2287   .debug_loc:000002c0 .LLST3
     /tmp/ccz4h8RL.s:2321   .debug_loc:00000302 .LLST4
     /tmp/ccz4h8RL.s:2314   .debug_loc:000002fc .LVUS4
     /tmp/ccz4h8RL.s:2362   .debug_loc:00000344 .LLST5
     /tmp/ccz4h8RL.s:2355   .debug_loc:0000033e .LVUS5
     /tmp/ccz4h8RL.s:2391   .debug_loc:0000037a .LLST6
     /tmp/ccz4h8RL.s:2386   .debug_loc:00000376 .LVUS6
     /tmp/ccz4h8RL.s:2407   .debug_loc:0000039c .LLST7
     /tmp/ccz4h8RL.s:2402   .debug_loc:00000398 .LVUS7
     /tmp/ccz4h8RL.s:2423   .debug_loc:000003be .LLST8
     /tmp/ccz4h8RL.s:2420   .debug_loc:000003bc .LVUS8
     /tmp/ccz4h8RL.s:2437   .debug_loc:000003d7 .LLST9
     /tmp/ccz4h8RL.s:2430   .debug_loc:000003d1 .LVUS9
     /tmp/ccz4h8RL.s:149    .text:0000003a .LVL10
     /tmp/ccz4h8RL.s:76     .text:00000018 .LFB74
     /tmp/ccz4h8RL.s:112    .text:0000002c .LFE74
     /tmp/ccz4h8RL.s:2472   .debug_loc:00000413 .LLST0
     /tmp/ccz4h8RL.s:2467   .debug_loc:0000040f .LVUS0
     /tmp/ccz4h8RL.s:2500   .debug_loc:00000441 .LLST1
     /tmp/ccz4h8RL.s:2493   .debug_loc:0000043b .LVUS1
     /tmp/ccz4h8RL.s:2526   .debug_loc:00000474 .LLST2
     /tmp/ccz4h8RL.s:2523   .debug_loc:00000472 .LVUS2
     /tmp/ccz4h8RL.s:55     .text:00000012 .LFB73
     /tmp/ccz4h8RL.s:70     .text:00000018 .LFE73
     /tmp/ccz4h8RL.s:17     .text:00000000 .LFB72
     /tmp/ccz4h8RL.s:49     .text:00000012 .LFE72
     /tmp/ccz4h8RL.s:497    .text:00000104 .LVL50
     /tmp/ccz4h8RL.s:510    .text:00000108 .LVL51
     /tmp/ccz4h8RL.s:456    .text:000000ee .LVL48
     /tmp/ccz4h8RL.s:467    .text:000000f2 .LVL49
     /tmp/ccz4h8RL.s:366    .text:000000b8 .LCFI3
     /tmp/ccz4h8RL.s:370    .text:000000ba .LCFI4
     /tmp/ccz4h8RL.s:360    .text:000000b6 .LVL37
     /tmp/ccz4h8RL.s:384    .text:000000be .LVL39
     /tmp/ccz4h8RL.s:380    .text:000000bc .LVL38
     /tmp/ccz4h8RL.s:401    .text:000000cc .LVL40
     /tmp/ccz4h8RL.s:418    .text:000000d6 .LVL43
     /tmp/ccz4h8RL.s:424    .text:000000d8 .LVL44
     /tmp/ccz4h8RL.s:409    .text:000000d0 .LVL42
     /tmp/ccz4h8RL.s:431    .text:000000e2 .LVL45
     /tmp/ccz4h8RL.s:438    .text:000000e6 .LVL46
     /tmp/ccz4h8RL.s:445    .text:000000ec .LVL47
     /tmp/ccz4h8RL.s:288    .text:0000008c .LVL27
     /tmp/ccz4h8RL.s:305    .text:00000090 .LVL29
     /tmp/ccz4h8RL.s:301    .text:0000008e .LVL28
     /tmp/ccz4h8RL.s:327    .text:000000a0 .LVL33
     /tmp/ccz4h8RL.s:345    .text:000000b2 .LVL35
     /tmp/ccz4h8RL.s:349    .text:000000b4 .LVL36
     /tmp/ccz4h8RL.s:310    .text:00000094 .LVL30
     /tmp/ccz4h8RL.s:342    .text:000000b0 .LVL34
     /tmp/ccz4h8RL.s:314    .text:00000096 .LVL31
     /tmp/ccz4h8RL.s:321    .text:0000009c .LVL32
     /tmp/ccz4h8RL.s:245    .text:00000074 .LVL24
     /tmp/ccz4h8RL.s:268    .text:00000082 .LVL26
     /tmp/ccz4h8RL.s:258    .text:00000076 .LVL25
     /tmp/ccz4h8RL.s:209    .text:00000064 .LVL20
     /tmp/ccz4h8RL.s:230    .text:0000006c .LVL23
     /tmp/ccz4h8RL.s:222    .text:00000068 .LVL21
     /tmp/ccz4h8RL.s:226    .text:0000006a .LVL22
     /tmp/ccz4h8RL.s:123    .text:0000002e .LCFI0
     /tmp/ccz4h8RL.s:127    .text:00000030 .LCFI1
     /tmp/ccz4h8RL.s:131    .text:00000032 .LCFI2
     /tmp/ccz4h8RL.s:117    .text:0000002c .LVL8
     /tmp/ccz4h8RL.s:197    .text:00000060 .LVL18
     /tmp/ccz4h8RL.s:200    .text:00000062 .LVL19
     /tmp/ccz4h8RL.s:179    .text:00000054 .LVL14
     /tmp/ccz4h8RL.s:182    .text:00000056 .LVL15
     /tmp/ccz4h8RL.s:186    .text:0000005a .LVL16
     /tmp/ccz4h8RL.s:191    .text:0000005c .LVL17
     /tmp/ccz4h8RL.s:157    .text:00000040 .LVL11
     /tmp/ccz4h8RL.s:167    .text:0000004a .LVL12
     /tmp/ccz4h8RL.s:170    .text:0000004c .LVL13
     /tmp/ccz4h8RL.s:145    .text:00000036 .LVL9
     /tmp/ccz4h8RL.s:75     .text:00000018 .LVL2
     /tmp/ccz4h8RL.s:102    .text:00000024 .LVL7
     /tmp/ccz4h8RL.s:88     .text:0000001c .LVL3
     /tmp/ccz4h8RL.s:96     .text:00000020 .LVL5
     /tmp/ccz4h8RL.s:99     .text:00000022 .LVL6
     /tmp/ccz4h8RL.s:92     .text:0000001e .LVL4
     /tmp/ccz4h8RL.s:536    .debug_info:00000000 .Ldebug_info0
     /tmp/ccz4h8RL.s:388    .text:000000c0 .LBB2
     /tmp/ccz4h8RL.s:392    .text:000000c4 .LBE2
     /tmp/ccz4h8RL.s:396    .text:000000c8 .LBB3
     /tmp/ccz4h8RL.s:413    .text:000000d0 .LBE3

NO UNDEFINED SYMBOLS
