   1              		.cpu cortex-m0
   2              		.arch armv6s-m
   3              		.fpu softvfp
   4              		.eabi_attribute 20, 1
   5              		.eabi_attribute 21, 1
   6              		.eabi_attribute 23, 3
   7              		.eabi_attribute 24, 1
   8              		.eabi_attribute 25, 1
   9              		.eabi_attribute 26, 1
  10              		.eabi_attribute 30, 4
  11              		.eabi_attribute 34, 0
  12              		.eabi_attribute 18, 4
  13              		.file	"simpleserial.c"
  14              		.text
  15              	.Ltext0:
  16              		.cfi_sections	.debug_frame
  17              		.file 1 ".././simpleserial/simpleserial.c"
  18              		.section	.text.ss_crc,"ax",%progbits
  19              		.align	1
  20              		.global	ss_crc
  21              		.syntax unified
  22              		.code	16
  23              		.thumb_func
  25              	ss_crc:
  26              	.LVL0:
  27              	.LFB0:
   1:.././simpleserial/simpleserial.c **** // simpleserial.c
   2:.././simpleserial/simpleserial.c **** 
   3:.././simpleserial/simpleserial.c **** #include "simpleserial.h"
   4:.././simpleserial/simpleserial.c **** #include <stdint.h>
   5:.././simpleserial/simpleserial.c **** #include "hal.h"
   6:.././simpleserial/simpleserial.c **** 
   7:.././simpleserial/simpleserial.c **** 
   8:.././simpleserial/simpleserial.c **** #define MAX_SS_CMDS 32
   9:.././simpleserial/simpleserial.c **** static int num_commands = 0;
  10:.././simpleserial/simpleserial.c **** 
  11:.././simpleserial/simpleserial.c **** 
  12:.././simpleserial/simpleserial.c **** //#define SS_VER_1_0 0
  13:.././simpleserial/simpleserial.c **** //#define SS_VER_1_1 1
  14:.././simpleserial/simpleserial.c **** //#define SS_VER_2_0 2
  15:.././simpleserial/simpleserial.c **** 
  16:.././simpleserial/simpleserial.c **** 
  17:.././simpleserial/simpleserial.c **** // 0xA6 formerly 
  18:.././simpleserial/simpleserial.c **** #define CW_CRC 0x4D 
  19:.././simpleserial/simpleserial.c **** uint8_t ss_crc(uint8_t *buf, uint8_t len)
  20:.././simpleserial/simpleserial.c **** {
  28              		.loc 1 20 1 view -0
  29              		.cfi_startproc
  30              		@ args = 0, pretend = 0, frame = 0
  31              		@ frame_needed = 0, uses_anonymous_args = 0
  21:.././simpleserial/simpleserial.c **** 	unsigned int k = 0;
  32              		.loc 1 21 2 view .LVU1
  22:.././simpleserial/simpleserial.c **** 	uint8_t crc = 0x00;
  33              		.loc 1 22 2 view .LVU2
  23:.././simpleserial/simpleserial.c **** 	while (len--) {
  34              		.loc 1 23 2 view .LVU3
  35 0000 0300     		movs	r3, r0
  20:.././simpleserial/simpleserial.c **** 	unsigned int k = 0;
  36              		.loc 1 20 1 is_stmt 0 view .LVU4
  37 0002 30B5     		push	{r4, r5, lr}
  38              	.LCFI0:
  39              		.cfi_def_cfa_offset 12
  40              		.cfi_offset 4, -12
  41              		.cfi_offset 5, -8
  42              		.cfi_offset 14, -4
  43 0004 4118     		adds	r1, r0, r1
  44              	.LVL1:
  24:.././simpleserial/simpleserial.c **** 		crc ^= *buf++;
  25:.././simpleserial/simpleserial.c **** 		for (k = 0; k < 8; k++) {
  26:.././simpleserial/simpleserial.c **** 			crc = crc & 0x80 ? (crc << 1) ^ CW_CRC: crc << 1;
  45              		.loc 1 26 34 discriminator 1 view .LVU5
  46 0006 4D25     		movs	r5, #77
  22:.././simpleserial/simpleserial.c **** 	while (len--) {
  47              		.loc 1 22 10 view .LVU6
  48 0008 0020     		movs	r0, #0
  49              	.LVL2:
  50              	.L2:
  23:.././simpleserial/simpleserial.c **** 		crc ^= *buf++;
  51              		.loc 1 23 9 is_stmt 1 view .LVU7
  23:.././simpleserial/simpleserial.c **** 		crc ^= *buf++;
  52              		.loc 1 23 9 is_stmt 0 view .LVU8
  53 000a 8B42     		cmp	r3, r1
  54 000c 00D1     		bne	.L6
  27:.././simpleserial/simpleserial.c **** 		}
  28:.././simpleserial/simpleserial.c **** 	}
  29:.././simpleserial/simpleserial.c **** 	return crc;
  55              		.loc 1 29 2 is_stmt 1 view .LVU9
  30:.././simpleserial/simpleserial.c **** 
  31:.././simpleserial/simpleserial.c **** }
  56              		.loc 1 31 1 is_stmt 0 view .LVU10
  57              		@ sp needed
  58 000e 30BD     		pop	{r4, r5, pc}
  59              	.L6:
  24:.././simpleserial/simpleserial.c **** 		for (k = 0; k < 8; k++) {
  60              		.loc 1 24 3 is_stmt 1 view .LVU11
  61              	.LVL3:
  24:.././simpleserial/simpleserial.c **** 		for (k = 0; k < 8; k++) {
  62              		.loc 1 24 7 is_stmt 0 view .LVU12
  63 0010 0824     		movs	r4, #8
  64 0012 1A78     		ldrb	r2, [r3]
  65 0014 5040     		eors	r0, r2
  66              	.LVL4:
  25:.././simpleserial/simpleserial.c **** 			crc = crc & 0x80 ? (crc << 1) ^ CW_CRC: crc << 1;
  67              		.loc 1 25 3 is_stmt 1 view .LVU13
  25:.././simpleserial/simpleserial.c **** 			crc = crc & 0x80 ? (crc << 1) ^ CW_CRC: crc << 1;
  68              		.loc 1 25 17 discriminator 1 view .LVU14
  69              	.L5:
  26:.././simpleserial/simpleserial.c **** 		}
  70              		.loc 1 26 4 view .LVU15
  26:.././simpleserial/simpleserial.c **** 		}
  71              		.loc 1 26 21 is_stmt 0 view .LVU16
  72 0016 42B2     		sxtb	r2, r0
  26:.././simpleserial/simpleserial.c **** 		}
  73              		.loc 1 26 8 discriminator 2 view .LVU17
  74 0018 4000     		lsls	r0, r0, #1
  75              	.LVL5:
  26:.././simpleserial/simpleserial.c **** 		}
  76              		.loc 1 26 8 discriminator 2 view .LVU18
  77 001a C0B2     		uxtb	r0, r0
  26:.././simpleserial/simpleserial.c **** 		}
  78              		.loc 1 26 8 view .LVU19
  79 001c 002A     		cmp	r2, #0
  80 001e 02DA     		bge	.L4
  26:.././simpleserial/simpleserial.c **** 		}
  81              		.loc 1 26 34 discriminator 1 view .LVU20
  82 0020 5200     		lsls	r2, r2, #1
  83              	.LVL6:
  26:.././simpleserial/simpleserial.c **** 		}
  84              		.loc 1 26 34 discriminator 1 view .LVU21
  85 0022 6A40     		eors	r2, r5
  26:.././simpleserial/simpleserial.c **** 		}
  86              		.loc 1 26 8 discriminator 1 view .LVU22
  87 0024 D0B2     		uxtb	r0, r2
  88              	.L4:
  89              	.LVL7:
  25:.././simpleserial/simpleserial.c **** 			crc = crc & 0x80 ? (crc << 1) ^ CW_CRC: crc << 1;
  90              		.loc 1 25 23 is_stmt 1 discriminator 2 view .LVU23
  25:.././simpleserial/simpleserial.c **** 			crc = crc & 0x80 ? (crc << 1) ^ CW_CRC: crc << 1;
  91              		.loc 1 25 17 discriminator 1 view .LVU24
  92 0026 013C     		subs	r4, r4, #1
  93              	.LVL8:
  25:.././simpleserial/simpleserial.c **** 			crc = crc & 0x80 ? (crc << 1) ^ CW_CRC: crc << 1;
  94              		.loc 1 25 17 is_stmt 0 discriminator 1 view .LVU25
  95 0028 002C     		cmp	r4, #0
  96 002a F4D1     		bne	.L5
  97 002c 0133     		adds	r3, r3, #1
  98              	.LVL9:
  25:.././simpleserial/simpleserial.c **** 			crc = crc & 0x80 ? (crc << 1) ^ CW_CRC: crc << 1;
  99              		.loc 1 25 17 discriminator 1 view .LVU26
 100 002e ECE7     		b	.L2
 101              		.cfi_endproc
 102              	.LFE0:
 104              		.section	.text.hex_decode,"ax",%progbits
 105              		.align	1
 106              		.global	hex_decode
 107              		.syntax unified
 108              		.code	16
 109              		.thumb_func
 111              	hex_decode:
 112              	.LVL10:
 113              	.LFB1:
  32:.././simpleserial/simpleserial.c **** 
  33:.././simpleserial/simpleserial.c **** // [B_STUFF, CMD, SCMD, LEN, B_STUFF, DATA..., CRC, TERM]
  34:.././simpleserial/simpleserial.c **** 
  35:.././simpleserial/simpleserial.c **** //#define SS_VER SS_VER_2_0
  36:.././simpleserial/simpleserial.c **** #if SS_VER == SS_VER_2_0
  37:.././simpleserial/simpleserial.c **** #error "SS_VER_2_0 is deprecated! Use SS_VER_2_1 instead."
  38:.././simpleserial/simpleserial.c **** #elif SS_VER == SS_VER_2_1
  39:.././simpleserial/simpleserial.c **** 
  40:.././simpleserial/simpleserial.c **** #define MAX_SS_LEN 249
  41:.././simpleserial/simpleserial.c **** 
  42:.././simpleserial/simpleserial.c **** int hex_decode(int len, char* ascii_buf, uint8_t* data_buf)
  43:.././simpleserial/simpleserial.c **** {
 114              		.loc 1 43 1 is_stmt 1 view -0
 115              		.cfi_startproc
 116              		@ args = 0, pretend = 0, frame = 0
 117              		@ frame_needed = 0, uses_anonymous_args = 0
  44:.././simpleserial/simpleserial.c **** 	for(int i = 0; i < len; i++)
 118              		.loc 1 44 2 view .LVU28
 119              	.LBB2:
 120              		.loc 1 44 6 view .LVU29
 121              		.loc 1 44 6 is_stmt 0 view .LVU30
 122              	.LBE2:
  43:.././simpleserial/simpleserial.c **** 	for(int i = 0; i < len; i++)
 123              		.loc 1 43 1 view .LVU31
 124 0000 70B5     		push	{r4, r5, r6, lr}
 125              	.LCFI1:
 126              		.cfi_def_cfa_offset 16
 127              		.cfi_offset 4, -16
 128              		.cfi_offset 5, -12
 129              		.cfi_offset 6, -8
 130              		.cfi_offset 14, -4
 131              	.LBB6:
 132              		.loc 1 44 2 view .LVU32
 133 0002 1400     		movs	r4, r2
 134              	.LVL11:
 135              	.L9:
 136              		.loc 1 44 19 is_stmt 1 discriminator 1 view .LVU33
 137 0004 A31A     		subs	r3, r4, r2
 138 0006 9842     		cmp	r0, r3
 139 0008 01DC     		bgt	.L19
 140              	.LBE6:
  45:.././simpleserial/simpleserial.c **** 	{
  46:.././simpleserial/simpleserial.c **** 		char n_hi = ascii_buf[2*i];
  47:.././simpleserial/simpleserial.c **** 		char n_lo = ascii_buf[2*i+1];
  48:.././simpleserial/simpleserial.c **** 
  49:.././simpleserial/simpleserial.c **** 		if(n_lo >= '0' && n_lo <= '9')
  50:.././simpleserial/simpleserial.c **** 			data_buf[i] = n_lo - '0';
  51:.././simpleserial/simpleserial.c **** 		else if(n_lo >= 'A' && n_lo <= 'F')
  52:.././simpleserial/simpleserial.c **** 			data_buf[i] = n_lo - 'A' + 10;
  53:.././simpleserial/simpleserial.c **** 		else if(n_lo >= 'a' && n_lo <= 'f')
  54:.././simpleserial/simpleserial.c **** 			data_buf[i] = n_lo - 'a' + 10;
  55:.././simpleserial/simpleserial.c **** 		else
  56:.././simpleserial/simpleserial.c **** 			return 1;
  57:.././simpleserial/simpleserial.c **** 
  58:.././simpleserial/simpleserial.c **** 		if(n_hi >= '0' && n_hi <= '9')
  59:.././simpleserial/simpleserial.c **** 			data_buf[i] |= (n_hi - '0') << 4;
  60:.././simpleserial/simpleserial.c **** 		else if(n_hi >= 'A' && n_hi <= 'F')
  61:.././simpleserial/simpleserial.c **** 			data_buf[i] |= (n_hi - 'A' + 10) << 4;
  62:.././simpleserial/simpleserial.c **** 		else if(n_hi >= 'a' && n_hi <= 'f')
  63:.././simpleserial/simpleserial.c **** 			data_buf[i] |= (n_hi - 'a' + 10) << 4;
  64:.././simpleserial/simpleserial.c **** 		else
  65:.././simpleserial/simpleserial.c **** 			return 1;
  66:.././simpleserial/simpleserial.c **** 	}
  67:.././simpleserial/simpleserial.c **** 
  68:.././simpleserial/simpleserial.c **** 	return 0;
 141              		.loc 1 68 9 is_stmt 0 view .LVU34
 142 000a 0020     		movs	r0, #0
 143              	.LVL12:
 144              		.loc 1 68 9 view .LVU35
 145 000c 1FE0     		b	.L8
 146              	.LVL13:
 147              	.L19:
 148              	.LBB7:
 149              	.LBB3:
  46:.././simpleserial/simpleserial.c **** 		char n_lo = ascii_buf[2*i+1];
 150              		.loc 1 46 3 is_stmt 1 view .LVU36
  47:.././simpleserial/simpleserial.c **** 
 151              		.loc 1 47 8 is_stmt 0 view .LVU37
 152 000e 4D78     		ldrb	r5, [r1, #1]
  46:.././simpleserial/simpleserial.c **** 		char n_lo = ascii_buf[2*i+1];
 153              		.loc 1 46 8 view .LVU38
 154 0010 0B78     		ldrb	r3, [r1]
 155              	.LVL14:
  47:.././simpleserial/simpleserial.c **** 
 156              		.loc 1 47 3 is_stmt 1 view .LVU39
  49:.././simpleserial/simpleserial.c **** 			data_buf[i] = n_lo - '0';
 157              		.loc 1 49 3 view .LVU40
  49:.././simpleserial/simpleserial.c **** 			data_buf[i] = n_lo - '0';
 158              		.loc 1 49 18 is_stmt 0 view .LVU41
 159 0012 2E00     		movs	r6, r5
 160 0014 303E     		subs	r6, r6, #48
 161 0016 F6B2     		uxtb	r6, r6
  49:.././simpleserial/simpleserial.c **** 			data_buf[i] = n_lo - '0';
 162              		.loc 1 49 5 view .LVU42
 163 0018 092E     		cmp	r6, #9
 164 001a 0CD8     		bhi	.L10
  50:.././simpleserial/simpleserial.c **** 		else if(n_lo >= 'A' && n_lo <= 'F')
 165              		.loc 1 50 4 is_stmt 1 view .LVU43
  50:.././simpleserial/simpleserial.c **** 		else if(n_lo >= 'A' && n_lo <= 'F')
 166              		.loc 1 50 16 is_stmt 0 view .LVU44
 167 001c 2670     		strb	r6, [r4]
 168              	.LVL15:
 169              	.L11:
  58:.././simpleserial/simpleserial.c **** 			data_buf[i] |= (n_hi - '0') << 4;
 170              		.loc 1 58 3 is_stmt 1 view .LVU45
  58:.././simpleserial/simpleserial.c **** 			data_buf[i] |= (n_hi - '0') << 4;
 171              		.loc 1 58 18 is_stmt 0 view .LVU46
 172 001e 1D00     		movs	r5, r3
 173 0020 303D     		subs	r5, r5, #48
 174 0022 EDB2     		uxtb	r5, r5
  58:.././simpleserial/simpleserial.c **** 			data_buf[i] |= (n_hi - '0') << 4;
 175              		.loc 1 58 5 view .LVU47
 176 0024 092D     		cmp	r5, #9
 177 0026 15D8     		bhi	.L15
  59:.././simpleserial/simpleserial.c **** 		else if(n_hi >= 'A' && n_hi <= 'F')
 178              		.loc 1 59 4 is_stmt 1 view .LVU48
  59:.././simpleserial/simpleserial.c **** 		else if(n_hi >= 'A' && n_hi <= 'F')
 179              		.loc 1 59 16 is_stmt 0 view .LVU49
 180 0028 2378     		ldrb	r3, [r4]
 181              	.LVL16:
  59:.././simpleserial/simpleserial.c **** 		else if(n_hi >= 'A' && n_hi <= 'F')
 182              		.loc 1 59 16 view .LVU50
 183 002a 2D01     		lsls	r5, r5, #4
 184              	.L21:
  63:.././simpleserial/simpleserial.c **** 		else
 185              		.loc 1 63 16 view .LVU51
 186 002c 2B43     		orrs	r3, r5
 187 002e 2370     		strb	r3, [r4]
 188              	.LBE3:
  44:.././simpleserial/simpleserial.c **** 	{
 189              		.loc 1 44 27 is_stmt 1 discriminator 2 view .LVU52
 190              	.LVL17:
  44:.././simpleserial/simpleserial.c **** 	{
 191              		.loc 1 44 27 is_stmt 0 discriminator 2 view .LVU53
 192 0030 0231     		adds	r1, r1, #2
 193 0032 0134     		adds	r4, r4, #1
 194              	.LVL18:
  44:.././simpleserial/simpleserial.c **** 	{
 195              		.loc 1 44 27 discriminator 2 view .LVU54
 196 0034 E6E7     		b	.L9
 197              	.LVL19:
 198              	.L10:
 199              	.LBB4:
  51:.././simpleserial/simpleserial.c **** 			data_buf[i] = n_lo - 'A' + 10;
 200              		.loc 1 51 8 is_stmt 1 view .LVU55
  51:.././simpleserial/simpleserial.c **** 			data_buf[i] = n_lo - 'A' + 10;
 201              		.loc 1 51 10 is_stmt 0 view .LVU56
 202 0036 2E00     		movs	r6, r5
 203 0038 413E     		subs	r6, r6, #65
 204 003a 052E     		cmp	r6, #5
 205 003c 02D8     		bhi	.L12
  52:.././simpleserial/simpleserial.c **** 		else if(n_lo >= 'a' && n_lo <= 'f')
 206              		.loc 1 52 4 is_stmt 1 view .LVU57
  52:.././simpleserial/simpleserial.c **** 		else if(n_lo >= 'a' && n_lo <= 'f')
 207              		.loc 1 52 29 is_stmt 0 view .LVU58
 208 003e 373D     		subs	r5, r5, #55
 209              	.LVL20:
 210              	.L20:
  54:.././simpleserial/simpleserial.c **** 		else
 211              		.loc 1 54 16 view .LVU59
 212 0040 2570     		strb	r5, [r4]
 213              	.LVL21:
  54:.././simpleserial/simpleserial.c **** 		else
 214              		.loc 1 54 16 view .LVU60
 215 0042 ECE7     		b	.L11
 216              	.LVL22:
 217              	.L12:
  53:.././simpleserial/simpleserial.c **** 			data_buf[i] = n_lo - 'a' + 10;
 218              		.loc 1 53 8 is_stmt 1 view .LVU61
  53:.././simpleserial/simpleserial.c **** 			data_buf[i] = n_lo - 'a' + 10;
 219              		.loc 1 53 10 is_stmt 0 view .LVU62
 220 0044 2E00     		movs	r6, r5
 221 0046 613E     		subs	r6, r6, #97
 222 0048 052E     		cmp	r6, #5
 223 004a 01D9     		bls	.L13
 224              	.LVL23:
 225              	.L18:
  56:.././simpleserial/simpleserial.c **** 
 226              		.loc 1 56 11 view .LVU63
 227 004c 0120     		movs	r0, #1
 228              	.LVL24:
 229              	.L8:
  56:.././simpleserial/simpleserial.c **** 
 230              		.loc 1 56 11 view .LVU64
 231              	.LBE4:
 232              	.LBE7:
  69:.././simpleserial/simpleserial.c **** }
 233              		.loc 1 69 1 view .LVU65
 234              		@ sp needed
 235              	.LVL25:
 236              		.loc 1 69 1 view .LVU66
 237 004e 70BD     		pop	{r4, r5, r6, pc}
 238              	.LVL26:
 239              	.L13:
 240              	.LBB8:
 241              	.LBB5:
  54:.././simpleserial/simpleserial.c **** 		else
 242              		.loc 1 54 4 is_stmt 1 view .LVU67
  54:.././simpleserial/simpleserial.c **** 		else
 243              		.loc 1 54 29 is_stmt 0 view .LVU68
 244 0050 573D     		subs	r5, r5, #87
 245              	.LVL27:
  54:.././simpleserial/simpleserial.c **** 		else
 246              		.loc 1 54 29 view .LVU69
 247 0052 F5E7     		b	.L20
 248              	.LVL28:
 249              	.L15:
  60:.././simpleserial/simpleserial.c **** 			data_buf[i] |= (n_hi - 'A' + 10) << 4;
 250              		.loc 1 60 8 is_stmt 1 view .LVU70
  60:.././simpleserial/simpleserial.c **** 			data_buf[i] |= (n_hi - 'A' + 10) << 4;
 251              		.loc 1 60 10 is_stmt 0 view .LVU71
 252 0054 1D00     		movs	r5, r3
 253 0056 413D     		subs	r5, r5, #65
 254 0058 052D     		cmp	r5, #5
 255 005a 03D8     		bhi	.L17
  61:.././simpleserial/simpleserial.c **** 		else if(n_hi >= 'a' && n_hi <= 'f')
 256              		.loc 1 61 4 is_stmt 1 view .LVU72
  61:.././simpleserial/simpleserial.c **** 		else if(n_hi >= 'a' && n_hi <= 'f')
 257              		.loc 1 61 16 is_stmt 0 view .LVU73
 258 005c 373B     		subs	r3, r3, #55
 259              	.LVL29:
 260              	.L22:
  63:.././simpleserial/simpleserial.c **** 		else
 261              		.loc 1 63 16 view .LVU74
 262 005e 2578     		ldrb	r5, [r4]
 263 0060 1B01     		lsls	r3, r3, #4
 264 0062 E3E7     		b	.L21
 265              	.LVL30:
 266              	.L17:
  62:.././simpleserial/simpleserial.c **** 			data_buf[i] |= (n_hi - 'a' + 10) << 4;
 267              		.loc 1 62 8 is_stmt 1 view .LVU75
  62:.././simpleserial/simpleserial.c **** 			data_buf[i] |= (n_hi - 'a' + 10) << 4;
 268              		.loc 1 62 10 is_stmt 0 view .LVU76
 269 0064 1D00     		movs	r5, r3
 270 0066 613D     		subs	r5, r5, #97
 271 0068 052D     		cmp	r5, #5
 272 006a EFD8     		bhi	.L18
  63:.././simpleserial/simpleserial.c **** 		else
 273              		.loc 1 63 4 is_stmt 1 view .LVU77
  63:.././simpleserial/simpleserial.c **** 		else
 274              		.loc 1 63 16 is_stmt 0 view .LVU78
 275 006c 573B     		subs	r3, r3, #87
 276              	.LVL31:
  63:.././simpleserial/simpleserial.c **** 		else
 277              		.loc 1 63 16 view .LVU79
 278 006e F6E7     		b	.L22
 279              	.LBE5:
 280              	.LBE8:
 281              		.cfi_endproc
 282              	.LFE1:
 284              		.section	.text.ss_puts,"ax",%progbits
 285              		.align	1
 286              		.global	ss_puts
 287              		.syntax unified
 288              		.code	16
 289              		.thumb_func
 291              	ss_puts:
 292              	.LVL32:
 293              	.LFB2:
  70:.././simpleserial/simpleserial.c **** 
  71:.././simpleserial/simpleserial.c **** typedef struct ss_cmd
  72:.././simpleserial/simpleserial.c **** {
  73:.././simpleserial/simpleserial.c **** 	char c;
  74:.././simpleserial/simpleserial.c **** 	unsigned int len;
  75:.././simpleserial/simpleserial.c **** 	uint8_t (*fp)(uint8_t, uint8_t, uint8_t, uint8_t *);
  76:.././simpleserial/simpleserial.c **** } ss_cmd;
  77:.././simpleserial/simpleserial.c **** static ss_cmd commands[MAX_SS_CMDS];
  78:.././simpleserial/simpleserial.c **** 
  79:.././simpleserial/simpleserial.c **** void ss_puts(char *x)
  80:.././simpleserial/simpleserial.c **** {
 294              		.loc 1 80 1 is_stmt 1 view -0
 295              		.cfi_startproc
 296              		@ args = 0, pretend = 0, frame = 0
 297              		@ frame_needed = 0, uses_anonymous_args = 0
 298              		.loc 1 80 1 is_stmt 0 view .LVU81
 299 0000 10B5     		push	{r4, lr}
 300              	.LCFI2:
 301              		.cfi_def_cfa_offset 8
 302              		.cfi_offset 4, -8
 303              		.cfi_offset 14, -4
 304 0002 0400     		movs	r4, r0
 305              	.LVL33:
 306              	.L24:
  81:.././simpleserial/simpleserial.c **** 	do {
 307              		.loc 1 81 2 is_stmt 1 view .LVU82
  82:.././simpleserial/simpleserial.c **** 		putch(*x);
 308              		.loc 1 82 3 view .LVU83
 309 0004 2078     		ldrb	r0, [r4]
  83:.././simpleserial/simpleserial.c **** 	} while (*++x);
 310              		.loc 1 83 11 is_stmt 0 discriminator 1 view .LVU84
 311 0006 0134     		adds	r4, r4, #1
 312              	.LVL34:
  82:.././simpleserial/simpleserial.c **** 		putch(*x);
 313              		.loc 1 82 3 view .LVU85
 314 0008 FFF7FEFF 		bl	putch
 315              	.LVL35:
 316              		.loc 1 83 11 is_stmt 1 discriminator 1 view .LVU86
 317              		.loc 1 83 11 is_stmt 0 discriminator 1 view .LVU87
 318 000c 2378     		ldrb	r3, [r4]
 319 000e 002B     		cmp	r3, #0
 320 0010 F8D1     		bne	.L24
  84:.././simpleserial/simpleserial.c **** }
 321              		.loc 1 84 1 view .LVU88
 322              		@ sp needed
 323              	.LVL36:
 324              		.loc 1 84 1 view .LVU89
 325 0012 10BD     		pop	{r4, pc}
 326              		.cfi_endproc
 327              	.LFE2:
 329              		.section	.text.stuff_data,"ax",%progbits
 330              		.align	1
 331              		.global	stuff_data
 332              		.syntax unified
 333              		.code	16
 334              		.thumb_func
 336              	stuff_data:
 337              	.LVL37:
 338              	.LFB5:
  85:.././simpleserial/simpleserial.c **** 
  86:.././simpleserial/simpleserial.c **** #define FRAME_BYTE 0x00
  87:.././simpleserial/simpleserial.c **** 
  88:.././simpleserial/simpleserial.c **** uint8_t check_version(uint8_t cmd, uint8_t scmd, uint8_t len, uint8_t *data)
  89:.././simpleserial/simpleserial.c **** {
  90:.././simpleserial/simpleserial.c **** 	uint8_t ver = SS_VER;
  91:.././simpleserial/simpleserial.c **** 	simpleserial_put('r', 1, &ver);
  92:.././simpleserial/simpleserial.c **** 	return SS_ERR_OK;
  93:.././simpleserial/simpleserial.c **** }
  94:.././simpleserial/simpleserial.c **** 
  95:.././simpleserial/simpleserial.c **** uint8_t ss_get_commands(uint8_t cmd, uint8_t scmd, uint8_t len, uint8_t *data)
  96:.././simpleserial/simpleserial.c **** {
  97:.././simpleserial/simpleserial.c ****     uint8_t cmd_chars[MAX_SS_CMDS];
  98:.././simpleserial/simpleserial.c ****     for (uint8_t i = 0; i < (num_commands & 0xFF); i++) {
  99:.././simpleserial/simpleserial.c ****         cmd_chars[i] = commands[i].c;
 100:.././simpleserial/simpleserial.c ****     }
 101:.././simpleserial/simpleserial.c **** 
 102:.././simpleserial/simpleserial.c ****     simpleserial_put('r', num_commands & 0xFF, (void *)cmd_chars);
 103:.././simpleserial/simpleserial.c ****     return 0x00;
 104:.././simpleserial/simpleserial.c **** 
 105:.././simpleserial/simpleserial.c **** }
 106:.././simpleserial/simpleserial.c **** 
 107:.././simpleserial/simpleserial.c **** uint8_t stuff_data(uint8_t *buf, uint8_t len)
 108:.././simpleserial/simpleserial.c **** {
 339              		.loc 1 108 1 is_stmt 1 view -0
 340              		.cfi_startproc
 341              		@ args = 0, pretend = 0, frame = 0
 342              		@ frame_needed = 0, uses_anonymous_args = 0
 109:.././simpleserial/simpleserial.c **** 	uint8_t i = 1;
 343              		.loc 1 109 2 view .LVU91
 110:.././simpleserial/simpleserial.c **** 	uint8_t last = 0;
 344              		.loc 1 110 2 view .LVU92
 111:.././simpleserial/simpleserial.c **** 	for (; i < len; i++) {
 345              		.loc 1 111 2 view .LVU93
 110:.././simpleserial/simpleserial.c **** 	uint8_t last = 0;
 346              		.loc 1 110 10 is_stmt 0 view .LVU94
 347 0000 0022     		movs	r2, #0
 109:.././simpleserial/simpleserial.c **** 	uint8_t i = 1;
 348              		.loc 1 109 10 view .LVU95
 349 0002 0123     		movs	r3, #1
 108:.././simpleserial/simpleserial.c **** 	uint8_t i = 1;
 350              		.loc 1 108 1 view .LVU96
 351 0004 30B5     		push	{r4, r5, lr}
 352              	.LCFI3:
 353              		.cfi_def_cfa_offset 12
 354              		.cfi_offset 4, -12
 355              		.cfi_offset 5, -8
 356              		.cfi_offset 14, -4
 357 0006 441C     		adds	r4, r0, #1
 358              	.LVL38:
 359              	.L27:
 360              		.loc 1 111 11 is_stmt 1 discriminator 1 view .LVU97
 361 0008 8B42     		cmp	r3, r1
 362 000a 01D3     		bcc	.L29
 112:.././simpleserial/simpleserial.c **** 		if (buf[i] == FRAME_BYTE) {
 113:.././simpleserial/simpleserial.c **** 			buf[last] = i - last;
 114:.././simpleserial/simpleserial.c **** 			last = i;
 115:.././simpleserial/simpleserial.c **** 		}
 116:.././simpleserial/simpleserial.c **** 	}
 117:.././simpleserial/simpleserial.c **** 	return 0x00;
 363              		.loc 1 117 2 view .LVU98
 118:.././simpleserial/simpleserial.c **** }
 364              		.loc 1 118 1 is_stmt 0 view .LVU99
 365              		@ sp needed
 366 000c 0020     		movs	r0, #0
 367              	.LVL39:
 368              		.loc 1 118 1 view .LVU100
 369 000e 30BD     		pop	{r4, r5, pc}
 370              	.LVL40:
 371              	.L29:
 112:.././simpleserial/simpleserial.c **** 		if (buf[i] == FRAME_BYTE) {
 372              		.loc 1 112 3 is_stmt 1 view .LVU101
 112:.././simpleserial/simpleserial.c **** 		if (buf[i] == FRAME_BYTE) {
 373              		.loc 1 112 6 is_stmt 0 view .LVU102
 374 0010 2578     		ldrb	r5, [r4]
 375 0012 002D     		cmp	r5, #0
 376 0014 02D1     		bne	.L28
 113:.././simpleserial/simpleserial.c **** 			last = i;
 377              		.loc 1 113 4 is_stmt 1 view .LVU103
 113:.././simpleserial/simpleserial.c **** 			last = i;
 378              		.loc 1 113 18 is_stmt 0 view .LVU104
 379 0016 9D1A     		subs	r5, r3, r2
 113:.././simpleserial/simpleserial.c **** 			last = i;
 380              		.loc 1 113 14 view .LVU105
 381 0018 8554     		strb	r5, [r0, r2]
 114:.././simpleserial/simpleserial.c **** 		}
 382              		.loc 1 114 4 is_stmt 1 view .LVU106
 383              	.LVL41:
 114:.././simpleserial/simpleserial.c **** 		}
 384              		.loc 1 114 9 is_stmt 0 view .LVU107
 385 001a 1A00     		movs	r2, r3
 386              	.LVL42:
 387              	.L28:
 111:.././simpleserial/simpleserial.c **** 		if (buf[i] == FRAME_BYTE) {
 388              		.loc 1 111 19 is_stmt 1 view .LVU108
 389 001c 0133     		adds	r3, r3, #1
 390              	.LVL43:
 111:.././simpleserial/simpleserial.c **** 		if (buf[i] == FRAME_BYTE) {
 391              		.loc 1 111 19 is_stmt 0 view .LVU109
 392 001e DBB2     		uxtb	r3, r3
 393              	.LVL44:
 111:.././simpleserial/simpleserial.c **** 		if (buf[i] == FRAME_BYTE) {
 394              		.loc 1 111 19 view .LVU110
 395 0020 0134     		adds	r4, r4, #1
 396 0022 F1E7     		b	.L27
 397              		.cfi_endproc
 398              	.LFE5:
 400              		.section	.text.unstuff_data,"ax",%progbits
 401              		.align	1
 402              		.global	unstuff_data
 403              		.syntax unified
 404              		.code	16
 405              		.thumb_func
 407              	unstuff_data:
 408              	.LVL45:
 409              	.LFB6:
 119:.././simpleserial/simpleserial.c **** 
 120:.././simpleserial/simpleserial.c **** uint8_t unstuff_data(uint8_t *buf, uint8_t len)
 121:.././simpleserial/simpleserial.c **** {
 410              		.loc 1 121 1 is_stmt 1 view -0
 411              		.cfi_startproc
 412              		@ args = 0, pretend = 0, frame = 0
 413              		@ frame_needed = 0, uses_anonymous_args = 0
 122:.././simpleserial/simpleserial.c **** 	uint8_t next = buf[0];
 414              		.loc 1 122 2 view .LVU112
 121:.././simpleserial/simpleserial.c **** 	uint8_t next = buf[0];
 415              		.loc 1 121 1 is_stmt 0 view .LVU113
 416 0000 30B5     		push	{r4, r5, lr}
 417              	.LCFI4:
 418              		.cfi_def_cfa_offset 12
 419              		.cfi_offset 4, -12
 420              		.cfi_offset 5, -8
 421              		.cfi_offset 14, -4
 123:.././simpleserial/simpleserial.c **** 	buf[0] = 0x00;
 422              		.loc 1 123 9 view .LVU114
 423 0002 0025     		movs	r5, #0
 122:.././simpleserial/simpleserial.c **** 	uint8_t next = buf[0];
 424              		.loc 1 122 10 view .LVU115
 425 0004 0478     		ldrb	r4, [r0]
 426              	.LVL46:
 427              		.loc 1 123 2 is_stmt 1 view .LVU116
 121:.././simpleserial/simpleserial.c **** 	uint8_t next = buf[0];
 428              		.loc 1 121 1 is_stmt 0 view .LVU117
 429 0006 0200     		movs	r2, r0
 430              		.loc 1 123 9 view .LVU118
 431 0008 0570     		strb	r5, [r0]
 124:.././simpleserial/simpleserial.c **** 	//len -= 1;
 125:.././simpleserial/simpleserial.c **** 	uint8_t tmp = next;
 432              		.loc 1 125 2 is_stmt 1 view .LVU119
 433              	.LVL47:
 126:.././simpleserial/simpleserial.c **** 	while ((next < len) && tmp != 0) {
 434              		.loc 1 126 2 view .LVU120
 122:.././simpleserial/simpleserial.c **** 	buf[0] = 0x00;
 435              		.loc 1 122 10 is_stmt 0 view .LVU121
 436 000a 2000     		movs	r0, r4
 437              	.LVL48:
 438              	.L31:
 439              		.loc 1 126 22 is_stmt 1 view .LVU122
 440 000c 8842     		cmp	r0, r1
 441 000e 01D2     		bcs	.L35
 442              		.loc 1 126 22 is_stmt 0 discriminator 1 view .LVU123
 443 0010 002C     		cmp	r4, #0
 444 0012 00D1     		bne	.L33
 445              	.L35:
 127:.././simpleserial/simpleserial.c **** 		tmp = buf[next];
 128:.././simpleserial/simpleserial.c **** 		buf[next] = FRAME_BYTE;
 129:.././simpleserial/simpleserial.c **** 		next += tmp;
 130:.././simpleserial/simpleserial.c **** 	}
 131:.././simpleserial/simpleserial.c **** 	return next;
 132:.././simpleserial/simpleserial.c **** }
 446              		.loc 1 132 1 view .LVU124
 447              		@ sp needed
 448              	.LVL49:
 449              		.loc 1 132 1 view .LVU125
 450 0014 30BD     		pop	{r4, r5, pc}
 451              	.LVL50:
 452              	.L33:
 127:.././simpleserial/simpleserial.c **** 		tmp = buf[next];
 453              		.loc 1 127 3 is_stmt 1 view .LVU126
 127:.././simpleserial/simpleserial.c **** 		tmp = buf[next];
 454              		.loc 1 127 7 is_stmt 0 view .LVU127
 455 0016 145C     		ldrb	r4, [r2, r0]
 456              	.LVL51:
 128:.././simpleserial/simpleserial.c **** 		next += tmp;
 457              		.loc 1 128 3 is_stmt 1 view .LVU128
 127:.././simpleserial/simpleserial.c **** 		tmp = buf[next];
 458              		.loc 1 127 12 is_stmt 0 view .LVU129
 459 0018 1318     		adds	r3, r2, r0
 129:.././simpleserial/simpleserial.c **** 	}
 460              		.loc 1 129 8 view .LVU130
 461 001a 0019     		adds	r0, r0, r4
 462              	.LVL52:
 128:.././simpleserial/simpleserial.c **** 		next += tmp;
 463              		.loc 1 128 13 view .LVU131
 464 001c 1D70     		strb	r5, [r3]
 129:.././simpleserial/simpleserial.c **** 	}
 465              		.loc 1 129 3 is_stmt 1 view .LVU132
 129:.././simpleserial/simpleserial.c **** 	}
 466              		.loc 1 129 8 is_stmt 0 view .LVU133
 467 001e C0B2     		uxtb	r0, r0
 468 0020 F4E7     		b	.L31
 469              		.cfi_endproc
 470              	.LFE6:
 472              		.section	.text.simpleserial_addcmd,"ax",%progbits
 473              		.align	1
 474              		.global	simpleserial_addcmd
 475              		.syntax unified
 476              		.code	16
 477              		.thumb_func
 479              	simpleserial_addcmd:
 480              	.LVL53:
 481              	.LFB8:
 133:.././simpleserial/simpleserial.c **** 
 134:.././simpleserial/simpleserial.c **** // Set up the SimpleSerial module by preparing internal commands
 135:.././simpleserial/simpleserial.c **** // This just adds the "v" command for now...
 136:.././simpleserial/simpleserial.c **** void simpleserial_init()
 137:.././simpleserial/simpleserial.c **** {
 138:.././simpleserial/simpleserial.c **** 	simpleserial_addcmd('v', 0, check_version);
 139:.././simpleserial/simpleserial.c ****     simpleserial_addcmd('w', 0, ss_get_commands);
 140:.././simpleserial/simpleserial.c **** }
 141:.././simpleserial/simpleserial.c **** 
 142:.././simpleserial/simpleserial.c **** int simpleserial_addcmd(char c, unsigned int len, uint8_t (*fp)(uint8_t, uint8_t, uint8_t, uint8_t*
 143:.././simpleserial/simpleserial.c **** {
 482              		.loc 1 143 1 is_stmt 1 view -0
 483              		.cfi_startproc
 484              		@ args = 0, pretend = 0, frame = 0
 485              		@ frame_needed = 0, uses_anonymous_args = 0
 144:.././simpleserial/simpleserial.c **** 	if(num_commands >= MAX_SS_CMDS) {
 486              		.loc 1 144 2 view .LVU135
 143:.././simpleserial/simpleserial.c **** 	if(num_commands >= MAX_SS_CMDS) {
 487              		.loc 1 143 1 is_stmt 0 view .LVU136
 488 0000 70B5     		push	{r4, r5, r6, lr}
 489              	.LCFI5:
 490              		.cfi_def_cfa_offset 16
 491              		.cfi_offset 4, -16
 492              		.cfi_offset 5, -12
 493              		.cfi_offset 6, -8
 494              		.cfi_offset 14, -4
 495              		.loc 1 144 18 view .LVU137
 496 0002 0C4E     		ldr	r6, .L42
 497 0004 3468     		ldr	r4, [r6]
 498              		.loc 1 144 4 view .LVU138
 499 0006 1F2C     		cmp	r4, #31
 500 0008 04DD     		ble	.L37
 145:.././simpleserial/simpleserial.c **** 		putch('a');
 501              		.loc 1 145 3 is_stmt 1 view .LVU139
 502 000a 6120     		movs	r0, #97
 503              	.LVL54:
 504              	.L41:
 146:.././simpleserial/simpleserial.c **** 		return 1;
 147:.././simpleserial/simpleserial.c **** 	}
 148:.././simpleserial/simpleserial.c **** 
 149:.././simpleserial/simpleserial.c **** 	if(len >= MAX_SS_LEN) {
 150:.././simpleserial/simpleserial.c **** 		putch('b');
 505              		.loc 1 150 3 is_stmt 0 view .LVU140
 506 000c FFF7FEFF 		bl	putch
 507              	.LVL55:
 151:.././simpleserial/simpleserial.c **** 		return 1;
 508              		.loc 1 151 3 is_stmt 1 view .LVU141
 146:.././simpleserial/simpleserial.c **** 		return 1;
 509              		.loc 1 146 10 is_stmt 0 view .LVU142
 510 0010 0120     		movs	r0, #1
 511              	.L36:
 152:.././simpleserial/simpleserial.c **** 	}
 153:.././simpleserial/simpleserial.c **** 
 154:.././simpleserial/simpleserial.c **** 	commands[num_commands].c   = c;
 155:.././simpleserial/simpleserial.c **** 	commands[num_commands].len = len;
 156:.././simpleserial/simpleserial.c **** 	commands[num_commands].fp  = fp;
 157:.././simpleserial/simpleserial.c **** 	num_commands++;
 158:.././simpleserial/simpleserial.c **** 
 159:.././simpleserial/simpleserial.c **** 	return 0;
 160:.././simpleserial/simpleserial.c **** }
 512              		.loc 1 160 1 view .LVU143
 513              		@ sp needed
 514 0012 70BD     		pop	{r4, r5, r6, pc}
 515              	.LVL56:
 516              	.L37:
 149:.././simpleserial/simpleserial.c **** 		putch('b');
 517              		.loc 1 149 2 is_stmt 1 view .LVU144
 149:.././simpleserial/simpleserial.c **** 		putch('b');
 518              		.loc 1 149 4 is_stmt 0 view .LVU145
 519 0014 F829     		cmp	r1, #248
 520 0016 01D9     		bls	.L39
 150:.././simpleserial/simpleserial.c **** 		return 1;
 521              		.loc 1 150 3 is_stmt 1 view .LVU146
 522 0018 6220     		movs	r0, #98
 523              	.LVL57:
 150:.././simpleserial/simpleserial.c **** 		return 1;
 524              		.loc 1 150 3 is_stmt 0 view .LVU147
 525 001a F7E7     		b	.L41
 526              	.LVL58:
 527              	.L39:
 154:.././simpleserial/simpleserial.c **** 	commands[num_commands].len = len;
 528              		.loc 1 154 2 is_stmt 1 view .LVU148
 154:.././simpleserial/simpleserial.c **** 	commands[num_commands].len = len;
 529              		.loc 1 154 29 is_stmt 0 view .LVU149
 530 001c 0C25     		movs	r5, #12
 531 001e 6543     		muls	r5, r4
 532 0020 054B     		ldr	r3, .L42+4
 157:.././simpleserial/simpleserial.c **** 
 533              		.loc 1 157 14 view .LVU150
 534 0022 0134     		adds	r4, r4, #1
 154:.././simpleserial/simpleserial.c **** 	commands[num_commands].len = len;
 535              		.loc 1 154 29 view .LVU151
 536 0024 E854     		strb	r0, [r5, r3]
 155:.././simpleserial/simpleserial.c **** 	commands[num_commands].fp  = fp;
 537              		.loc 1 155 2 is_stmt 1 view .LVU152
 155:.././simpleserial/simpleserial.c **** 	commands[num_commands].fp  = fp;
 538              		.loc 1 155 29 is_stmt 0 view .LVU153
 539 0026 5B19     		adds	r3, r3, r5
 159:.././simpleserial/simpleserial.c **** }
 540              		.loc 1 159 9 view .LVU154
 541 0028 0020     		movs	r0, #0
 542              	.LVL59:
 155:.././simpleserial/simpleserial.c **** 	commands[num_commands].fp  = fp;
 543              		.loc 1 155 29 view .LVU155
 544 002a 5960     		str	r1, [r3, #4]
 156:.././simpleserial/simpleserial.c **** 	num_commands++;
 545              		.loc 1 156 2 is_stmt 1 view .LVU156
 156:.././simpleserial/simpleserial.c **** 	num_commands++;
 546              		.loc 1 156 29 is_stmt 0 view .LVU157
 547 002c 9A60     		str	r2, [r3, #8]
 157:.././simpleserial/simpleserial.c **** 
 548              		.loc 1 157 2 is_stmt 1 view .LVU158
 157:.././simpleserial/simpleserial.c **** 
 549              		.loc 1 157 14 is_stmt 0 view .LVU159
 550 002e 3460     		str	r4, [r6]
 159:.././simpleserial/simpleserial.c **** }
 551              		.loc 1 159 2 is_stmt 1 view .LVU160
 159:.././simpleserial/simpleserial.c **** }
 552              		.loc 1 159 9 is_stmt 0 view .LVU161
 553 0030 EFE7     		b	.L36
 554              	.L43:
 555 0032 C046     		.align	2
 556              	.L42:
 557 0034 00000000 		.word	.LANCHOR0
 558 0038 04000000 		.word	commands
 559              		.cfi_endproc
 560              	.LFE8:
 562              		.section	.text.simpleserial_init,"ax",%progbits
 563              		.align	1
 564              		.global	simpleserial_init
 565              		.syntax unified
 566              		.code	16
 567              		.thumb_func
 569              	simpleserial_init:
 570              	.LFB7:
 137:.././simpleserial/simpleserial.c **** 	simpleserial_addcmd('v', 0, check_version);
 571              		.loc 1 137 1 is_stmt 1 view -0
 572              		.cfi_startproc
 573              		@ args = 0, pretend = 0, frame = 0
 574              		@ frame_needed = 0, uses_anonymous_args = 0
 138:.././simpleserial/simpleserial.c ****     simpleserial_addcmd('w', 0, ss_get_commands);
 575              		.loc 1 138 2 view .LVU163
 137:.././simpleserial/simpleserial.c **** 	simpleserial_addcmd('v', 0, check_version);
 576              		.loc 1 137 1 is_stmt 0 view .LVU164
 577 0000 10B5     		push	{r4, lr}
 578              	.LCFI6:
 579              		.cfi_def_cfa_offset 8
 580              		.cfi_offset 4, -8
 581              		.cfi_offset 14, -4
 138:.././simpleserial/simpleserial.c ****     simpleserial_addcmd('w', 0, ss_get_commands);
 582              		.loc 1 138 2 view .LVU165
 583 0002 0021     		movs	r1, #0
 140:.././simpleserial/simpleserial.c **** 
 584              		.loc 1 140 1 view .LVU166
 585              		@ sp needed
 138:.././simpleserial/simpleserial.c ****     simpleserial_addcmd('w', 0, ss_get_commands);
 586              		.loc 1 138 2 view .LVU167
 587 0004 044A     		ldr	r2, .L45
 588 0006 7620     		movs	r0, #118
 589 0008 FFF7FEFF 		bl	simpleserial_addcmd
 590              	.LVL60:
 139:.././simpleserial/simpleserial.c **** }
 591              		.loc 1 139 5 is_stmt 1 view .LVU168
 592 000c 0021     		movs	r1, #0
 593 000e 7720     		movs	r0, #119
 594 0010 024A     		ldr	r2, .L45+4
 595 0012 FFF7FEFF 		bl	simpleserial_addcmd
 596              	.LVL61:
 140:.././simpleserial/simpleserial.c **** 
 597              		.loc 1 140 1 is_stmt 0 view .LVU169
 598 0016 10BD     		pop	{r4, pc}
 599              	.L46:
 600              		.align	2
 601              	.L45:
 602 0018 00000000 		.word	check_version
 603 001c 00000000 		.word	ss_get_commands
 604              		.cfi_endproc
 605              	.LFE7:
 607              		.section	.text.simpleserial_put,"ax",%progbits
 608              		.align	1
 609              		.global	simpleserial_put
 610              		.syntax unified
 611              		.code	16
 612              		.thumb_func
 614              	simpleserial_put:
 615              	.LVL62:
 616              	.LFB10:
 161:.././simpleserial/simpleserial.c **** 
 162:.././simpleserial/simpleserial.c **** void simpleserial_get(void)
 163:.././simpleserial/simpleserial.c **** {
 164:.././simpleserial/simpleserial.c **** 	uint8_t data_buf[MAX_SS_LEN];
 165:.././simpleserial/simpleserial.c **** 	uint8_t err = 0;
 166:.././simpleserial/simpleserial.c **** 
 167:.././simpleserial/simpleserial.c **** 	for (int i = 0; i < 4; i++) {
 168:.././simpleserial/simpleserial.c **** 		data_buf[i] = getch(); //PTR, cmd, scmd, len
 169:.././simpleserial/simpleserial.c **** 		if (data_buf[i] == FRAME_BYTE) {
 170:.././simpleserial/simpleserial.c **** 			err = SS_ERR_FRAME_BYTE;
 171:.././simpleserial/simpleserial.c **** 			goto ERROR;
 172:.././simpleserial/simpleserial.c **** 		}
 173:.././simpleserial/simpleserial.c **** 	}
 174:.././simpleserial/simpleserial.c **** 	uint8_t next_frame = unstuff_data(data_buf, 4);
 175:.././simpleserial/simpleserial.c **** 
 176:.././simpleserial/simpleserial.c **** 	// check for valid command
 177:.././simpleserial/simpleserial.c **** 	uint8_t c = 0;
 178:.././simpleserial/simpleserial.c **** 	for(c = 0; c < num_commands; c++)
 179:.././simpleserial/simpleserial.c **** 	{
 180:.././simpleserial/simpleserial.c **** 		if(commands[c].c == data_buf[1])
 181:.././simpleserial/simpleserial.c **** 			break;
 182:.././simpleserial/simpleserial.c **** 	}
 183:.././simpleserial/simpleserial.c **** 
 184:.././simpleserial/simpleserial.c **** 	if (c == num_commands) {
 185:.././simpleserial/simpleserial.c **** 		err = SS_ERR_CMD;
 186:.././simpleserial/simpleserial.c **** 		goto ERROR;
 187:.././simpleserial/simpleserial.c **** 	}
 188:.././simpleserial/simpleserial.c **** 
 189:.././simpleserial/simpleserial.c **** 	//check that next frame not beyond end of message
 190:.././simpleserial/simpleserial.c **** 	// account for cmd, scmd, len, data, crc, end of frame
 191:.././simpleserial/simpleserial.c **** 	if ((data_buf[3] + 5) < next_frame) {
 192:.././simpleserial/simpleserial.c **** 		err = SS_ERR_LEN;
 193:.././simpleserial/simpleserial.c **** 		goto ERROR;
 194:.././simpleserial/simpleserial.c **** 	}
 195:.././simpleserial/simpleserial.c **** 
 196:.././simpleserial/simpleserial.c **** 	// read in data
 197:.././simpleserial/simpleserial.c **** 	// eq to len + crc + frame end
 198:.././simpleserial/simpleserial.c **** 	int i = 4;
 199:.././simpleserial/simpleserial.c **** 	for (; i < data_buf[3] + 5; i++) {
 200:.././simpleserial/simpleserial.c **** 		data_buf[i] = getch();
 201:.././simpleserial/simpleserial.c **** 		if (data_buf[i] == FRAME_BYTE) {
 202:.././simpleserial/simpleserial.c **** 			err = SS_ERR_FRAME_BYTE;
 203:.././simpleserial/simpleserial.c **** 			goto ERROR;
 204:.././simpleserial/simpleserial.c **** 		}
 205:.././simpleserial/simpleserial.c **** 	}
 206:.././simpleserial/simpleserial.c **** 
 207:.././simpleserial/simpleserial.c **** 	//check that final byte is the FRAME_BYTE
 208:.././simpleserial/simpleserial.c **** 	data_buf[i] = getch();
 209:.././simpleserial/simpleserial.c **** 	if (data_buf[i] != FRAME_BYTE) {
 210:.././simpleserial/simpleserial.c **** 		err = SS_ERR_LEN;
 211:.././simpleserial/simpleserial.c **** 		goto ERROR;
 212:.././simpleserial/simpleserial.c **** 	}
 213:.././simpleserial/simpleserial.c **** 
 214:.././simpleserial/simpleserial.c **** 	//fully unstuff data now
 215:.././simpleserial/simpleserial.c **** 	unstuff_data(data_buf + next_frame, i - next_frame + 1);
 216:.././simpleserial/simpleserial.c **** 
 217:.././simpleserial/simpleserial.c **** 	//calc crc excluding original frame offset and frame end and crc
 218:.././simpleserial/simpleserial.c **** 	uint8_t crc = ss_crc(data_buf+1, i-2);
 219:.././simpleserial/simpleserial.c **** 	if (crc != data_buf[i-1]) {
 220:.././simpleserial/simpleserial.c **** 		err = SS_ERR_CRC;
 221:.././simpleserial/simpleserial.c **** 		goto ERROR;
 222:.././simpleserial/simpleserial.c **** 	}
 223:.././simpleserial/simpleserial.c **** 
 224:.././simpleserial/simpleserial.c **** 	err = commands[c].fp(data_buf[1], data_buf[2], data_buf[3], data_buf+4);
 225:.././simpleserial/simpleserial.c **** 
 226:.././simpleserial/simpleserial.c **** ERROR:
 227:.././simpleserial/simpleserial.c **** 	simpleserial_put('e', 0x01, &err);
 228:.././simpleserial/simpleserial.c **** 	return;
 229:.././simpleserial/simpleserial.c **** }
 230:.././simpleserial/simpleserial.c **** 
 231:.././simpleserial/simpleserial.c **** void simpleserial_put(char c, uint8_t size, uint8_t* output)
 232:.././simpleserial/simpleserial.c **** {
 617              		.loc 1 232 1 is_stmt 1 view -0
 618              		.cfi_startproc
 619              		@ args = 0, pretend = 0, frame = 256
 620              		@ frame_needed = 0, uses_anonymous_args = 0
 233:.././simpleserial/simpleserial.c ****     if (!output) return;
 621              		.loc 1 233 5 view .LVU171
 232:.././simpleserial/simpleserial.c ****     if (!output) return;
 622              		.loc 1 232 1 is_stmt 0 view .LVU172
 623 0000 F0B5     		push	{r4, r5, r6, r7, lr}
 624              	.LCFI7:
 625              		.cfi_def_cfa_offset 20
 626              		.cfi_offset 4, -20
 627              		.cfi_offset 5, -16
 628              		.cfi_offset 6, -12
 629              		.cfi_offset 7, -8
 630              		.cfi_offset 14, -4
 631 0002 0C00     		movs	r4, r1
 632 0004 C1B0     		sub	sp, sp, #260
 633              	.LCFI8:
 634              		.cfi_def_cfa_offset 280
 635              		.loc 1 233 8 view .LVU173
 636 0006 002A     		cmp	r2, #0
 637 0008 1CD0     		beq	.L47
 234:.././simpleserial/simpleserial.c **** 	uint8_t data_buf[MAX_SS_LEN+5];
 638              		.loc 1 234 2 is_stmt 1 view .LVU174
 235:.././simpleserial/simpleserial.c **** 	data_buf[0] = 0x00;
 639              		.loc 1 235 2 view .LVU175
 640              		.loc 1 235 14 is_stmt 0 view .LVU176
 641 000a 6D46     		mov	r5, sp
 642 000c 0023     		movs	r3, #0
 236:.././simpleserial/simpleserial.c **** 	data_buf[1] = c;
 643              		.loc 1 236 14 view .LVU177
 644 000e 6870     		strb	r0, [r5, #1]
 235:.././simpleserial/simpleserial.c **** 	data_buf[0] = 0x00;
 645              		.loc 1 235 14 view .LVU178
 646 0010 2B70     		strb	r3, [r5]
 647              		.loc 1 236 2 is_stmt 1 view .LVU179
 237:.././simpleserial/simpleserial.c **** 	data_buf[2] = size;
 648              		.loc 1 237 2 view .LVU180
 649              		.loc 1 237 14 is_stmt 0 view .LVU181
 650 0012 A970     		strb	r1, [r5, #2]
 238:.././simpleserial/simpleserial.c **** 	int i = 0;
 651              		.loc 1 238 2 is_stmt 1 view .LVU182
 652              	.LVL63:
 239:.././simpleserial/simpleserial.c **** 	for (; i < size; i++) {
 653              		.loc 1 239 2 view .LVU183
 654              	.L49:
 655              		.loc 1 239 11 discriminator 1 view .LVU184
 656 0014 9C42     		cmp	r4, r3
 657 0016 17DC     		bgt	.L50
 240:.././simpleserial/simpleserial.c **** 		data_buf[i + 3] = output[i];
 241:.././simpleserial/simpleserial.c **** 	}
 242:.././simpleserial/simpleserial.c **** 	data_buf[i + 3] = ss_crc(data_buf+1, size+2);
 658              		.loc 1 242 2 view .LVU185
 659              		.loc 1 242 20 is_stmt 0 view .LVU186
 660 0018 6B46     		mov	r3, sp
 661              	.LVL64:
 662              		.loc 1 242 20 view .LVU187
 663 001a A11C     		adds	r1, r4, #2
 664 001c C9B2     		uxtb	r1, r1
 665 001e 581C     		adds	r0, r3, #1
 666 0020 FFF7FEFF 		bl	ss_crc
 667              	.LVL65:
 243:.././simpleserial/simpleserial.c **** 	data_buf[i + 4] = 0x00;
 668              		.loc 1 243 18 view .LVU188
 669 0024 0026     		movs	r6, #0
 242:.././simpleserial/simpleserial.c **** 	data_buf[i + 4] = 0x00;
 670              		.loc 1 242 18 discriminator 1 view .LVU189
 671 0026 2B19     		adds	r3, r5, r4
 672              		.loc 1 243 13 view .LVU190
 673 0028 271D     		adds	r7, r4, #4
 244:.././simpleserial/simpleserial.c **** 	stuff_data(data_buf, i + 5);
 674              		.loc 1 244 2 view .LVU191
 675 002a 0534     		adds	r4, r4, #5
 676              	.LVL66:
 242:.././simpleserial/simpleserial.c **** 	data_buf[i + 4] = 0x00;
 677              		.loc 1 242 18 discriminator 1 view .LVU192
 678 002c D870     		strb	r0, [r3, #3]
 243:.././simpleserial/simpleserial.c **** 	data_buf[i + 4] = 0x00;
 679              		.loc 1 243 2 is_stmt 1 view .LVU193
 680              		.loc 1 244 2 is_stmt 0 view .LVU194
 681 002e E1B2     		uxtb	r1, r4
 682 0030 2800     		movs	r0, r5
 243:.././simpleserial/simpleserial.c **** 	data_buf[i + 4] = 0x00;
 683              		.loc 1 243 18 view .LVU195
 684 0032 EE55     		strb	r6, [r5, r7]
 685              		.loc 1 244 2 is_stmt 1 view .LVU196
 686 0034 FFF7FEFF 		bl	stuff_data
 687              	.LVL67:
 245:.././simpleserial/simpleserial.c **** 	for (int i = 0; i < size + 5; i++) {
 688              		.loc 1 245 2 view .LVU197
 689              	.LBB9:
 690              		.loc 1 245 7 view .LVU198
 691              		.loc 1 245 20 discriminator 1 view .LVU199
 692              	.L51:
 246:.././simpleserial/simpleserial.c **** 		putch(data_buf[i]);
 693              		.loc 1 246 3 view .LVU200
 694 0038 A85D     		ldrb	r0, [r5, r6]
 245:.././simpleserial/simpleserial.c **** 	for (int i = 0; i < size + 5; i++) {
 695              		.loc 1 245 33 is_stmt 0 discriminator 3 view .LVU201
 696 003a 0136     		adds	r6, r6, #1
 697              	.LVL68:
 698              		.loc 1 246 3 view .LVU202
 699 003c FFF7FEFF 		bl	putch
 700              	.LVL69:
 245:.././simpleserial/simpleserial.c **** 	for (int i = 0; i < size + 5; i++) {
 701              		.loc 1 245 33 is_stmt 1 discriminator 3 view .LVU203
 245:.././simpleserial/simpleserial.c **** 	for (int i = 0; i < size + 5; i++) {
 702              		.loc 1 245 20 discriminator 1 view .LVU204
 703 0040 B742     		cmp	r7, r6
 704 0042 F9DA     		bge	.L51
 705              	.LVL70:
 706              	.L47:
 245:.././simpleserial/simpleserial.c **** 	for (int i = 0; i < size + 5; i++) {
 707              		.loc 1 245 20 is_stmt 0 discriminator 1 view .LVU205
 708              	.LBE9:
 247:.././simpleserial/simpleserial.c **** 	}
 248:.././simpleserial/simpleserial.c **** }
 709              		.loc 1 248 1 view .LVU206
 710 0044 41B0     		add	sp, sp, #260
 711              		@ sp needed
 712 0046 F0BD     		pop	{r4, r5, r6, r7, pc}
 713              	.LVL71:
 714              	.L50:
 240:.././simpleserial/simpleserial.c **** 	}
 715              		.loc 1 240 3 is_stmt 1 view .LVU207
 240:.././simpleserial/simpleserial.c **** 	}
 716              		.loc 1 240 19 is_stmt 0 view .LVU208
 717 0048 D05C     		ldrb	r0, [r2, r3]
 718 004a E918     		adds	r1, r5, r3
 719 004c C870     		strb	r0, [r1, #3]
 239:.././simpleserial/simpleserial.c **** 		data_buf[i + 3] = output[i];
 720              		.loc 1 239 20 is_stmt 1 discriminator 2 view .LVU209
 721 004e 0133     		adds	r3, r3, #1
 722              	.LVL72:
 239:.././simpleserial/simpleserial.c **** 		data_buf[i + 3] = output[i];
 723              		.loc 1 239 20 is_stmt 0 discriminator 2 view .LVU210
 724 0050 E0E7     		b	.L49
 725              		.cfi_endproc
 726              	.LFE10:
 728              		.section	.text.check_version,"ax",%progbits
 729              		.align	1
 730              		.global	check_version
 731              		.syntax unified
 732              		.code	16
 733              		.thumb_func
 735              	check_version:
 736              	.LVL73:
 737              	.LFB3:
  89:.././simpleserial/simpleserial.c **** 	uint8_t ver = SS_VER;
 738              		.loc 1 89 1 is_stmt 1 view -0
 739              		.cfi_startproc
 740              		@ args = 0, pretend = 0, frame = 8
 741              		@ frame_needed = 0, uses_anonymous_args = 0
  90:.././simpleserial/simpleserial.c **** 	simpleserial_put('r', 1, &ver);
 742              		.loc 1 90 2 view .LVU212
  89:.././simpleserial/simpleserial.c **** 	uint8_t ver = SS_VER;
 743              		.loc 1 89 1 is_stmt 0 view .LVU213
 744 0000 07B5     		push	{r0, r1, r2, lr}
 745              	.LCFI9:
 746              		.cfi_def_cfa_offset 16
 747              		.cfi_offset 0, -16
 748              		.cfi_offset 1, -12
 749              		.cfi_offset 2, -8
 750              		.cfi_offset 14, -4
  90:.././simpleserial/simpleserial.c **** 	simpleserial_put('r', 1, &ver);
 751              		.loc 1 90 10 view .LVU214
 752 0002 0323     		movs	r3, #3
 753              	.LVL74:
  93:.././simpleserial/simpleserial.c **** 
 754              		.loc 1 93 1 view .LVU215
 755              		@ sp needed
  90:.././simpleserial/simpleserial.c **** 	simpleserial_put('r', 1, &ver);
 756              		.loc 1 90 10 view .LVU216
 757 0004 6A46     		mov	r2, sp
 758              	.LVL75:
  91:.././simpleserial/simpleserial.c **** 	return SS_ERR_OK;
 759              		.loc 1 91 2 view .LVU217
 760 0006 7220     		movs	r0, #114
 761              	.LVL76:
  90:.././simpleserial/simpleserial.c **** 	simpleserial_put('r', 1, &ver);
 762              		.loc 1 90 10 view .LVU218
 763 0008 D371     		strb	r3, [r2, #7]
  91:.././simpleserial/simpleserial.c **** 	return SS_ERR_OK;
 764              		.loc 1 91 2 is_stmt 1 view .LVU219
 765 000a 0121     		movs	r1, #1
 766              	.LVL77:
  91:.././simpleserial/simpleserial.c **** 	return SS_ERR_OK;
 767              		.loc 1 91 2 is_stmt 0 view .LVU220
 768 000c 0732     		adds	r2, r2, #7
 769 000e FFF7FEFF 		bl	simpleserial_put
 770              	.LVL78:
  92:.././simpleserial/simpleserial.c **** }
 771              		.loc 1 92 2 is_stmt 1 view .LVU221
  93:.././simpleserial/simpleserial.c **** 
 772              		.loc 1 93 1 is_stmt 0 view .LVU222
 773 0012 0020     		movs	r0, #0
 774 0014 0EBD     		pop	{r1, r2, r3, pc}
 775              		.cfi_endproc
 776              	.LFE3:
 778              		.section	.text.ss_get_commands,"ax",%progbits
 779              		.align	1
 780              		.global	ss_get_commands
 781              		.syntax unified
 782              		.code	16
 783              		.thumb_func
 785              	ss_get_commands:
 786              	.LVL79:
 787              	.LFB4:
  96:.././simpleserial/simpleserial.c ****     uint8_t cmd_chars[MAX_SS_CMDS];
 788              		.loc 1 96 1 is_stmt 1 view -0
 789              		.cfi_startproc
 790              		@ args = 0, pretend = 0, frame = 32
 791              		@ frame_needed = 0, uses_anonymous_args = 0
  97:.././simpleserial/simpleserial.c ****     for (uint8_t i = 0; i < (num_commands & 0xFF); i++) {
 792              		.loc 1 97 5 view .LVU224
  98:.././simpleserial/simpleserial.c ****         cmd_chars[i] = commands[i].c;
 793              		.loc 1 98 5 view .LVU225
 794              	.LBB10:
  98:.././simpleserial/simpleserial.c ****         cmd_chars[i] = commands[i].c;
 795              		.loc 1 98 10 view .LVU226
  98:.././simpleserial/simpleserial.c ****         cmd_chars[i] = commands[i].c;
 796              		.loc 1 98 10 is_stmt 0 view .LVU227
 797              	.LBE10:
  96:.././simpleserial/simpleserial.c ****     uint8_t cmd_chars[MAX_SS_CMDS];
 798              		.loc 1 96 1 view .LVU228
 799 0000 70B5     		push	{r4, r5, r6, lr}
 800              	.LCFI10:
 801              		.cfi_def_cfa_offset 16
 802              		.cfi_offset 4, -16
 803              		.cfi_offset 5, -12
 804              		.cfi_offset 6, -8
 805              		.cfi_offset 14, -4
 806              	.LBB11:
  98:.././simpleserial/simpleserial.c ****         cmd_chars[i] = commands[i].c;
 807              		.loc 1 98 43 discriminator 1 view .LVU229
 808 0002 0C4B     		ldr	r3, .L58
 809              	.LVL80:
  98:.././simpleserial/simpleserial.c ****         cmd_chars[i] = commands[i].c;
 810              		.loc 1 98 43 discriminator 1 view .LVU230
 811              	.LBE11:
  96:.././simpleserial/simpleserial.c ****     uint8_t cmd_chars[MAX_SS_CMDS];
 812              		.loc 1 96 1 view .LVU231
 813 0004 88B0     		sub	sp, sp, #32
 814              	.LCFI11:
 815              		.cfi_def_cfa_offset 48
 816              	.LBB12:
  98:.././simpleserial/simpleserial.c ****         cmd_chars[i] = commands[i].c;
 817              		.loc 1 98 43 discriminator 1 view .LVU232
 818 0006 1968     		ldr	r1, [r3]
 819              	.LVL81:
  98:.././simpleserial/simpleserial.c ****         cmd_chars[i] = commands[i].c;
 820              		.loc 1 98 43 discriminator 1 view .LVU233
 821 0008 6A46     		mov	r2, sp
 822              	.LVL82:
  98:.././simpleserial/simpleserial.c ****         cmd_chars[i] = commands[i].c;
 823              		.loc 1 98 18 view .LVU234
 824 000a 0023     		movs	r3, #0
  99:.././simpleserial/simpleserial.c ****     }
 825              		.loc 1 99 35 view .LVU235
 826 000c 0C25     		movs	r5, #12
 827 000e 0A4C     		ldr	r4, .L58+4
  98:.././simpleserial/simpleserial.c ****         cmd_chars[i] = commands[i].c;
 828              		.loc 1 98 43 discriminator 1 view .LVU236
 829 0010 C8B2     		uxtb	r0, r1
 830              	.LVL83:
 831              	.L56:
  98:.././simpleserial/simpleserial.c ****         cmd_chars[i] = commands[i].c;
 832              		.loc 1 98 27 is_stmt 1 discriminator 1 view .LVU237
 833 0012 8342     		cmp	r3, r0
 834 0014 06DB     		blt	.L57
 835              	.LBE12:
 102:.././simpleserial/simpleserial.c ****     return 0x00;
 836              		.loc 1 102 5 view .LVU238
 837 0016 7220     		movs	r0, #114
 838 0018 C9B2     		uxtb	r1, r1
 839 001a FFF7FEFF 		bl	simpleserial_put
 840              	.LVL84:
 103:.././simpleserial/simpleserial.c **** 
 841              		.loc 1 103 5 view .LVU239
 105:.././simpleserial/simpleserial.c **** 
 842              		.loc 1 105 1 is_stmt 0 view .LVU240
 843 001e 0020     		movs	r0, #0
 844 0020 08B0     		add	sp, sp, #32
 845              		@ sp needed
 846 0022 70BD     		pop	{r4, r5, r6, pc}
 847              	.LVL85:
 848              	.L57:
 849              	.LBB13:
  99:.././simpleserial/simpleserial.c ****     }
 850              		.loc 1 99 9 is_stmt 1 view .LVU241
  99:.././simpleserial/simpleserial.c ****     }
 851              		.loc 1 99 35 is_stmt 0 view .LVU242
 852 0024 2E00     		movs	r6, r5
 853 0026 5E43     		muls	r6, r3
  99:.././simpleserial/simpleserial.c ****     }
 854              		.loc 1 99 22 view .LVU243
 855 0028 365D     		ldrb	r6, [r6, r4]
 856 002a D654     		strb	r6, [r2, r3]
  98:.././simpleserial/simpleserial.c ****         cmd_chars[i] = commands[i].c;
 857              		.loc 1 98 53 is_stmt 1 discriminator 3 view .LVU244
 858 002c 0133     		adds	r3, r3, #1
 859              	.LVL86:
  98:.././simpleserial/simpleserial.c ****         cmd_chars[i] = commands[i].c;
 860              		.loc 1 98 53 is_stmt 0 discriminator 3 view .LVU245
 861 002e DBB2     		uxtb	r3, r3
 862 0030 EFE7     		b	.L56
 863              	.L59:
 864 0032 C046     		.align	2
 865              	.L58:
 866 0034 00000000 		.word	.LANCHOR0
 867 0038 04000000 		.word	commands
 868              	.LBE13:
 869              		.cfi_endproc
 870              	.LFE4:
 872              		.section	.text.simpleserial_get,"ax",%progbits
 873              		.align	1
 874              		.global	simpleserial_get
 875              		.syntax unified
 876              		.code	16
 877              		.thumb_func
 879              	simpleserial_get:
 880              	.LFB9:
 163:.././simpleserial/simpleserial.c **** 	uint8_t data_buf[MAX_SS_LEN];
 881              		.loc 1 163 1 is_stmt 1 view -0
 882              		.cfi_startproc
 883              		@ args = 0, pretend = 0, frame = 264
 884              		@ frame_needed = 0, uses_anonymous_args = 0
 164:.././simpleserial/simpleserial.c **** 	uint8_t err = 0;
 885              		.loc 1 164 2 view .LVU247
 165:.././simpleserial/simpleserial.c **** 
 886              		.loc 1 165 2 view .LVU248
 163:.././simpleserial/simpleserial.c **** 	uint8_t data_buf[MAX_SS_LEN];
 887              		.loc 1 163 1 is_stmt 0 view .LVU249
 888 0000 F0B5     		push	{r4, r5, r6, r7, lr}
 889              	.LCFI12:
 890              		.cfi_def_cfa_offset 20
 891              		.cfi_offset 4, -20
 892              		.cfi_offset 5, -16
 893              		.cfi_offset 6, -12
 894              		.cfi_offset 7, -8
 895              		.cfi_offset 14, -4
 165:.././simpleserial/simpleserial.c **** 
 896              		.loc 1 165 10 view .LVU250
 897 0002 0024     		movs	r4, #0
 163:.././simpleserial/simpleserial.c **** 	uint8_t data_buf[MAX_SS_LEN];
 898              		.loc 1 163 1 view .LVU251
 899 0004 C3B0     		sub	sp, sp, #268
 900              	.LCFI13:
 901              		.cfi_def_cfa_offset 288
 165:.././simpleserial/simpleserial.c **** 
 902              		.loc 1 165 10 view .LVU252
 903 0006 02AB     		add	r3, sp, #8
 904 0008 DC70     		strb	r4, [r3, #3]
 167:.././simpleserial/simpleserial.c **** 		data_buf[i] = getch(); //PTR, cmd, scmd, len
 905              		.loc 1 167 2 is_stmt 1 view .LVU253
 906              	.LBB14:
 167:.././simpleserial/simpleserial.c **** 		data_buf[i] = getch(); //PTR, cmd, scmd, len
 907              		.loc 1 167 7 view .LVU254
 908              	.LVL87:
 167:.././simpleserial/simpleserial.c **** 		data_buf[i] = getch(); //PTR, cmd, scmd, len
 909              		.loc 1 167 20 discriminator 1 view .LVU255
 910              	.L63:
 168:.././simpleserial/simpleserial.c **** 		if (data_buf[i] == FRAME_BYTE) {
 911              		.loc 1 168 3 view .LVU256
 168:.././simpleserial/simpleserial.c **** 		if (data_buf[i] == FRAME_BYTE) {
 912              		.loc 1 168 17 is_stmt 0 view .LVU257
 913 000a FFF7FEFF 		bl	getch
 914              	.LVL88:
 168:.././simpleserial/simpleserial.c **** 		if (data_buf[i] == FRAME_BYTE) {
 915              		.loc 1 168 15 discriminator 1 view .LVU258
 916 000e 03AD     		add	r5, sp, #12
 917 0010 6055     		strb	r0, [r4, r5]
 169:.././simpleserial/simpleserial.c **** 			err = SS_ERR_FRAME_BYTE;
 918              		.loc 1 169 3 is_stmt 1 view .LVU259
 169:.././simpleserial/simpleserial.c **** 			err = SS_ERR_FRAME_BYTE;
 919              		.loc 1 169 6 is_stmt 0 view .LVU260
 920 0012 0028     		cmp	r0, #0
 921 0014 09D1     		bne	.L61
 922              	.LVL89:
 923              	.L68:
 170:.././simpleserial/simpleserial.c **** 			goto ERROR;
 924              		.loc 1 170 4 is_stmt 1 view .LVU261
 171:.././simpleserial/simpleserial.c **** 		}
 925              		.loc 1 171 4 view .LVU262
 926 0016 0523     		movs	r3, #5
 927              	.L62:
 170:.././simpleserial/simpleserial.c **** 			goto ERROR;
 928              		.loc 1 170 8 is_stmt 0 view .LVU263
 929 0018 02AA     		add	r2, sp, #8
 930 001a D370     		strb	r3, [r2, #3]
 931              	.LBE14:
 227:.././simpleserial/simpleserial.c **** 	return;
 932              		.loc 1 227 2 is_stmt 1 view .LVU264
 933 001c 0121     		movs	r1, #1
 934 001e 6520     		movs	r0, #101
 935 0020 0332     		adds	r2, r2, #3
 936 0022 FFF7FEFF 		bl	simpleserial_put
 937              	.LVL90:
 228:.././simpleserial/simpleserial.c **** }
 938              		.loc 1 228 2 view .LVU265
 229:.././simpleserial/simpleserial.c **** 
 939              		.loc 1 229 1 is_stmt 0 view .LVU266
 940 0026 43B0     		add	sp, sp, #268
 941              		@ sp needed
 942 0028 F0BD     		pop	{r4, r5, r6, r7, pc}
 943              	.LVL91:
 944              	.L61:
 945              	.LBB15:
 167:.././simpleserial/simpleserial.c **** 		data_buf[i] = getch(); //PTR, cmd, scmd, len
 946              		.loc 1 167 26 is_stmt 1 discriminator 2 view .LVU267
 947 002a 0134     		adds	r4, r4, #1
 948              	.LVL92:
 167:.././simpleserial/simpleserial.c **** 		data_buf[i] = getch(); //PTR, cmd, scmd, len
 949              		.loc 1 167 20 discriminator 1 view .LVU268
 950 002c 042C     		cmp	r4, #4
 951 002e ECD1     		bne	.L63
 952              	.LBE15:
 174:.././simpleserial/simpleserial.c **** 
 953              		.loc 1 174 2 view .LVU269
 174:.././simpleserial/simpleserial.c **** 
 954              		.loc 1 174 23 is_stmt 0 view .LVU270
 955 0030 2100     		movs	r1, r4
 956 0032 2800     		movs	r0, r5
 957 0034 FFF7FEFF 		bl	unstuff_data
 958              	.LVL93:
 178:.././simpleserial/simpleserial.c **** 	{
 959              		.loc 1 178 8 view .LVU271
 960 0038 0026     		movs	r6, #0
 174:.././simpleserial/simpleserial.c **** 
 961              		.loc 1 174 23 view .LVU272
 962 003a 0190     		str	r0, [sp, #4]
 963              	.LVL94:
 177:.././simpleserial/simpleserial.c **** 	for(c = 0; c < num_commands; c++)
 964              		.loc 1 177 2 is_stmt 1 view .LVU273
 178:.././simpleserial/simpleserial.c **** 	{
 965              		.loc 1 178 2 view .LVU274
 180:.././simpleserial/simpleserial.c **** 			break;
 966              		.loc 1 180 17 is_stmt 0 view .LVU275
 967 003c 0C20     		movs	r0, #12
 178:.././simpleserial/simpleserial.c **** 	{
 968              		.loc 1 178 15 discriminator 1 view .LVU276
 969 003e 234B     		ldr	r3, .L78
 180:.././simpleserial/simpleserial.c **** 			break;
 970              		.loc 1 180 17 view .LVU277
 971 0040 2349     		ldr	r1, .L78+4
 178:.././simpleserial/simpleserial.c **** 	{
 972              		.loc 1 178 15 discriminator 1 view .LVU278
 973 0042 1A68     		ldr	r2, [r3]
 180:.././simpleserial/simpleserial.c **** 			break;
 974              		.loc 1 180 31 view .LVU279
 975 0044 6B78     		ldrb	r3, [r5, #1]
 976              	.LVL95:
 977              	.L64:
 178:.././simpleserial/simpleserial.c **** 	{
 978              		.loc 1 178 15 is_stmt 1 discriminator 1 view .LVU280
 979 0046 9642     		cmp	r6, r2
 980 0048 09DB     		blt	.L66
 184:.././simpleserial/simpleserial.c **** 		err = SS_ERR_CMD;
 981              		.loc 1 184 2 view .LVU281
 982 004a 0123     		movs	r3, #1
 184:.././simpleserial/simpleserial.c **** 		err = SS_ERR_CMD;
 983              		.loc 1 184 5 is_stmt 0 view .LVU282
 984 004c 9642     		cmp	r6, r2
 985 004e E3D0     		beq	.L62
 986              	.L65:
 191:.././simpleserial/simpleserial.c **** 		err = SS_ERR_LEN;
 987              		.loc 1 191 2 is_stmt 1 view .LVU283
 191:.././simpleserial/simpleserial.c **** 		err = SS_ERR_LEN;
 988              		.loc 1 191 15 is_stmt 0 view .LVU284
 989 0050 EB78     		ldrb	r3, [r5, #3]
 191:.././simpleserial/simpleserial.c **** 		err = SS_ERR_LEN;
 990              		.loc 1 191 5 view .LVU285
 991 0052 019A     		ldr	r2, [sp, #4]
 191:.././simpleserial/simpleserial.c **** 		err = SS_ERR_LEN;
 992              		.loc 1 191 19 view .LVU286
 993 0054 0533     		adds	r3, r3, #5
 191:.././simpleserial/simpleserial.c **** 		err = SS_ERR_LEN;
 994              		.loc 1 191 5 view .LVU287
 995 0056 9342     		cmp	r3, r2
 996 0058 0FDA     		bge	.L67
 997              	.LVL96:
 998              	.L70:
 192:.././simpleserial/simpleserial.c **** 		goto ERROR;
 999              		.loc 1 192 3 is_stmt 1 view .LVU288
 193:.././simpleserial/simpleserial.c **** 	}
 1000              		.loc 1 193 3 view .LVU289
 1001 005a 0423     		movs	r3, #4
 1002 005c DCE7     		b	.L62
 1003              	.LVL97:
 1004              	.L66:
 180:.././simpleserial/simpleserial.c **** 			break;
 1005              		.loc 1 180 3 view .LVU290
 180:.././simpleserial/simpleserial.c **** 			break;
 1006              		.loc 1 180 17 is_stmt 0 view .LVU291
 1007 005e 0700     		movs	r7, r0
 1008 0060 7743     		muls	r7, r6
 180:.././simpleserial/simpleserial.c **** 			break;
 1009              		.loc 1 180 5 view .LVU292
 1010 0062 7F5C     		ldrb	r7, [r7, r1]
 1011 0064 9F42     		cmp	r7, r3
 1012 0066 F3D0     		beq	.L65
 178:.././simpleserial/simpleserial.c **** 	{
 1013              		.loc 1 178 32 is_stmt 1 discriminator 2 view .LVU293
 1014 0068 0136     		adds	r6, r6, #1
 1015              	.LVL98:
 178:.././simpleserial/simpleserial.c **** 	{
 1016              		.loc 1 178 32 is_stmt 0 discriminator 2 view .LVU294
 1017 006a F6B2     		uxtb	r6, r6
 1018 006c EBE7     		b	.L64
 1019              	.LVL99:
 1020              	.L69:
 200:.././simpleserial/simpleserial.c **** 		if (data_buf[i] == FRAME_BYTE) {
 1021              		.loc 1 200 3 is_stmt 1 view .LVU295
 200:.././simpleserial/simpleserial.c **** 		if (data_buf[i] == FRAME_BYTE) {
 1022              		.loc 1 200 17 is_stmt 0 view .LVU296
 1023 006e FFF7FEFF 		bl	getch
 1024              	.LVL100:
 200:.././simpleserial/simpleserial.c **** 		if (data_buf[i] == FRAME_BYTE) {
 1025              		.loc 1 200 15 discriminator 1 view .LVU297
 1026 0072 2855     		strb	r0, [r5, r4]
 201:.././simpleserial/simpleserial.c **** 			err = SS_ERR_FRAME_BYTE;
 1027              		.loc 1 201 3 is_stmt 1 view .LVU298
 201:.././simpleserial/simpleserial.c **** 			err = SS_ERR_FRAME_BYTE;
 1028              		.loc 1 201 6 is_stmt 0 view .LVU299
 1029 0074 0028     		cmp	r0, #0
 1030 0076 CED0     		beq	.L68
 199:.././simpleserial/simpleserial.c **** 		data_buf[i] = getch();
 1031              		.loc 1 199 31 is_stmt 1 view .LVU300
 1032 0078 0134     		adds	r4, r4, #1
 1033              	.LVL101:
 1034              	.L67:
 199:.././simpleserial/simpleserial.c **** 		data_buf[i] = getch();
 1035              		.loc 1 199 11 discriminator 1 view .LVU301
 199:.././simpleserial/simpleserial.c **** 		data_buf[i] = getch();
 1036              		.loc 1 199 21 is_stmt 0 discriminator 1 view .LVU302
 1037 007a EB78     		ldrb	r3, [r5, #3]
 199:.././simpleserial/simpleserial.c **** 		data_buf[i] = getch();
 1038              		.loc 1 199 11 discriminator 1 view .LVU303
 1039 007c 0433     		adds	r3, r3, #4
 1040 007e A342     		cmp	r3, r4
 1041 0080 F5DA     		bge	.L69
 208:.././simpleserial/simpleserial.c **** 	if (data_buf[i] != FRAME_BYTE) {
 1042              		.loc 1 208 2 is_stmt 1 view .LVU304
 208:.././simpleserial/simpleserial.c **** 	if (data_buf[i] != FRAME_BYTE) {
 1043              		.loc 1 208 16 is_stmt 0 view .LVU305
 1044 0082 FFF7FEFF 		bl	getch
 1045              	.LVL102:
 208:.././simpleserial/simpleserial.c **** 	if (data_buf[i] != FRAME_BYTE) {
 1046              		.loc 1 208 14 discriminator 1 view .LVU306
 1047 0086 2855     		strb	r0, [r5, r4]
 209:.././simpleserial/simpleserial.c **** 		err = SS_ERR_LEN;
 1048              		.loc 1 209 2 is_stmt 1 view .LVU307
 209:.././simpleserial/simpleserial.c **** 		err = SS_ERR_LEN;
 1049              		.loc 1 209 5 is_stmt 0 view .LVU308
 1050 0088 0028     		cmp	r0, #0
 1051 008a E6D1     		bne	.L70
 215:.././simpleserial/simpleserial.c **** 
 1052              		.loc 1 215 2 is_stmt 1 view .LVU309
 1053 008c 019B     		ldr	r3, [sp, #4]
 215:.././simpleserial/simpleserial.c **** 
 1054              		.loc 1 215 40 is_stmt 0 view .LVU310
 1055 008e E7B2     		uxtb	r7, r4
 215:.././simpleserial/simpleserial.c **** 
 1056              		.loc 1 215 2 view .LVU311
 1057 0090 F91A     		subs	r1, r7, r3
 1058 0092 0131     		adds	r1, r1, #1
 1059 0094 C9B2     		uxtb	r1, r1
 1060 0096 E818     		adds	r0, r5, r3
 1061 0098 FFF7FEFF 		bl	unstuff_data
 1062              	.LVL103:
 218:.././simpleserial/simpleserial.c **** 	if (crc != data_buf[i-1]) {
 1063              		.loc 1 218 2 is_stmt 1 view .LVU312
 218:.././simpleserial/simpleserial.c **** 	if (crc != data_buf[i-1]) {
 1064              		.loc 1 218 16 is_stmt 0 view .LVU313
 1065 009c 023F     		subs	r7, r7, #2
 1066 009e 02AB     		add	r3, sp, #8
 1067 00a0 581D     		adds	r0, r3, #5
 1068 00a2 F9B2     		uxtb	r1, r7
 1069 00a4 FFF7FEFF 		bl	ss_crc
 1070              	.LVL104:
 219:.././simpleserial/simpleserial.c **** 		err = SS_ERR_CRC;
 1071              		.loc 1 219 2 is_stmt 1 view .LVU314
 219:.././simpleserial/simpleserial.c **** 		err = SS_ERR_CRC;
 1072              		.loc 1 219 21 is_stmt 0 view .LVU315
 1073 00a8 2C19     		adds	r4, r5, r4
 1074              	.LVL105:
 219:.././simpleserial/simpleserial.c **** 		err = SS_ERR_CRC;
 1075              		.loc 1 219 21 view .LVU316
 1076 00aa 013C     		subs	r4, r4, #1
 219:.././simpleserial/simpleserial.c **** 		err = SS_ERR_CRC;
 1077              		.loc 1 219 5 view .LVU317
 1078 00ac 2278     		ldrb	r2, [r4]
 1079 00ae 0223     		movs	r3, #2
 1080 00b0 8242     		cmp	r2, r0
 1081 00b2 B1D1     		bne	.L62
 224:.././simpleserial/simpleserial.c **** 
 1082              		.loc 1 224 2 is_stmt 1 view .LVU318
 224:.././simpleserial/simpleserial.c **** 
 1083              		.loc 1 224 19 is_stmt 0 view .LVU319
 1084 00b4 0C24     		movs	r4, #12
 1085 00b6 7443     		muls	r4, r6
 1086 00b8 054B     		ldr	r3, .L78+4
 224:.././simpleserial/simpleserial.c **** 
 1087              		.loc 1 224 8 view .LVU320
 1088 00ba EA78     		ldrb	r2, [r5, #3]
 224:.././simpleserial/simpleserial.c **** 
 1089              		.loc 1 224 19 view .LVU321
 1090 00bc 1B19     		adds	r3, r3, r4
 224:.././simpleserial/simpleserial.c **** 
 1091              		.loc 1 224 8 view .LVU322
 1092 00be 9C68     		ldr	r4, [r3, #8]
 1093 00c0 A978     		ldrb	r1, [r5, #2]
 1094 00c2 04AB     		add	r3, sp, #16
 1095 00c4 6878     		ldrb	r0, [r5, #1]
 1096              	.LVL106:
 224:.././simpleserial/simpleserial.c **** 
 1097              		.loc 1 224 8 view .LVU323
 1098 00c6 A047     		blx	r4
 1099              	.LVL107:
 1100 00c8 0300     		movs	r3, r0
 1101 00ca A5E7     		b	.L62
 1102              	.L79:
 1103              		.align	2
 1104              	.L78:
 1105 00cc 00000000 		.word	.LANCHOR0
 1106 00d0 04000000 		.word	commands
 1107              		.cfi_endproc
 1108              	.LFE9:
 1110              		.bss
 1111              		.align	2
 1112              		.set	.LANCHOR0,. + 0
 1115              	num_commands:
 1116 0000 00000000 		.space	4
 1119              	commands:
 1120 0004 00000000 		.space	384
 1120      00000000 
 1120      00000000 
 1120      00000000 
 1120      00000000 
 1121              		.text
 1122              	.Letext0:
 1123              		.file 2 "/usr/arm-none-eabi/include/machine/_default_types.h"
 1124              		.file 3 "/usr/arm-none-eabi/include/sys/_stdint.h"
 1125              		.file 4 ".././simpleserial/simpleserial.h"
 1126              		.file 5 ".././hal/stm32f0/stm32f0_hal.h"
DEFINED SYMBOLS
                            *ABS*:00000000 simpleserial.c
     /tmp/ccXPFK6T.s:19     .text.ss_crc:00000000 $t
     /tmp/ccXPFK6T.s:25     .text.ss_crc:00000000 ss_crc
     /tmp/ccXPFK6T.s:105    .text.hex_decode:00000000 $t
     /tmp/ccXPFK6T.s:111    .text.hex_decode:00000000 hex_decode
     /tmp/ccXPFK6T.s:285    .text.ss_puts:00000000 $t
     /tmp/ccXPFK6T.s:291    .text.ss_puts:00000000 ss_puts
     /tmp/ccXPFK6T.s:330    .text.stuff_data:00000000 $t
     /tmp/ccXPFK6T.s:336    .text.stuff_data:00000000 stuff_data
     /tmp/ccXPFK6T.s:401    .text.unstuff_data:00000000 $t
     /tmp/ccXPFK6T.s:407    .text.unstuff_data:00000000 unstuff_data
     /tmp/ccXPFK6T.s:473    .text.simpleserial_addcmd:00000000 $t
     /tmp/ccXPFK6T.s:479    .text.simpleserial_addcmd:00000000 simpleserial_addcmd
     /tmp/ccXPFK6T.s:557    .text.simpleserial_addcmd:00000034 $d
     /tmp/ccXPFK6T.s:1119   .bss:00000004 commands
     /tmp/ccXPFK6T.s:563    .text.simpleserial_init:00000000 $t
     /tmp/ccXPFK6T.s:569    .text.simpleserial_init:00000000 simpleserial_init
     /tmp/ccXPFK6T.s:602    .text.simpleserial_init:00000018 $d
     /tmp/ccXPFK6T.s:735    .text.check_version:00000000 check_version
     /tmp/ccXPFK6T.s:785    .text.ss_get_commands:00000000 ss_get_commands
     /tmp/ccXPFK6T.s:608    .text.simpleserial_put:00000000 $t
     /tmp/ccXPFK6T.s:614    .text.simpleserial_put:00000000 simpleserial_put
     /tmp/ccXPFK6T.s:729    .text.check_version:00000000 $t
     /tmp/ccXPFK6T.s:779    .text.ss_get_commands:00000000 $t
     /tmp/ccXPFK6T.s:866    .text.ss_get_commands:00000034 $d
     /tmp/ccXPFK6T.s:873    .text.simpleserial_get:00000000 $t
     /tmp/ccXPFK6T.s:879    .text.simpleserial_get:00000000 simpleserial_get
     /tmp/ccXPFK6T.s:1105   .text.simpleserial_get:000000cc $d
     /tmp/ccXPFK6T.s:1111   .bss:00000000 $d
     /tmp/ccXPFK6T.s:1115   .bss:00000000 num_commands

UNDEFINED SYMBOLS
putch
getch
