   1              		.cpu cortex-m0
   2              		.arch armv6s-m
   3              		.fpu softvfp
   4              		.eabi_attribute 20, 1
   5              		.eabi_attribute 21, 1
   6              		.eabi_attribute 23, 3
   7              		.eabi_attribute 24, 1
   8              		.eabi_attribute 25, 1
   9              		.eabi_attribute 26, 1
  10              		.eabi_attribute 30, 4
  11              		.eabi_attribute 34, 0
  12              		.eabi_attribute 18, 4
  13              		.file	"simpleserial-glitch.c"
  14              		.text
  15              	.Ltext0:
  16              		.cfi_sections	.debug_frame
  17              		.file 1 "simpleserial-glitch.c"
  18              		.section	.text.glitch_loop,"ax",%progbits
  19              		.align	1
  20              		.global	glitch_loop
  21              		.syntax unified
  22              		.code	16
  23              		.thumb_func
  25              	glitch_loop:
  26              	.LVL0:
  27              	.LFB0:
   1:simpleserial-glitch.c **** /*
   2:simpleserial-glitch.c ****     This file is part of the ChipWhisperer Example Targets
   3:simpleserial-glitch.c ****     Copyright (C) 2012-2020 NewAE Technology Inc.
   4:simpleserial-glitch.c **** 
   5:simpleserial-glitch.c ****     This program is free software: you can redistribute it and/or modify
   6:simpleserial-glitch.c ****     it under the terms of the GNU General Public License as published by
   7:simpleserial-glitch.c ****     the Free Software Foundation, either version 3 of the License, or
   8:simpleserial-glitch.c ****     (at your option) any later version.
   9:simpleserial-glitch.c **** 
  10:simpleserial-glitch.c ****     This program is distributed in the hope that it will be useful,
  11:simpleserial-glitch.c ****     but WITHOUT ANY WARRANTY; without even the implied warranty of
  12:simpleserial-glitch.c ****     MERCHANTABILITY or FITNESS FOR A PARTICULAR PURPOSE.  See the
  13:simpleserial-glitch.c ****     GNU General Public License for more details.
  14:simpleserial-glitch.c **** 
  15:simpleserial-glitch.c ****     You should have received a copy of the GNU General Public License
  16:simpleserial-glitch.c ****     along with this program.  If not, see <http://www.gnu.org/licenses/>.
  17:simpleserial-glitch.c **** */
  18:simpleserial-glitch.c **** 
  19:simpleserial-glitch.c **** #include "hal.h"
  20:simpleserial-glitch.c **** #include <stdint.h>
  21:simpleserial-glitch.c **** #include <stdlib.h>
  22:simpleserial-glitch.c **** 
  23:simpleserial-glitch.c **** #include "simpleserial.h"
  24:simpleserial-glitch.c **** 
  25:simpleserial-glitch.c **** //uint8_t infinite_loop(uint8_t* in);
  26:simpleserial-glitch.c **** //uint8_t glitch_loop(uint8_t* in);
  27:simpleserial-glitch.c **** //uint8_t password(uint8_t* pw);
  28:simpleserial-glitch.c **** 
  29:simpleserial-glitch.c **** // Make sure no optimization happens for demo glitch logic.
  30:simpleserial-glitch.c **** // #pragma GCC push_options
  31:simpleserial-glitch.c **** // #pragma GCC optimize ("O0")
  32:simpleserial-glitch.c **** 
  33:simpleserial-glitch.c **** #if SS_VER == SS_VER_2_1
  34:simpleserial-glitch.c **** uint8_t glitch_loop(uint8_t cmd, uint8_t scmd, uint8_t len, uint8_t* in)
  35:simpleserial-glitch.c **** #else
  36:simpleserial-glitch.c **** uint8_t glitch_loop(uint8_t* in, uint8_t len)
  37:simpleserial-glitch.c **** #endif
  38:simpleserial-glitch.c **** {
  28              		.loc 1 38 1 view -0
  29              		.cfi_startproc
  30              		@ args = 0, pretend = 0, frame = 8
  31              		@ frame_needed = 0, uses_anonymous_args = 0
  39:simpleserial-glitch.c ****     volatile uint16_t i, j;
  32              		.loc 1 39 5 view .LVU1
  40:simpleserial-glitch.c ****     volatile uint32_t cnt;
  33              		.loc 1 40 5 view .LVU2
  41:simpleserial-glitch.c ****     cnt = 0;
  34              		.loc 1 41 5 view .LVU3
  38:simpleserial-glitch.c ****     volatile uint16_t i, j;
  35              		.loc 1 38 1 is_stmt 0 view .LVU4
  36 0000 13B5     		push	{r0, r1, r4, lr}
  37              	.LCFI0:
  38              		.cfi_def_cfa_offset 16
  39              		.cfi_offset 0, -16
  40              		.cfi_offset 1, -12
  41              		.cfi_offset 4, -8
  42              		.cfi_offset 14, -4
  43              		.loc 1 41 9 view .LVU5
  44 0002 0024     		movs	r4, #0
  45 0004 0194     		str	r4, [sp, #4]
  42:simpleserial-glitch.c ****     trigger_high();
  46              		.loc 1 42 5 is_stmt 1 view .LVU6
  47 0006 FFF7FEFF 		bl	trigger_high
  48              	.LVL1:
  43:simpleserial-glitch.c ****     for(i=0; i<50; i++){
  49              		.loc 1 43 5 view .LVU7
  50              		.loc 1 43 10 is_stmt 0 view .LVU8
  51 000a 6A46     		mov	r2, sp
  52 000c 1480     		strh	r4, [r2]
  44:simpleserial-glitch.c ****         for(j=0; j<50; j++){
  53              		.loc 1 44 14 view .LVU9
  54 000e 911C     		adds	r1, r2, #2
  55              	.L2:
  43:simpleserial-glitch.c ****     for(i=0; i<50; i++){
  56              		.loc 1 43 15 is_stmt 1 discriminator 1 view .LVU10
  57 0010 1388     		ldrh	r3, [r2]
  58 0012 312B     		cmp	r3, #49
  59 0014 0DD9     		bls	.L5
  45:simpleserial-glitch.c ****             cnt++;
  46:simpleserial-glitch.c ****         }
  47:simpleserial-glitch.c ****     }
  48:simpleserial-glitch.c ****     trigger_low();
  60              		.loc 1 48 5 view .LVU11
  49:simpleserial-glitch.c ****     simpleserial_put('r', 4, (uint8_t*)&cnt);
  50:simpleserial-glitch.c **** #if SS_VER == SS_VER_2_1
  51:simpleserial-glitch.c ****     return (cnt != 2500) ? 0x10 : 0x00;
  52:simpleserial-glitch.c **** #else
  53:simpleserial-glitch.c ****     return (cnt != 2500);
  54:simpleserial-glitch.c **** #endif
  55:simpleserial-glitch.c **** }
  61              		.loc 1 55 1 is_stmt 0 view .LVU12
  62              		@ sp needed
  48:simpleserial-glitch.c ****     simpleserial_put('r', 4, (uint8_t*)&cnt);
  63              		.loc 1 48 5 view .LVU13
  64 0016 FFF7FEFF 		bl	trigger_low
  65              	.LVL2:
  49:simpleserial-glitch.c ****     simpleserial_put('r', 4, (uint8_t*)&cnt);
  66              		.loc 1 49 5 is_stmt 1 view .LVU14
  67 001a 0421     		movs	r1, #4
  68 001c 7220     		movs	r0, #114
  69 001e 01AA     		add	r2, sp, #4
  70 0020 FFF7FEFF 		bl	simpleserial_put
  71              	.LVL3:
  51:simpleserial-glitch.c **** #else
  72              		.loc 1 51 5 view .LVU15
  51:simpleserial-glitch.c **** #else
  73              		.loc 1 51 33 is_stmt 0 view .LVU16
  74 0024 0B4B     		ldr	r3, .L6
  51:simpleserial-glitch.c **** #else
  75              		.loc 1 51 17 view .LVU17
  76 0026 0198     		ldr	r0, [sp, #4]
  51:simpleserial-glitch.c **** #else
  77              		.loc 1 51 33 view .LVU18
  78 0028 C018     		adds	r0, r0, r3
  79 002a 431E     		subs	r3, r0, #1
  80 002c 9841     		sbcs	r0, r0, r3
  51:simpleserial-glitch.c **** #else
  81              		.loc 1 51 33 discriminator 5 view .LVU19
  82 002e 0001     		lsls	r0, r0, #4
  83              		.loc 1 55 1 view .LVU20
  84 0030 16BD     		pop	{r1, r2, r4, pc}
  85              	.L5:
  44:simpleserial-glitch.c ****             cnt++;
  86              		.loc 1 44 9 is_stmt 1 view .LVU21
  44:simpleserial-glitch.c ****             cnt++;
  87              		.loc 1 44 14 is_stmt 0 view .LVU22
  88 0032 0C80     		strh	r4, [r1]
  89              	.L3:
  44:simpleserial-glitch.c ****             cnt++;
  90              		.loc 1 44 19 is_stmt 1 discriminator 1 view .LVU23
  91 0034 0B88     		ldrh	r3, [r1]
  92 0036 312B     		cmp	r3, #49
  93 0038 04D9     		bls	.L4
  43:simpleserial-glitch.c ****         for(j=0; j<50; j++){
  94              		.loc 1 43 21 discriminator 2 view .LVU24
  95 003a 1388     		ldrh	r3, [r2]
  96 003c 0133     		adds	r3, r3, #1
  97 003e 9BB2     		uxth	r3, r3
  98 0040 1380     		strh	r3, [r2]
  99 0042 E5E7     		b	.L2
 100              	.L4:
  45:simpleserial-glitch.c ****         }
 101              		.loc 1 45 13 view .LVU25
  45:simpleserial-glitch.c ****         }
 102              		.loc 1 45 16 is_stmt 0 view .LVU26
 103 0044 019B     		ldr	r3, [sp, #4]
 104 0046 0133     		adds	r3, r3, #1
 105 0048 0193     		str	r3, [sp, #4]
  44:simpleserial-glitch.c ****             cnt++;
 106              		.loc 1 44 25 is_stmt 1 discriminator 3 view .LVU27
 107 004a 0B88     		ldrh	r3, [r1]
 108 004c 0133     		adds	r3, r3, #1
 109 004e 9BB2     		uxth	r3, r3
 110 0050 0B80     		strh	r3, [r1]
 111 0052 EFE7     		b	.L3
 112              	.L7:
 113              		.align	2
 114              	.L6:
 115 0054 3CF6FFFF 		.word	-2500
 116              		.cfi_endproc
 117              	.LFE0:
 119              		.section	.text.glitch_comparison,"ax",%progbits
 120              		.align	1
 121              		.global	glitch_comparison
 122              		.syntax unified
 123              		.code	16
 124              		.thumb_func
 126              	glitch_comparison:
 127              	.LVL4:
 128              	.LFB1:
  56:simpleserial-glitch.c **** 
  57:simpleserial-glitch.c **** #if SS_VER == SS_VER_2_1
  58:simpleserial-glitch.c **** uint8_t glitch_comparison(uint8_t cmd, uint8_t scmd, uint8_t len, uint8_t* in)
  59:simpleserial-glitch.c **** #else
  60:simpleserial-glitch.c **** uint8_t glitch_comparison(uint8_t* in, uint8_t len)
  61:simpleserial-glitch.c **** #endif
  62:simpleserial-glitch.c **** {
 129              		.loc 1 62 1 view -0
 130              		.cfi_startproc
 131              		@ args = 0, pretend = 0, frame = 8
 132              		@ frame_needed = 0, uses_anonymous_args = 0
  63:simpleserial-glitch.c ****     uint8_t ok = 5;
 133              		.loc 1 63 5 view .LVU29
  62:simpleserial-glitch.c ****     uint8_t ok = 5;
 134              		.loc 1 62 1 is_stmt 0 view .LVU30
 135 0000 37B5     		push	{r0, r1, r2, r4, r5, lr}
 136              	.LCFI1:
 137              		.cfi_def_cfa_offset 24
 138              		.cfi_offset 0, -24
 139              		.cfi_offset 1, -20
 140              		.cfi_offset 2, -16
 141              		.cfi_offset 4, -12
 142              		.cfi_offset 5, -8
 143              		.cfi_offset 14, -4
  62:simpleserial-glitch.c ****     uint8_t ok = 5;
 144              		.loc 1 62 1 view .LVU31
 145 0002 1D00     		movs	r5, r3
  64:simpleserial-glitch.c ****     trigger_high();
  65:simpleserial-glitch.c ****     if (*in == 0xA2){
  66:simpleserial-glitch.c ****         ok = 1;
  67:simpleserial-glitch.c ****     } else {
  68:simpleserial-glitch.c ****         ok = 0;
  69:simpleserial-glitch.c ****     }
  70:simpleserial-glitch.c ****     trigger_low();
  71:simpleserial-glitch.c ****     simpleserial_put('r', 1, (uint8_t*)&ok);
  72:simpleserial-glitch.c ****     return 0x00;
  73:simpleserial-glitch.c **** }
 146              		.loc 1 73 1 view .LVU32
 147              		@ sp needed
  63:simpleserial-glitch.c ****     trigger_high();
 148              		.loc 1 63 13 view .LVU33
 149 0004 6B46     		mov	r3, sp
 150              	.LVL5:
  63:simpleserial-glitch.c ****     trigger_high();
 151              		.loc 1 63 13 view .LVU34
 152 0006 DC1D     		adds	r4, r3, #7
 153 0008 0523     		movs	r3, #5
 154 000a 2370     		strb	r3, [r4]
  64:simpleserial-glitch.c ****     trigger_high();
 155              		.loc 1 64 5 is_stmt 1 view .LVU35
 156 000c FFF7FEFF 		bl	trigger_high
 157              	.LVL6:
  65:simpleserial-glitch.c ****         ok = 1;
 158              		.loc 1 65 5 view .LVU36
  65:simpleserial-glitch.c ****         ok = 1;
 159              		.loc 1 65 8 is_stmt 0 view .LVU37
 160 0010 2B78     		ldrb	r3, [r5]
 161 0012 A23B     		subs	r3, r3, #162
 162 0014 5A42     		rsbs	r2, r3, #0
 163 0016 5341     		adcs	r3, r3, r2
 164 0018 2370     		strb	r3, [r4]
  70:simpleserial-glitch.c ****     simpleserial_put('r', 1, (uint8_t*)&ok);
 165              		.loc 1 70 5 is_stmt 1 view .LVU38
 166 001a FFF7FEFF 		bl	trigger_low
 167              	.LVL7:
  71:simpleserial-glitch.c ****     return 0x00;
 168              		.loc 1 71 5 view .LVU39
 169 001e 2200     		movs	r2, r4
 170 0020 0121     		movs	r1, #1
 171 0022 7220     		movs	r0, #114
 172 0024 FFF7FEFF 		bl	simpleserial_put
 173              	.LVL8:
  72:simpleserial-glitch.c **** }
 174              		.loc 1 72 5 view .LVU40
 175              		.loc 1 73 1 is_stmt 0 view .LVU41
 176 0028 0020     		movs	r0, #0
 177              	.LVL9:
 178              		.loc 1 73 1 view .LVU42
 179 002a 3EBD     		pop	{r1, r2, r3, r4, r5, pc}
 180              		.cfi_endproc
 181              	.LFE1:
 183              		.section	.rodata.str1.1,"aMS",%progbits,1
 184              	.LC0:
 185 0000 746F7563 		.ascii	"touch\000"
 185      6800
 186              		.section	.text.password,"ax",%progbits
 187              		.align	1
 188              		.global	password
 189              		.syntax unified
 190              		.code	16
 191              		.thumb_func
 193              	password:
 194              	.LVL10:
 195              	.LFB2:
  74:simpleserial-glitch.c **** 
  75:simpleserial-glitch.c **** #if SS_VER == SS_VER_2_1
  76:simpleserial-glitch.c **** uint8_t password(uint8_t cmd, uint8_t scmd, uint8_t len, uint8_t* pw)
  77:simpleserial-glitch.c **** #else
  78:simpleserial-glitch.c **** uint8_t password(uint8_t* pw, uint8_t len)
  79:simpleserial-glitch.c **** #endif
  80:simpleserial-glitch.c **** {
 196              		.loc 1 80 1 is_stmt 1 view -0
 197              		.cfi_startproc
 198              		@ args = 0, pretend = 0, frame = 16
 199              		@ frame_needed = 0, uses_anonymous_args = 0
  81:simpleserial-glitch.c ****     char passwd[] = "touch";
 200              		.loc 1 81 5 view .LVU44
  80:simpleserial-glitch.c ****     char passwd[] = "touch";
 201              		.loc 1 80 1 is_stmt 0 view .LVU45
 202 0000 30B5     		push	{r4, r5, lr}
 203              	.LCFI2:
 204              		.cfi_def_cfa_offset 12
 205              		.cfi_offset 4, -12
 206              		.cfi_offset 5, -8
 207              		.cfi_offset 14, -4
 208 0002 85B0     		sub	sp, sp, #20
 209              	.LCFI3:
 210              		.cfi_def_cfa_offset 32
 211              		.loc 1 81 10 view .LVU46
 212 0004 02AD     		add	r5, sp, #8
 213 0006 0622     		movs	r2, #6
 214              	.LVL11:
 215              		.loc 1 81 10 view .LVU47
 216 0008 1249     		ldr	r1, .L16
 217              	.LVL12:
 218              		.loc 1 81 10 view .LVU48
 219 000a 2800     		movs	r0, r5
 220              	.LVL13:
  80:simpleserial-glitch.c ****     char passwd[] = "touch";
 221              		.loc 1 80 1 view .LVU49
 222 000c 1C00     		movs	r4, r3
 223              		.loc 1 81 10 view .LVU50
 224 000e FFF7FEFF 		bl	memcpy
 225              	.LVL14:
  82:simpleserial-glitch.c ****     char passok = 1;
 226              		.loc 1 82 5 is_stmt 1 view .LVU51
 227              		.loc 1 82 10 is_stmt 0 view .LVU52
 228 0012 0123     		movs	r3, #1
 229 0014 6A46     		mov	r2, sp
 230 0016 D371     		strb	r3, [r2, #7]
  83:simpleserial-glitch.c ****     int cnt;
 231              		.loc 1 83 5 is_stmt 1 view .LVU53
  84:simpleserial-glitch.c **** 
  85:simpleserial-glitch.c ****     trigger_high();
 232              		.loc 1 85 5 view .LVU54
 233 0018 FFF7FEFF 		bl	trigger_high
 234              	.LVL15:
  86:simpleserial-glitch.c **** 
  87:simpleserial-glitch.c ****     //Simple test - doesn't check for too-long password!
  88:simpleserial-glitch.c ****     for(cnt = 0; cnt < 5; cnt++){
 235              		.loc 1 88 5 view .LVU55
 236              		.loc 1 88 22 discriminator 1 view .LVU56
  85:simpleserial-glitch.c **** 
 237              		.loc 1 85 5 is_stmt 0 view .LVU57
 238 001c 0023     		movs	r3, #0
 239              		.loc 1 88 13 view .LVU58
 240 001e 1A00     		movs	r2, r3
 241              	.LVL16:
 242              	.L10:
  89:simpleserial-glitch.c ****         if (pw[cnt] != passwd[cnt]){
 243              		.loc 1 89 9 is_stmt 1 view .LVU59
 244              		.loc 1 89 12 is_stmt 0 view .LVU60
 245 0020 A85C     		ldrb	r0, [r5, r2]
 246 0022 A15C     		ldrb	r1, [r4, r2]
  88:simpleserial-glitch.c ****         if (pw[cnt] != passwd[cnt]){
 247              		.loc 1 88 30 discriminator 2 view .LVU61
 248 0024 0132     		adds	r2, r2, #1
 249              	.LVL17:
 250              		.loc 1 89 12 view .LVU62
 251 0026 091A     		subs	r1, r1, r0
 252 0028 481E     		subs	r0, r1, #1
 253 002a 8141     		sbcs	r1, r1, r0
 254 002c 0B43     		orrs	r3, r1
  88:simpleserial-glitch.c ****         if (pw[cnt] != passwd[cnt]){
 255              		.loc 1 88 30 is_stmt 1 discriminator 2 view .LVU63
 256              	.LVL18:
  88:simpleserial-glitch.c ****         if (pw[cnt] != passwd[cnt]){
 257              		.loc 1 88 22 discriminator 1 view .LVU64
 258 002e 052A     		cmp	r2, #5
 259 0030 F6D1     		bne	.L10
 260 0032 002B     		cmp	r3, #0
 261 0034 02D0     		beq	.L11
 262 0036 0023     		movs	r3, #0
 263 0038 6A46     		mov	r2, sp
 264              	.LVL19:
  88:simpleserial-glitch.c ****         if (pw[cnt] != passwd[cnt]){
 265              		.loc 1 88 22 is_stmt 0 discriminator 1 view .LVU65
 266 003a D371     		strb	r3, [r2, #7]
 267              	.L11:
  90:simpleserial-glitch.c ****             passok = 0;
  91:simpleserial-glitch.c ****         }
  92:simpleserial-glitch.c ****     }
  93:simpleserial-glitch.c **** 
  94:simpleserial-glitch.c ****     trigger_low();
 268              		.loc 1 94 5 is_stmt 1 view .LVU66
 269 003c FFF7FEFF 		bl	trigger_low
 270              	.LVL20:
  95:simpleserial-glitch.c **** 
  96:simpleserial-glitch.c ****     simpleserial_put('r', 1, (uint8_t*)&passok);
 271              		.loc 1 96 5 view .LVU67
 272 0040 6B46     		mov	r3, sp
 273 0042 0121     		movs	r1, #1
 274 0044 7220     		movs	r0, #114
 275 0046 DA1D     		adds	r2, r3, #7
 276 0048 FFF7FEFF 		bl	simpleserial_put
 277              	.LVL21:
  97:simpleserial-glitch.c ****     return 0x00;
 278              		.loc 1 97 5 view .LVU68
  98:simpleserial-glitch.c **** }
 279              		.loc 1 98 1 is_stmt 0 view .LVU69
 280 004c 0020     		movs	r0, #0
 281 004e 05B0     		add	sp, sp, #20
 282              		@ sp needed
 283              	.LVL22:
 284              		.loc 1 98 1 view .LVU70
 285 0050 30BD     		pop	{r4, r5, pc}
 286              	.L17:
 287 0052 C046     		.align	2
 288              	.L16:
 289 0054 00000000 		.word	.LC0
 290              		.cfi_endproc
 291              	.LFE2:
 293              		.section	.text.infinite_loop,"ax",%progbits
 294              		.align	1
 295              		.global	infinite_loop
 296              		.syntax unified
 297              		.code	16
 298              		.thumb_func
 300              	infinite_loop:
 301              	.LVL23:
 302              	.LFB3:
  99:simpleserial-glitch.c **** 
 100:simpleserial-glitch.c **** #if SS_VER == SS_VER_2_1
 101:simpleserial-glitch.c **** uint8_t infinite_loop(uint8_t cmd, uint8_t scmd, uint8_t len, uint8_t* in)
 102:simpleserial-glitch.c **** #else
 103:simpleserial-glitch.c **** uint8_t infinite_loop(uint8_t* in, uint8_t len)
 104:simpleserial-glitch.c **** #endif
 105:simpleserial-glitch.c **** {
 303              		.loc 1 105 1 is_stmt 1 view -0
 304              		.cfi_startproc
 305              		@ args = 0, pretend = 0, frame = 8
 306              		@ frame_needed = 0, uses_anonymous_args = 0
 106:simpleserial-glitch.c ****     led_ok(1);
 307              		.loc 1 106 5 view .LVU72
 105:simpleserial-glitch.c ****     led_ok(1);
 308              		.loc 1 105 1 is_stmt 0 view .LVU73
 309 0000 13B5     		push	{r0, r1, r4, lr}
 310              	.LCFI4:
 311              		.cfi_def_cfa_offset 16
 312              		.cfi_offset 0, -16
 313              		.cfi_offset 1, -12
 314              		.cfi_offset 4, -8
 315              		.cfi_offset 14, -4
 316              		.loc 1 106 5 view .LVU74
 317 0002 0120     		movs	r0, #1
 318              	.LVL24:
 319              		.loc 1 106 5 view .LVU75
 320 0004 FFF7FEFF 		bl	led_ok
 321              	.LVL25:
 107:simpleserial-glitch.c ****     led_error(0);
 322              		.loc 1 107 5 is_stmt 1 view .LVU76
 323 0008 0020     		movs	r0, #0
 324 000a FFF7FEFF 		bl	led_error
 325              	.LVL26:
 108:simpleserial-glitch.c **** 
 109:simpleserial-glitch.c ****     //Some fake variable
 110:simpleserial-glitch.c ****     volatile uint8_t a = 0;
 326              		.loc 1 110 5 view .LVU77
 327              		.loc 1 110 22 is_stmt 0 view .LVU78
 328 000e 6B46     		mov	r3, sp
 329 0010 DC1D     		adds	r4, r3, #7
 330 0012 0023     		movs	r3, #0
 331 0014 2370     		strb	r3, [r4]
 111:simpleserial-glitch.c **** 
 112:simpleserial-glitch.c ****     //External trigger logic
 113:simpleserial-glitch.c ****     trigger_high();
 332              		.loc 1 113 5 is_stmt 1 view .LVU79
 333 0016 FFF7FEFF 		bl	trigger_high
 334              	.LVL27:
 114:simpleserial-glitch.c ****     trigger_low();
 335              		.loc 1 114 5 view .LVU80
 336 001a FFF7FEFF 		bl	trigger_low
 337              	.LVL28:
 115:simpleserial-glitch.c **** 
 116:simpleserial-glitch.c ****     //Should be an infinite loop
 117:simpleserial-glitch.c ****     while(a != 2){
 338              		.loc 1 117 5 view .LVU81
 339              	.L19:
 118:simpleserial-glitch.c ****     ;
 340              		.loc 1 118 5 view .LVU82
 117:simpleserial-glitch.c ****     ;
 341              		.loc 1 117 13 discriminator 1 view .LVU83
 342 001e 2378     		ldrb	r3, [r4]
 343 0020 022B     		cmp	r3, #2
 344 0022 FCD1     		bne	.L19
 119:simpleserial-glitch.c ****     }
 120:simpleserial-glitch.c **** 
 121:simpleserial-glitch.c ****     led_error(1);
 345              		.loc 1 121 5 view .LVU84
 122:simpleserial-glitch.c ****     led_error(1);
 123:simpleserial-glitch.c ****     led_error(1);
 124:simpleserial-glitch.c ****     led_error(1);
 125:simpleserial-glitch.c ****     led_error(1);
 126:simpleserial-glitch.c ****     led_error(1);
 127:simpleserial-glitch.c ****     led_error(1);
 128:simpleserial-glitch.c ****     led_error(1);
 129:simpleserial-glitch.c ****     led_error(1);
 130:simpleserial-glitch.c **** 
 131:simpleserial-glitch.c ****     putch('r');
 132:simpleserial-glitch.c ****     putch('B');
 133:simpleserial-glitch.c ****     putch('R');
 134:simpleserial-glitch.c ****     putch('E');
 135:simpleserial-glitch.c ****     putch('A');
 136:simpleserial-glitch.c ****     putch('K');
 137:simpleserial-glitch.c ****     putch('O');
 138:simpleserial-glitch.c ****     putch('U');
 139:simpleserial-glitch.c ****     putch('T');
 140:simpleserial-glitch.c ****     putch('\n');
 141:simpleserial-glitch.c **** 
 142:simpleserial-glitch.c ****     led_error(1);
 143:simpleserial-glitch.c ****     led_error(1);
 144:simpleserial-glitch.c ****     led_error(1);
 145:simpleserial-glitch.c ****     led_error(1);
 146:simpleserial-glitch.c ****     led_error(1);
 147:simpleserial-glitch.c ****     led_error(1);
 148:simpleserial-glitch.c ****     led_error(1);
 149:simpleserial-glitch.c ****     led_error(1);
 150:simpleserial-glitch.c **** 
 151:simpleserial-glitch.c ****     return 0;
 152:simpleserial-glitch.c **** }
 346              		.loc 1 152 1 is_stmt 0 view .LVU85
 347              		@ sp needed
 121:simpleserial-glitch.c ****     led_error(1);
 348              		.loc 1 121 5 view .LVU86
 349 0024 0120     		movs	r0, #1
 350 0026 FFF7FEFF 		bl	led_error
 351              	.LVL29:
 122:simpleserial-glitch.c ****     led_error(1);
 352              		.loc 1 122 5 is_stmt 1 view .LVU87
 353 002a 0120     		movs	r0, #1
 354 002c FFF7FEFF 		bl	led_error
 355              	.LVL30:
 123:simpleserial-glitch.c ****     led_error(1);
 356              		.loc 1 123 5 view .LVU88
 357 0030 0120     		movs	r0, #1
 358 0032 FFF7FEFF 		bl	led_error
 359              	.LVL31:
 124:simpleserial-glitch.c ****     led_error(1);
 360              		.loc 1 124 5 view .LVU89
 361 0036 0120     		movs	r0, #1
 362 0038 FFF7FEFF 		bl	led_error
 363              	.LVL32:
 125:simpleserial-glitch.c ****     led_error(1);
 364              		.loc 1 125 5 view .LVU90
 365 003c 0120     		movs	r0, #1
 366 003e FFF7FEFF 		bl	led_error
 367              	.LVL33:
 126:simpleserial-glitch.c ****     led_error(1);
 368              		.loc 1 126 5 view .LVU91
 369 0042 0120     		movs	r0, #1
 370 0044 FFF7FEFF 		bl	led_error
 371              	.LVL34:
 127:simpleserial-glitch.c ****     led_error(1);
 372              		.loc 1 127 5 view .LVU92
 373 0048 0120     		movs	r0, #1
 374 004a FFF7FEFF 		bl	led_error
 375              	.LVL35:
 128:simpleserial-glitch.c ****     led_error(1);
 376              		.loc 1 128 5 view .LVU93
 377 004e 0120     		movs	r0, #1
 378 0050 FFF7FEFF 		bl	led_error
 379              	.LVL36:
 129:simpleserial-glitch.c **** 
 380              		.loc 1 129 5 view .LVU94
 381 0054 0120     		movs	r0, #1
 382 0056 FFF7FEFF 		bl	led_error
 383              	.LVL37:
 131:simpleserial-glitch.c ****     putch('B');
 384              		.loc 1 131 5 view .LVU95
 385 005a 7220     		movs	r0, #114
 386 005c FFF7FEFF 		bl	putch
 387              	.LVL38:
 132:simpleserial-glitch.c ****     putch('R');
 388              		.loc 1 132 5 view .LVU96
 389 0060 4220     		movs	r0, #66
 390 0062 FFF7FEFF 		bl	putch
 391              	.LVL39:
 133:simpleserial-glitch.c ****     putch('E');
 392              		.loc 1 133 5 view .LVU97
 393 0066 5220     		movs	r0, #82
 394 0068 FFF7FEFF 		bl	putch
 395              	.LVL40:
 134:simpleserial-glitch.c ****     putch('A');
 396              		.loc 1 134 5 view .LVU98
 397 006c 4520     		movs	r0, #69
 398 006e FFF7FEFF 		bl	putch
 399              	.LVL41:
 135:simpleserial-glitch.c ****     putch('K');
 400              		.loc 1 135 5 view .LVU99
 401 0072 4120     		movs	r0, #65
 402 0074 FFF7FEFF 		bl	putch
 403              	.LVL42:
 136:simpleserial-glitch.c ****     putch('O');
 404              		.loc 1 136 5 view .LVU100
 405 0078 4B20     		movs	r0, #75
 406 007a FFF7FEFF 		bl	putch
 407              	.LVL43:
 137:simpleserial-glitch.c ****     putch('U');
 408              		.loc 1 137 5 view .LVU101
 409 007e 4F20     		movs	r0, #79
 410 0080 FFF7FEFF 		bl	putch
 411              	.LVL44:
 138:simpleserial-glitch.c ****     putch('T');
 412              		.loc 1 138 5 view .LVU102
 413 0084 5520     		movs	r0, #85
 414 0086 FFF7FEFF 		bl	putch
 415              	.LVL45:
 139:simpleserial-glitch.c ****     putch('\n');
 416              		.loc 1 139 5 view .LVU103
 417 008a 5420     		movs	r0, #84
 418 008c FFF7FEFF 		bl	putch
 419              	.LVL46:
 140:simpleserial-glitch.c **** 
 420              		.loc 1 140 5 view .LVU104
 421 0090 0A20     		movs	r0, #10
 422 0092 FFF7FEFF 		bl	putch
 423              	.LVL47:
 142:simpleserial-glitch.c ****     led_error(1);
 424              		.loc 1 142 5 view .LVU105
 425 0096 0120     		movs	r0, #1
 426 0098 FFF7FEFF 		bl	led_error
 427              	.LVL48:
 143:simpleserial-glitch.c ****     led_error(1);
 428              		.loc 1 143 5 view .LVU106
 429 009c 0120     		movs	r0, #1
 430 009e FFF7FEFF 		bl	led_error
 431              	.LVL49:
 144:simpleserial-glitch.c ****     led_error(1);
 432              		.loc 1 144 5 view .LVU107
 433 00a2 0120     		movs	r0, #1
 434 00a4 FFF7FEFF 		bl	led_error
 435              	.LVL50:
 145:simpleserial-glitch.c ****     led_error(1);
 436              		.loc 1 145 5 view .LVU108
 437 00a8 0120     		movs	r0, #1
 438 00aa FFF7FEFF 		bl	led_error
 439              	.LVL51:
 146:simpleserial-glitch.c ****     led_error(1);
 440              		.loc 1 146 5 view .LVU109
 441 00ae 0120     		movs	r0, #1
 442 00b0 FFF7FEFF 		bl	led_error
 443              	.LVL52:
 147:simpleserial-glitch.c ****     led_error(1);
 444              		.loc 1 147 5 view .LVU110
 445 00b4 0120     		movs	r0, #1
 446 00b6 FFF7FEFF 		bl	led_error
 447              	.LVL53:
 148:simpleserial-glitch.c ****     led_error(1);
 448              		.loc 1 148 5 view .LVU111
 449 00ba 0120     		movs	r0, #1
 450 00bc FFF7FEFF 		bl	led_error
 451              	.LVL54:
 149:simpleserial-glitch.c **** 
 452              		.loc 1 149 5 view .LVU112
 453 00c0 0120     		movs	r0, #1
 454 00c2 FFF7FEFF 		bl	led_error
 455              	.LVL55:
 151:simpleserial-glitch.c **** }
 456              		.loc 1 151 5 view .LVU113
 457              		.loc 1 152 1 is_stmt 0 view .LVU114
 458 00c6 0020     		movs	r0, #0
 459 00c8 16BD     		pop	{r1, r2, r4, pc}
 460              		.cfi_endproc
 461              	.LFE3:
 463              		.section	.text.startup.main,"ax",%progbits
 464              		.align	1
 465              		.global	main
 466              		.syntax unified
 467              		.code	16
 468              		.thumb_func
 470              	main:
 471              	.LFB4:
 153:simpleserial-glitch.c **** 
 154:simpleserial-glitch.c **** // #pragma GCC pop_options
 155:simpleserial-glitch.c **** 
 156:simpleserial-glitch.c **** int main(void)
 157:simpleserial-glitch.c **** {
 472              		.loc 1 157 1 is_stmt 1 view -0
 473              		.cfi_startproc
 474              		@ Volatile: function does not return.
 475              		@ args = 0, pretend = 0, frame = 0
 476              		@ frame_needed = 0, uses_anonymous_args = 0
 158:simpleserial-glitch.c ****     platform_init();
 477              		.loc 1 158 5 view .LVU116
 157:simpleserial-glitch.c ****     platform_init();
 478              		.loc 1 157 1 is_stmt 0 view .LVU117
 479 0000 10B5     		push	{r4, lr}
 480              	.LCFI5:
 481              		.cfi_def_cfa_offset 8
 482              		.cfi_offset 4, -8
 483              		.cfi_offset 14, -4
 484              		.loc 1 158 5 view .LVU118
 485 0002 FFF7FEFF 		bl	platform_init
 486              	.LVL56:
 159:simpleserial-glitch.c ****     init_uart();
 487              		.loc 1 159 5 is_stmt 1 view .LVU119
 488 0006 FFF7FEFF 		bl	init_uart
 489              	.LVL57:
 160:simpleserial-glitch.c ****     trigger_setup();
 490              		.loc 1 160 5 view .LVU120
 491 000a FFF7FEFF 		bl	trigger_setup
 492              	.LVL58:
 161:simpleserial-glitch.c **** 
 162:simpleserial-glitch.c ****     /* Device reset detected */
 163:simpleserial-glitch.c ****     putch('r');
 493              		.loc 1 163 5 view .LVU121
 494 000e 7220     		movs	r0, #114
 495 0010 FFF7FEFF 		bl	putch
 496              	.LVL59:
 164:simpleserial-glitch.c ****     putch('R');
 497              		.loc 1 164 5 view .LVU122
 498 0014 5220     		movs	r0, #82
 499 0016 FFF7FEFF 		bl	putch
 500              	.LVL60:
 165:simpleserial-glitch.c ****     putch('E');
 501              		.loc 1 165 5 view .LVU123
 502 001a 4520     		movs	r0, #69
 503 001c FFF7FEFF 		bl	putch
 504              	.LVL61:
 166:simpleserial-glitch.c ****     putch('S');
 505              		.loc 1 166 5 view .LVU124
 506 0020 5320     		movs	r0, #83
 507 0022 FFF7FEFF 		bl	putch
 508              	.LVL62:
 167:simpleserial-glitch.c ****     putch('E');
 509              		.loc 1 167 5 view .LVU125
 510 0026 4520     		movs	r0, #69
 511 0028 FFF7FEFF 		bl	putch
 512              	.LVL63:
 168:simpleserial-glitch.c ****     putch('T');
 513              		.loc 1 168 5 view .LVU126
 514 002c 5420     		movs	r0, #84
 515 002e FFF7FEFF 		bl	putch
 516              	.LVL64:
 169:simpleserial-glitch.c ****     putch(' ');
 517              		.loc 1 169 5 view .LVU127
 518 0032 2020     		movs	r0, #32
 519 0034 FFF7FEFF 		bl	putch
 520              	.LVL65:
 170:simpleserial-glitch.c ****     putch(' ');
 521              		.loc 1 170 5 view .LVU128
 522 0038 2020     		movs	r0, #32
 523 003a FFF7FEFF 		bl	putch
 524              	.LVL66:
 171:simpleserial-glitch.c ****     putch(' ');
 525              		.loc 1 171 5 view .LVU129
 526 003e 2020     		movs	r0, #32
 527 0040 FFF7FEFF 		bl	putch
 528              	.LVL67:
 172:simpleserial-glitch.c ****     putch('\n');
 529              		.loc 1 172 5 view .LVU130
 530 0044 0A20     		movs	r0, #10
 531 0046 FFF7FEFF 		bl	putch
 532              	.LVL68:
 173:simpleserial-glitch.c **** 
 174:simpleserial-glitch.c ****     simpleserial_init();
 533              		.loc 1 174 5 view .LVU131
 534 004a FFF7FEFF 		bl	simpleserial_init
 535              	.LVL69:
 175:simpleserial-glitch.c ****     simpleserial_addcmd('g', 0, glitch_loop);
 536              		.loc 1 175 5 view .LVU132
 537 004e 0021     		movs	r1, #0
 538 0050 0A4A     		ldr	r2, .L23
 539 0052 6720     		movs	r0, #103
 540 0054 FFF7FEFF 		bl	simpleserial_addcmd
 541              	.LVL70:
 176:simpleserial-glitch.c ****     simpleserial_addcmd('c', 1, glitch_comparison);
 542              		.loc 1 176 5 view .LVU133
 543 0058 0121     		movs	r1, #1
 544 005a 094A     		ldr	r2, .L23+4
 545 005c 6320     		movs	r0, #99
 546 005e FFF7FEFF 		bl	simpleserial_addcmd
 547              	.LVL71:
 177:simpleserial-glitch.c ****     #if SS_VER == SS_VER_2_1
 178:simpleserial-glitch.c ****     simpleserial_addcmd(0x01, 5, password);
 548              		.loc 1 178 5 view .LVU134
 549 0062 0521     		movs	r1, #5
 550 0064 074A     		ldr	r2, .L23+8
 551 0066 0120     		movs	r0, #1
 552 0068 FFF7FEFF 		bl	simpleserial_addcmd
 553              	.LVL72:
 179:simpleserial-glitch.c ****     #else
 180:simpleserial-glitch.c ****     simpleserial_addcmd('p', 5, password);
 181:simpleserial-glitch.c ****     #endif
 182:simpleserial-glitch.c ****     simpleserial_addcmd('i', 0, infinite_loop);
 554              		.loc 1 182 5 view .LVU135
 555 006c 0021     		movs	r1, #0
 556 006e 6920     		movs	r0, #105
 557 0070 054A     		ldr	r2, .L23+12
 558 0072 FFF7FEFF 		bl	simpleserial_addcmd
 559              	.LVL73:
 560              	.L22:
 183:simpleserial-glitch.c ****     while(1)
 561              		.loc 1 183 5 view .LVU136
 184:simpleserial-glitch.c ****         simpleserial_get();
 562              		.loc 1 184 9 discriminator 1 view .LVU137
 563 0076 FFF7FEFF 		bl	simpleserial_get
 564              	.LVL74:
 183:simpleserial-glitch.c ****     while(1)
 565              		.loc 1 183 10 view .LVU138
 566 007a FCE7     		b	.L22
 567              	.L24:
 568              		.align	2
 569              	.L23:
 570 007c 00000000 		.word	glitch_loop
 571 0080 00000000 		.word	glitch_comparison
 572 0084 00000000 		.word	password
 573 0088 00000000 		.word	infinite_loop
 574              		.cfi_endproc
 575              	.LFE4:
 577              		.text
 578              	.Letext0:
 579              		.file 2 "/usr/arm-none-eabi/include/machine/_default_types.h"
 580              		.file 3 "/usr/arm-none-eabi/include/sys/_stdint.h"
 581              		.file 4 ".././simpleserial/simpleserial.h"
 582              		.file 5 ".././hal/stm32f0/stm32f0_hal.h"
 583              		.file 6 ".././hal/hal.h"
 584              		.file 7 "<built-in>"
DEFINED SYMBOLS
                            *ABS*:00000000 simpleserial-glitch.c
     /tmp/cc04tMac.s:19     .text.glitch_loop:00000000 $t
     /tmp/cc04tMac.s:25     .text.glitch_loop:00000000 glitch_loop
     /tmp/cc04tMac.s:115    .text.glitch_loop:00000054 $d
     /tmp/cc04tMac.s:120    .text.glitch_comparison:00000000 $t
     /tmp/cc04tMac.s:126    .text.glitch_comparison:00000000 glitch_comparison
     /tmp/cc04tMac.s:187    .text.password:00000000 $t
     /tmp/cc04tMac.s:193    .text.password:00000000 password
     /tmp/cc04tMac.s:289    .text.password:00000054 $d
     /tmp/cc04tMac.s:294    .text.infinite_loop:00000000 $t
     /tmp/cc04tMac.s:300    .text.infinite_loop:00000000 infinite_loop
     /tmp/cc04tMac.s:464    .text.startup.main:00000000 $t
     /tmp/cc04tMac.s:470    .text.startup.main:00000000 main
     /tmp/cc04tMac.s:570    .text.startup.main:0000007c $d

UNDEFINED SYMBOLS
trigger_high
trigger_low
simpleserial_put
memcpy
led_ok
led_error
putch
platform_init
init_uart
trigger_setup
simpleserial_init
simpleserial_addcmd
simpleserial_get
